<?xml version="1.0" encoding="UTF-8"?>
<testsuite xmlns:xsi="http://www.w3.org/2001/XMLSchema-instance" xsi:noNamespaceSchemaLocation="https://maven.apache.org/surefire/maven-surefire-plugin/xsd/surefire-test-report-3.0.xsd" version="3.0" name="codes.rytis.logindemo.controller.HelloControllerTest" time="0.745" tests="6" errors="0" skipped="0" failures="0">
  <properties>
    <property name="java.specification.version" value="17"/>
    <property name="sun.jnu.encoding" value="UTF-8"/>
    <property name="java.class.path" value="/Users/arpitagarwal/Documents/Crio/BDT/spring-security/target/test-classes:/Users/arpitagarwal/Documents/Crio/BDT/spring-security/target/classes:/Users/arpitagarwal/.m2/repository/org/springframework/boot/spring-boot-starter-security/3.1.0/spring-boot-starter-security-3.1.0.jar:/Users/arpitagarwal/.m2/repository/org/springframework/boot/spring-boot-starter/3.1.0/spring-boot-starter-3.1.0.jar:/Users/arpitagarwal/.m2/repository/org/springframework/boot/spring-boot/3.1.0/spring-boot-3.1.0.jar:/Users/arpitagarwal/.m2/repository/org/springframework/boot/spring-boot-autoconfigure/3.1.0/spring-boot-autoconfigure-3.1.0.jar:/Users/arpitagarwal/.m2/repository/org/springframework/boot/spring-boot-starter-logging/3.1.0/spring-boot-starter-logging-3.1.0.jar:/Users/arpitagarwal/.m2/repository/ch/qos/logback/logback-classic/1.4.7/logback-classic-1.4.7.jar:/Users/arpitagarwal/.m2/repository/ch/qos/logback/logback-core/1.4.7/logback-core-1.4.7.jar:/Users/arpitagarwal/.m2/repository/org/apache/logging/log4j/log4j-to-slf4j/2.20.0/log4j-to-slf4j-2.20.0.jar:/Users/arpitagarwal/.m2/repository/org/apache/logging/log4j/log4j-api/2.20.0/log4j-api-2.20.0.jar:/Users/arpitagarwal/.m2/repository/org/slf4j/jul-to-slf4j/2.0.7/jul-to-slf4j-2.0.7.jar:/Users/arpitagarwal/.m2/repository/jakarta/annotation/jakarta.annotation-api/2.1.1/jakarta.annotation-api-2.1.1.jar:/Users/arpitagarwal/.m2/repository/org/yaml/snakeyaml/1.33/snakeyaml-1.33.jar:/Users/arpitagarwal/.m2/repository/org/springframework/spring-aop/6.0.9/spring-aop-6.0.9.jar:/Users/arpitagarwal/.m2/repository/org/springframework/spring-beans/6.0.9/spring-beans-6.0.9.jar:/Users/arpitagarwal/.m2/repository/org/springframework/security/spring-security-config/6.1.0/spring-security-config-6.1.0.jar:/Users/arpitagarwal/.m2/repository/org/springframework/spring-context/6.0.9/spring-context-6.0.9.jar:/Users/arpitagarwal/.m2/repository/org/springframework/security/spring-security-web/6.1.0/spring-security-web-6.1.0.jar:/Users/arpitagarwal/.m2/repository/org/springframework/spring-expression/6.0.9/spring-expression-6.0.9.jar:/Users/arpitagarwal/.m2/repository/org/springframework/boot/spring-boot-starter-web/3.1.0/spring-boot-starter-web-3.1.0.jar:/Users/arpitagarwal/.m2/repository/org/springframework/boot/spring-boot-starter-json/3.1.0/spring-boot-starter-json-3.1.0.jar:/Users/arpitagarwal/.m2/repository/com/fasterxml/jackson/datatype/jackson-datatype-jdk8/2.15.0/jackson-datatype-jdk8-2.15.0.jar:/Users/arpitagarwal/.m2/repository/com/fasterxml/jackson/datatype/jackson-datatype-jsr310/2.15.0/jackson-datatype-jsr310-2.15.0.jar:/Users/arpitagarwal/.m2/repository/com/fasterxml/jackson/module/jackson-module-parameter-names/2.15.0/jackson-module-parameter-names-2.15.0.jar:/Users/arpitagarwal/.m2/repository/org/springframework/boot/spring-boot-starter-tomcat/3.1.0/spring-boot-starter-tomcat-3.1.0.jar:/Users/arpitagarwal/.m2/repository/org/apache/tomcat/embed/tomcat-embed-core/10.1.8/tomcat-embed-core-10.1.8.jar:/Users/arpitagarwal/.m2/repository/org/apache/tomcat/embed/tomcat-embed-el/10.1.8/tomcat-embed-el-10.1.8.jar:/Users/arpitagarwal/.m2/repository/org/apache/tomcat/embed/tomcat-embed-websocket/10.1.8/tomcat-embed-websocket-10.1.8.jar:/Users/arpitagarwal/.m2/repository/org/springframework/spring-web/6.0.9/spring-web-6.0.9.jar:/Users/arpitagarwal/.m2/repository/io/micrometer/micrometer-observation/1.11.0/micrometer-observation-1.11.0.jar:/Users/arpitagarwal/.m2/repository/io/micrometer/micrometer-commons/1.11.0/micrometer-commons-1.11.0.jar:/Users/arpitagarwal/.m2/repository/org/springframework/spring-webmvc/6.0.9/spring-webmvc-6.0.9.jar:/Users/arpitagarwal/.m2/repository/com/auth0/java-jwt/4.2.2/java-jwt-4.2.2.jar:/Users/arpitagarwal/.m2/repository/com/fasterxml/jackson/core/jackson-databind/2.15.0/jackson-databind-2.15.0.jar:/Users/arpitagarwal/.m2/repository/com/fasterxml/jackson/core/jackson-annotations/2.15.0/jackson-annotations-2.15.0.jar:/Users/arpitagarwal/.m2/repository/com/fasterxml/jackson/core/jackson-core/2.15.0/jackson-core-2.15.0.jar:/Users/arpitagarwal/.m2/repository/org/projectlombok/lombok/1.18.30/lombok-1.18.30.jar:/Users/arpitagarwal/.m2/repository/org/springframework/boot/spring-boot-starter-test/3.1.0/spring-boot-starter-test-3.1.0.jar:/Users/arpitagarwal/.m2/repository/org/springframework/boot/spring-boot-test/3.1.0/spring-boot-test-3.1.0.jar:/Users/arpitagarwal/.m2/repository/org/springframework/boot/spring-boot-test-autoconfigure/3.1.0/spring-boot-test-autoconfigure-3.1.0.jar:/Users/arpitagarwal/.m2/repository/com/jayway/jsonpath/json-path/2.8.0/json-path-2.8.0.jar:/Users/arpitagarwal/.m2/repository/org/slf4j/slf4j-api/2.0.7/slf4j-api-2.0.7.jar:/Users/arpitagarwal/.m2/repository/jakarta/xml/bind/jakarta.xml.bind-api/4.0.0/jakarta.xml.bind-api-4.0.0.jar:/Users/arpitagarwal/.m2/repository/jakarta/activation/jakarta.activation-api/2.1.2/jakarta.activation-api-2.1.2.jar:/Users/arpitagarwal/.m2/repository/net/minidev/json-smart/2.4.10/json-smart-2.4.10.jar:/Users/arpitagarwal/.m2/repository/net/minidev/accessors-smart/2.4.9/accessors-smart-2.4.9.jar:/Users/arpitagarwal/.m2/repository/org/ow2/asm/asm/9.3/asm-9.3.jar:/Users/arpitagarwal/.m2/repository/org/assertj/assertj-core/3.24.2/assertj-core-3.24.2.jar:/Users/arpitagarwal/.m2/repository/net/bytebuddy/byte-buddy/1.14.4/byte-buddy-1.14.4.jar:/Users/arpitagarwal/.m2/repository/org/hamcrest/hamcrest/2.2/hamcrest-2.2.jar:/Users/arpitagarwal/.m2/repository/org/junit/jupiter/junit-jupiter/5.9.3/junit-jupiter-5.9.3.jar:/Users/arpitagarwal/.m2/repository/org/junit/jupiter/junit-jupiter-api/5.9.3/junit-jupiter-api-5.9.3.jar:/Users/arpitagarwal/.m2/repository/org/opentest4j/opentest4j/1.2.0/opentest4j-1.2.0.jar:/Users/arpitagarwal/.m2/repository/org/junit/platform/junit-platform-commons/1.9.3/junit-platform-commons-1.9.3.jar:/Users/arpitagarwal/.m2/repository/org/apiguardian/apiguardian-api/1.1.2/apiguardian-api-1.1.2.jar:/Users/arpitagarwal/.m2/repository/org/junit/jupiter/junit-jupiter-params/5.9.3/junit-jupiter-params-5.9.3.jar:/Users/arpitagarwal/.m2/repository/org/junit/jupiter/junit-jupiter-engine/5.9.3/junit-jupiter-engine-5.9.3.jar:/Users/arpitagarwal/.m2/repository/org/junit/platform/junit-platform-engine/1.9.3/junit-platform-engine-1.9.3.jar:/Users/arpitagarwal/.m2/repository/org/mockito/mockito-core/5.3.1/mockito-core-5.3.1.jar:/Users/arpitagarwal/.m2/repository/net/bytebuddy/byte-buddy-agent/1.14.4/byte-buddy-agent-1.14.4.jar:/Users/arpitagarwal/.m2/repository/org/objenesis/objenesis/3.3/objenesis-3.3.jar:/Users/arpitagarwal/.m2/repository/org/mockito/mockito-junit-jupiter/5.3.1/mockito-junit-jupiter-5.3.1.jar:/Users/arpitagarwal/.m2/repository/org/skyscreamer/jsonassert/1.5.1/jsonassert-1.5.1.jar:/Users/arpitagarwal/.m2/repository/com/vaadin/external/google/android-json/0.0.20131108.vaadin1/android-json-0.0.20131108.vaadin1.jar:/Users/arpitagarwal/.m2/repository/org/springframework/spring-core/6.0.9/spring-core-6.0.9.jar:/Users/arpitagarwal/.m2/repository/org/springframework/spring-jcl/6.0.9/spring-jcl-6.0.9.jar:/Users/arpitagarwal/.m2/repository/org/springframework/spring-test/6.0.9/spring-test-6.0.9.jar:/Users/arpitagarwal/.m2/repository/org/xmlunit/xmlunit-core/2.9.1/xmlunit-core-2.9.1.jar:/Users/arpitagarwal/.m2/repository/org/springframework/security/spring-security-test/6.1.0/spring-security-test-6.1.0.jar:/Users/arpitagarwal/.m2/repository/org/springframework/security/spring-security-core/6.1.0/spring-security-core-6.1.0.jar:/Users/arpitagarwal/.m2/repository/org/springframework/security/spring-security-crypto/6.1.0/spring-security-crypto-6.1.0.jar:"/>
    <property name="java.vm.vendor" value="Oracle Corporation"/>
    <property name="sun.arch.data.model" value="64"/>
    <property name="java.vendor.url" value="https://java.oracle.com/"/>
    <property name="catalina.useNaming" value="false"/>
    <property name="user.timezone" value="Asia/Kolkata"/>
    <property name="os.name" value="Mac OS X"/>
    <property name="java.vm.specification.version" value="17"/>
    <property name="sun.java.launcher" value="SUN_STANDARD"/>
    <property name="user.country" value="IN"/>
    <property name="sun.boot.library.path" value="/Library/Java/JavaVirtualMachines/jdk-17.jdk/Contents/Home/lib"/>
    <property name="sun.java.command" value="/Users/arpitagarwal/Documents/Crio/BDT/spring-security/target/surefire/surefirebooter-20250526150838805_3.jar /Users/arpitagarwal/Documents/Crio/BDT/spring-security/target/surefire 2025-05-26T15-08-38_693-jvmRun1 surefire-20250526150838805_1tmp surefire_0-20250526150838805_2tmp"/>
    <property name="http.nonProxyHosts" value="local|*.local|169.254/16|*.169.254/16"/>
    <property name="jdk.debug" value="release"/>
    <property name="surefire.test.class.path" value="/Users/arpitagarwal/Documents/Crio/BDT/spring-security/target/test-classes:/Users/arpitagarwal/Documents/Crio/BDT/spring-security/target/classes:/Users/arpitagarwal/.m2/repository/org/springframework/boot/spring-boot-starter-security/3.1.0/spring-boot-starter-security-3.1.0.jar:/Users/arpitagarwal/.m2/repository/org/springframework/boot/spring-boot-starter/3.1.0/spring-boot-starter-3.1.0.jar:/Users/arpitagarwal/.m2/repository/org/springframework/boot/spring-boot/3.1.0/spring-boot-3.1.0.jar:/Users/arpitagarwal/.m2/repository/org/springframework/boot/spring-boot-autoconfigure/3.1.0/spring-boot-autoconfigure-3.1.0.jar:/Users/arpitagarwal/.m2/repository/org/springframework/boot/spring-boot-starter-logging/3.1.0/spring-boot-starter-logging-3.1.0.jar:/Users/arpitagarwal/.m2/repository/ch/qos/logback/logback-classic/1.4.7/logback-classic-1.4.7.jar:/Users/arpitagarwal/.m2/repository/ch/qos/logback/logback-core/1.4.7/logback-core-1.4.7.jar:/Users/arpitagarwal/.m2/repository/org/apache/logging/log4j/log4j-to-slf4j/2.20.0/log4j-to-slf4j-2.20.0.jar:/Users/arpitagarwal/.m2/repository/org/apache/logging/log4j/log4j-api/2.20.0/log4j-api-2.20.0.jar:/Users/arpitagarwal/.m2/repository/org/slf4j/jul-to-slf4j/2.0.7/jul-to-slf4j-2.0.7.jar:/Users/arpitagarwal/.m2/repository/jakarta/annotation/jakarta.annotation-api/2.1.1/jakarta.annotation-api-2.1.1.jar:/Users/arpitagarwal/.m2/repository/org/yaml/snakeyaml/1.33/snakeyaml-1.33.jar:/Users/arpitagarwal/.m2/repository/org/springframework/spring-aop/6.0.9/spring-aop-6.0.9.jar:/Users/arpitagarwal/.m2/repository/org/springframework/spring-beans/6.0.9/spring-beans-6.0.9.jar:/Users/arpitagarwal/.m2/repository/org/springframework/security/spring-security-config/6.1.0/spring-security-config-6.1.0.jar:/Users/arpitagarwal/.m2/repository/org/springframework/spring-context/6.0.9/spring-context-6.0.9.jar:/Users/arpitagarwal/.m2/repository/org/springframework/security/spring-security-web/6.1.0/spring-security-web-6.1.0.jar:/Users/arpitagarwal/.m2/repository/org/springframework/spring-expression/6.0.9/spring-expression-6.0.9.jar:/Users/arpitagarwal/.m2/repository/org/springframework/boot/spring-boot-starter-web/3.1.0/spring-boot-starter-web-3.1.0.jar:/Users/arpitagarwal/.m2/repository/org/springframework/boot/spring-boot-starter-json/3.1.0/spring-boot-starter-json-3.1.0.jar:/Users/arpitagarwal/.m2/repository/com/fasterxml/jackson/datatype/jackson-datatype-jdk8/2.15.0/jackson-datatype-jdk8-2.15.0.jar:/Users/arpitagarwal/.m2/repository/com/fasterxml/jackson/datatype/jackson-datatype-jsr310/2.15.0/jackson-datatype-jsr310-2.15.0.jar:/Users/arpitagarwal/.m2/repository/com/fasterxml/jackson/module/jackson-module-parameter-names/2.15.0/jackson-module-parameter-names-2.15.0.jar:/Users/arpitagarwal/.m2/repository/org/springframework/boot/spring-boot-starter-tomcat/3.1.0/spring-boot-starter-tomcat-3.1.0.jar:/Users/arpitagarwal/.m2/repository/org/apache/tomcat/embed/tomcat-embed-core/10.1.8/tomcat-embed-core-10.1.8.jar:/Users/arpitagarwal/.m2/repository/org/apache/tomcat/embed/tomcat-embed-el/10.1.8/tomcat-embed-el-10.1.8.jar:/Users/arpitagarwal/.m2/repository/org/apache/tomcat/embed/tomcat-embed-websocket/10.1.8/tomcat-embed-websocket-10.1.8.jar:/Users/arpitagarwal/.m2/repository/org/springframework/spring-web/6.0.9/spring-web-6.0.9.jar:/Users/arpitagarwal/.m2/repository/io/micrometer/micrometer-observation/1.11.0/micrometer-observation-1.11.0.jar:/Users/arpitagarwal/.m2/repository/io/micrometer/micrometer-commons/1.11.0/micrometer-commons-1.11.0.jar:/Users/arpitagarwal/.m2/repository/org/springframework/spring-webmvc/6.0.9/spring-webmvc-6.0.9.jar:/Users/arpitagarwal/.m2/repository/com/auth0/java-jwt/4.2.2/java-jwt-4.2.2.jar:/Users/arpitagarwal/.m2/repository/com/fasterxml/jackson/core/jackson-databind/2.15.0/jackson-databind-2.15.0.jar:/Users/arpitagarwal/.m2/repository/com/fasterxml/jackson/core/jackson-annotations/2.15.0/jackson-annotations-2.15.0.jar:/Users/arpitagarwal/.m2/repository/com/fasterxml/jackson/core/jackson-core/2.15.0/jackson-core-2.15.0.jar:/Users/arpitagarwal/.m2/repository/org/projectlombok/lombok/1.18.30/lombok-1.18.30.jar:/Users/arpitagarwal/.m2/repository/org/springframework/boot/spring-boot-starter-test/3.1.0/spring-boot-starter-test-3.1.0.jar:/Users/arpitagarwal/.m2/repository/org/springframework/boot/spring-boot-test/3.1.0/spring-boot-test-3.1.0.jar:/Users/arpitagarwal/.m2/repository/org/springframework/boot/spring-boot-test-autoconfigure/3.1.0/spring-boot-test-autoconfigure-3.1.0.jar:/Users/arpitagarwal/.m2/repository/com/jayway/jsonpath/json-path/2.8.0/json-path-2.8.0.jar:/Users/arpitagarwal/.m2/repository/org/slf4j/slf4j-api/2.0.7/slf4j-api-2.0.7.jar:/Users/arpitagarwal/.m2/repository/jakarta/xml/bind/jakarta.xml.bind-api/4.0.0/jakarta.xml.bind-api-4.0.0.jar:/Users/arpitagarwal/.m2/repository/jakarta/activation/jakarta.activation-api/2.1.2/jakarta.activation-api-2.1.2.jar:/Users/arpitagarwal/.m2/repository/net/minidev/json-smart/2.4.10/json-smart-2.4.10.jar:/Users/arpitagarwal/.m2/repository/net/minidev/accessors-smart/2.4.9/accessors-smart-2.4.9.jar:/Users/arpitagarwal/.m2/repository/org/ow2/asm/asm/9.3/asm-9.3.jar:/Users/arpitagarwal/.m2/repository/org/assertj/assertj-core/3.24.2/assertj-core-3.24.2.jar:/Users/arpitagarwal/.m2/repository/net/bytebuddy/byte-buddy/1.14.4/byte-buddy-1.14.4.jar:/Users/arpitagarwal/.m2/repository/org/hamcrest/hamcrest/2.2/hamcrest-2.2.jar:/Users/arpitagarwal/.m2/repository/org/junit/jupiter/junit-jupiter/5.9.3/junit-jupiter-5.9.3.jar:/Users/arpitagarwal/.m2/repository/org/junit/jupiter/junit-jupiter-api/5.9.3/junit-jupiter-api-5.9.3.jar:/Users/arpitagarwal/.m2/repository/org/opentest4j/opentest4j/1.2.0/opentest4j-1.2.0.jar:/Users/arpitagarwal/.m2/repository/org/junit/platform/junit-platform-commons/1.9.3/junit-platform-commons-1.9.3.jar:/Users/arpitagarwal/.m2/repository/org/apiguardian/apiguardian-api/1.1.2/apiguardian-api-1.1.2.jar:/Users/arpitagarwal/.m2/repository/org/junit/jupiter/junit-jupiter-params/5.9.3/junit-jupiter-params-5.9.3.jar:/Users/arpitagarwal/.m2/repository/org/junit/jupiter/junit-jupiter-engine/5.9.3/junit-jupiter-engine-5.9.3.jar:/Users/arpitagarwal/.m2/repository/org/junit/platform/junit-platform-engine/1.9.3/junit-platform-engine-1.9.3.jar:/Users/arpitagarwal/.m2/repository/org/mockito/mockito-core/5.3.1/mockito-core-5.3.1.jar:/Users/arpitagarwal/.m2/repository/net/bytebuddy/byte-buddy-agent/1.14.4/byte-buddy-agent-1.14.4.jar:/Users/arpitagarwal/.m2/repository/org/objenesis/objenesis/3.3/objenesis-3.3.jar:/Users/arpitagarwal/.m2/repository/org/mockito/mockito-junit-jupiter/5.3.1/mockito-junit-jupiter-5.3.1.jar:/Users/arpitagarwal/.m2/repository/org/skyscreamer/jsonassert/1.5.1/jsonassert-1.5.1.jar:/Users/arpitagarwal/.m2/repository/com/vaadin/external/google/android-json/0.0.20131108.vaadin1/android-json-0.0.20131108.vaadin1.jar:/Users/arpitagarwal/.m2/repository/org/springframework/spring-core/6.0.9/spring-core-6.0.9.jar:/Users/arpitagarwal/.m2/repository/org/springframework/spring-jcl/6.0.9/spring-jcl-6.0.9.jar:/Users/arpitagarwal/.m2/repository/org/springframework/spring-test/6.0.9/spring-test-6.0.9.jar:/Users/arpitagarwal/.m2/repository/org/xmlunit/xmlunit-core/2.9.1/xmlunit-core-2.9.1.jar:/Users/arpitagarwal/.m2/repository/org/springframework/security/spring-security-test/6.1.0/spring-security-test-6.1.0.jar:/Users/arpitagarwal/.m2/repository/org/springframework/security/spring-security-core/6.1.0/spring-security-core-6.1.0.jar:/Users/arpitagarwal/.m2/repository/org/springframework/security/spring-security-crypto/6.1.0/spring-security-crypto-6.1.0.jar:"/>
    <property name="sun.cpu.endian" value="little"/>
    <property name="user.home" value="/Users/arpitagarwal"/>
    <property name="user.language" value="en"/>
    <property name="java.specification.vendor" value="Oracle Corporation"/>
    <property name="java.version.date" value="2024-04-16"/>
    <property name="java.home" value="/Library/Java/JavaVirtualMachines/jdk-17.jdk/Contents/Home"/>
    <property name="file.separator" value="/"/>
    <property name="basedir" value="/Users/arpitagarwal/Documents/Crio/BDT/spring-security"/>
    <property name="java.vm.compressedOopsMode" value="Zero based"/>
    <property name="line.separator" value="&#10;"/>
    <property name="java.vm.specification.vendor" value="Oracle Corporation"/>
    <property name="java.specification.name" value="Java Platform API Specification"/>
    <property name="FILE_LOG_CHARSET" value="US-ASCII"/>
    <property name="java.awt.headless" value="true"/>
    <property name="surefire.real.class.path" value="/Users/arpitagarwal/Documents/Crio/BDT/spring-security/target/surefire/surefirebooter-20250526150838805_3.jar"/>
    <property name="sun.management.compiler" value="HotSpot 64-Bit Tiered Compilers"/>
    <property name="ftp.nonProxyHosts" value="local|*.local|169.254/16|*.169.254/16"/>
    <property name="java.runtime.version" value="17.0.11+7-LTS-207"/>
    <property name="user.name" value="arpitagarwal"/>
    <property name="path.separator" value=":"/>
    <property name="os.version" value="15.3.2"/>
    <property name="java.runtime.name" value="Java(TM) SE Runtime Environment"/>
    <property name="file.encoding" value="US-ASCII"/>
    <property name="java.vm.name" value="Java HotSpot(TM) 64-Bit Server VM"/>
    <property name="localRepository" value="/Users/arpitagarwal/.m2/repository"/>
    <property name="java.vendor.url.bug" value="https://bugreport.java.com/bugreport/"/>
    <property name="java.io.tmpdir" value="/var/folders/8x/l6g5rft12cqg76nytjwmzsw40000gn/T/"/>
    <property name="idea.version" value="2024.1"/>
    <property name="catalina.home" value="/private/var/folders/8x/l6g5rft12cqg76nytjwmzsw40000gn/T/tomcat.0.11680164924435095567"/>
    <property name="java.version" value="17.0.11"/>
    <property name="user.dir" value="/Users/arpitagarwal/Documents/Crio/BDT/spring-security"/>
    <property name="os.arch" value="aarch64"/>
    <property name="java.vm.specification.name" value="Java Virtual Machine Specification"/>
    <property name="PID" value="36441"/>
    <property name="CONSOLE_LOG_CHARSET" value="US-ASCII"/>
    <property name="catalina.base" value="/private/var/folders/8x/l6g5rft12cqg76nytjwmzsw40000gn/T/tomcat.0.11680164924435095567"/>
    <property name="native.encoding" value="US-ASCII"/>
    <property name="java.library.path" value="/Users/arpitagarwal/Library/Java/Extensions:/Library/Java/Extensions:/Network/Library/Java/Extensions:/System/Library/Java/Extensions:/usr/lib/java:."/>
    <property name="java.vm.info" value="mixed mode, sharing"/>
    <property name="java.vendor" value="Oracle Corporation"/>
    <property name="java.vm.version" value="17.0.11+7-LTS-207"/>
    <property name="sun.io.unicode.encoding" value="UnicodeBig"/>
    <property name="socksNonProxyHosts" value="local|*.local|169.254/16|*.169.254/16"/>
    <property name="java.class.version" value="61.0"/>
  </properties>
  <testcase name="simpleUser_shouldNotSeeAdmin" classname="codes.rytis.logindemo.controller.HelloControllerTest" time="0.046">
    <system-out><![CDATA[2025-05-26T15:08:42.210+05:30 DEBUG 36441 --- [           main] .b.t.c.SpringBootTestContextBootstrapper : Neither @ContextConfiguration nor @ContextHierarchy found for test class [HelloControllerTest]: using SpringBootContextLoader
2025-05-26T15:08:42.211+05:30 DEBUG 36441 --- [           main] o.s.t.c.support.AbstractContextLoader    : Could not detect default resource locations for test class [codes.rytis.logindemo.controller.HelloControllerTest]: no resource found for suffixes {-context.xml, Context.groovy}.
2025-05-26T15:08:42.211+05:30  INFO 36441 --- [           main] t.c.s.AnnotationConfigContextLoaderUtils : Could not detect default configuration classes for test class [codes.rytis.logindemo.controller.HelloControllerTest]: HelloControllerTest does not declare any static, non-private, non-final, nested classes annotated with @Configuration.
2025-05-26T15:08:42.216+05:30 DEBUG 36441 --- [           main] .b.t.c.SpringBootTestContextBootstrapper : Using ContextCustomizers for test class [HelloControllerTest]: [ImportsContextCustomizer, ExcludeFilterContextCustomizer, DuplicateJsonObjectContextCustomizer, MockitoContextCustomizer, TestRestTemplateContextCustomizer, DisableObservabilityContextCustomizer, PropertyMappingContextCustomizer, Customizer]
2025-05-26T15:08:42.222+05:30 DEBUG 36441 --- [           main] ssPathScanningCandidateComponentProvider : Identified candidate component class: file [/Users/arpitagarwal/Documents/Crio/BDT/spring-security/target/classes/codes/rytis/logindemo/LoginDemoApplication.class]
2025-05-26T15:08:42.222+05:30  INFO 36441 --- [           main] .b.t.c.SpringBootTestContextBootstrapper : Found @SpringBootConfiguration codes.rytis.logindemo.LoginDemoApplication for test class codes.rytis.logindemo.controller.HelloControllerTest
2025-05-26T15:08:42.224+05:30 DEBUG 36441 --- [           main] .s.t.c.u.TestContextSpringFactoriesUtils : Skipping candidate TestExecutionListener [org.springframework.test.context.transaction.TransactionalTestExecutionListener] due to a missing dependency. Specify custom TestExecutionListener classes or make the default TestExecutionListener classes and their required dependencies available. Offending class: [org/springframework/transaction/interceptor/TransactionAttributeSource]
2025-05-26T15:08:42.224+05:30 DEBUG 36441 --- [           main] .s.t.c.u.TestContextSpringFactoriesUtils : Skipping candidate TestExecutionListener [org.springframework.test.context.jdbc.SqlScriptsTestExecutionListener] due to a missing dependency. Specify custom TestExecutionListener classes or make the default TestExecutionListener classes and their required dependencies available. Offending class: [org/springframework/transaction/interceptor/TransactionAttribute]
2025-05-26T15:08:42.225+05:30 DEBUG 36441 --- [           main] .b.t.c.SpringBootTestContextBootstrapper : Using TestExecutionListeners for test class [HelloControllerTest]: [ServletTestExecutionListener, DirtiesContextBeforeModesTestExecutionListener, ApplicationEventsTestExecutionListener, MockitoTestExecutionListener, DependencyInjectionTestExecutionListener, DirtiesContextTestExecutionListener, EventPublishingTestExecutionListener, WithSecurityContextTestExecutionListener, ReactorContextTestExecutionListener, ResetMocksTestExecutionListener, RestDocsTestExecutionListener, MockRestServiceServerResetTestExecutionListener, MockMvcPrintOnlyOnFailureTestExecutionListener, WebDriverTestExecutionListener, MockWebServiceServerTestExecutionListener]
2025-05-26T15:08:42.225+05:30 DEBUG 36441 --- [           main] tractDirtiesContextTestExecutionListener : Before test class: class [HelloControllerTest], class annotated with @DirtiesContext [false] with mode [null]
2025-05-26T15:08:42.225+05:30 DEBUG 36441 --- [           main] DependencyInjectionTestExecutionListener : Performing dependency injection for test class codes.rytis.logindemo.controller.HelloControllerTest
2025-05-26T15:08:42.236+05:30 DEBUG 36441 --- [           main] o.s.boot.env.OriginTrackedYamlLoader     : Loading from YAML: class path resource [application.yaml]
2025-05-26T15:08:42.237+05:30 DEBUG 36441 --- [           main] o.s.boot.env.OriginTrackedYamlLoader     : Merging document (no matchers set): {security={jwt={secret-key=verysecretkeyohsosecretdamnhowlongisthispleasedontusethisinproduction, token-duration=1D}}, logging={level={org.springframework=debug}}}
2025-05-26T15:08:42.239+05:30 DEBUG 36441 --- [           main] o.s.boot.env.OriginTrackedYamlLoader     : Loaded 1 document from YAML resource: class path resource [application.yaml]
2025-05-26T15:08:42.245+05:30 DEBUG 36441 --- [           main] .s.b.w.s.c.ApplicationServletEnvironment : Activating profiles []

  .   ____          _            __ _ _
 /\\ / ___'_ __ _ _(_)_ __  __ _ \ \ \ \
( ( )\___ | '_ | '_| | '_ \/ _` | \ \ \ \
 \\/  ___)| |_)| | | | | || (_| |  ) ) ) )
  '  |____| .__|_| |_|_| |_\__, | / / / /
 =========|_|==============|___/=/_/_/_/
 :: Spring Boot ::                (v3.1.0)

2025-05-26T15:08:42.261+05:30  INFO 36441 --- [           main] c.r.l.controller.HelloControllerTest     : Starting HelloControllerTest using Java 17.0.11 with PID 36441 (started by arpitagarwal in /Users/arpitagarwal/Documents/Crio/BDT/spring-security)
2025-05-26T15:08:42.261+05:30  INFO 36441 --- [           main] c.r.l.controller.HelloControllerTest     : No active profile set, falling back to 1 default profile: "default"
2025-05-26T15:08:42.261+05:30 DEBUG 36441 --- [           main] o.s.boot.SpringApplication               : Loading source class codes.rytis.logindemo.LoginDemoApplication
2025-05-26T15:08:42.263+05:30 DEBUG 36441 --- [           main] ConfigServletWebServerApplicationContext : Refreshing org.springframework.boot.web.servlet.context.AnnotationConfigServletWebServerApplicationContext@77ce88c4
2025-05-26T15:08:42.265+05:30 DEBUG 36441 --- [           main] o.s.b.f.s.DefaultListableBeanFactory     : Creating shared instance of singleton bean 'org.springframework.context.annotation.internalConfigurationAnnotationProcessor'
2025-05-26T15:08:42.265+05:30 DEBUG 36441 --- [           main] o.s.b.f.s.DefaultListableBeanFactory     : Creating shared instance of singleton bean 'org.springframework.boot.autoconfigure.internalCachingMetadataReaderFactory'
2025-05-26T15:08:42.276+05:30 DEBUG 36441 --- [           main] o.s.c.a.ClassPathBeanDefinitionScanner   : Identified candidate component class: file [/Users/arpitagarwal/Documents/Crio/BDT/spring-security/target/classes/codes/rytis/logindemo/controller/AuthController.class]
2025-05-26T15:08:42.276+05:30 DEBUG 36441 --- [           main] o.s.c.a.ClassPathBeanDefinitionScanner   : Identified candidate component class: file [/Users/arpitagarwal/Documents/Crio/BDT/spring-security/target/classes/codes/rytis/logindemo/controller/HelloController.class]
2025-05-26T15:08:42.277+05:30 DEBUG 36441 --- [           main] o.s.c.a.ClassPathBeanDefinitionScanner   : Identified candidate component class: file [/Users/arpitagarwal/Documents/Crio/BDT/spring-security/target/classes/codes/rytis/logindemo/security/CustomUserDetailService.class]
2025-05-26T15:08:42.278+05:30 DEBUG 36441 --- [           main] o.s.c.a.ClassPathBeanDefinitionScanner   : Identified candidate component class: file [/Users/arpitagarwal/Documents/Crio/BDT/spring-security/target/classes/codes/rytis/logindemo/security/JwtAuthenticationFilter.class]
2025-05-26T15:08:42.278+05:30 DEBUG 36441 --- [           main] o.s.c.a.ClassPathBeanDefinitionScanner   : Identified candidate component class: file [/Users/arpitagarwal/Documents/Crio/BDT/spring-security/target/classes/codes/rytis/logindemo/security/JwtDecoder.class]
2025-05-26T15:08:42.279+05:30 DEBUG 36441 --- [           main] o.s.c.a.ClassPathBeanDefinitionScanner   : Identified candidate component class: file [/Users/arpitagarwal/Documents/Crio/BDT/spring-security/target/classes/codes/rytis/logindemo/security/JwtIssuer.class]
2025-05-26T15:08:42.280+05:30 DEBUG 36441 --- [           main] o.s.c.a.ClassPathBeanDefinitionScanner   : Identified candidate component class: file [/Users/arpitagarwal/Documents/Crio/BDT/spring-security/target/classes/codes/rytis/logindemo/security/JwtProperties.class]
2025-05-26T15:08:42.280+05:30 DEBUG 36441 --- [           main] o.s.c.a.ClassPathBeanDefinitionScanner   : Identified candidate component class: file [/Users/arpitagarwal/Documents/Crio/BDT/spring-security/target/classes/codes/rytis/logindemo/security/JwtToPrincipalConverter.class]
2025-05-26T15:08:42.280+05:30 DEBUG 36441 --- [           main] o.s.c.a.ClassPathBeanDefinitionScanner   : Identified candidate component class: file [/Users/arpitagarwal/Documents/Crio/BDT/spring-security/target/classes/codes/rytis/logindemo/security/UnauthorizedHandler.class]
2025-05-26T15:08:42.281+05:30 DEBUG 36441 --- [           main] o.s.c.a.ClassPathBeanDefinitionScanner   : Identified candidate component class: file [/Users/arpitagarwal/Documents/Crio/BDT/spring-security/target/classes/codes/rytis/logindemo/security/WebSecurityConfig.class]
2025-05-26T15:08:42.282+05:30 DEBUG 36441 --- [           main] o.s.c.a.ClassPathBeanDefinitionScanner   : Identified candidate component class: file [/Users/arpitagarwal/Documents/Crio/BDT/spring-security/target/classes/codes/rytis/logindemo/service/AuthService.class]
2025-05-26T15:08:42.282+05:30 DEBUG 36441 --- [           main] o.s.c.a.ClassPathBeanDefinitionScanner   : Identified candidate component class: file [/Users/arpitagarwal/Documents/Crio/BDT/spring-security/target/classes/codes/rytis/logindemo/service/UserService.class]
2025-05-26T15:08:42.385+05:30 DEBUG 36441 --- [           main] o.s.b.f.s.DefaultListableBeanFactory     : Creating shared instance of singleton bean 'org.springframework.boot.test.web.client.TestRestTemplateContextCustomizer$TestRestTemplateRegistrar'
2025-05-26T15:08:42.387+05:30 DEBUG 36441 --- [           main] o.s.b.f.s.DefaultListableBeanFactory     : Creating shared instance of singleton bean 'org.springframework.boot.test.context.ImportsContextCustomizer$ImportsCleanupPostProcessor'
2025-05-26T15:08:42.389+05:30 DEBUG 36441 --- [           main] o.s.b.f.s.DefaultListableBeanFactory     : Creating shared instance of singleton bean 'propertySourcesPlaceholderConfigurer'
2025-05-26T15:08:42.389+05:30 DEBUG 36441 --- [           main] o.s.b.f.s.DefaultListableBeanFactory     : Creating shared instance of singleton bean 'org.springframework.boot.test.mock.mockito.MockitoPostProcessor'
2025-05-26T15:08:42.390+05:30 DEBUG 36441 --- [           main] o.s.b.f.s.DefaultListableBeanFactory     : Creating shared instance of singleton bean 'org.springframework.boot.sql.init.dependency.DatabaseInitializationDependencyConfigurer$DependsOnDatabaseInitializationPostProcessor'
2025-05-26T15:08:42.393+05:30 DEBUG 36441 --- [           main] o.s.b.f.s.DefaultListableBeanFactory     : Creating shared instance of singleton bean 'org.springframework.context.event.internalEventListenerProcessor'
2025-05-26T15:08:42.393+05:30 DEBUG 36441 --- [           main] o.s.b.f.s.DefaultListableBeanFactory     : Creating shared instance of singleton bean 'conversionServicePostProcessor'
2025-05-26T15:08:42.393+05:30 DEBUG 36441 --- [           main] o.s.b.f.s.DefaultListableBeanFactory     : Creating shared instance of singleton bean 'preserveErrorControllerTargetClassPostProcessor'
2025-05-26T15:08:42.393+05:30 DEBUG 36441 --- [           main] o.s.b.f.s.DefaultListableBeanFactory     : Creating shared instance of singleton bean 'forceAutoProxyCreatorToUseClassProxying'
2025-05-26T15:08:42.394+05:30 DEBUG 36441 --- [           main] o.s.b.f.s.DefaultListableBeanFactory     : Creating shared instance of singleton bean 'org.springframework.context.event.internalEventListenerFactory'
2025-05-26T15:08:42.395+05:30 DEBUG 36441 --- [           main] o.s.b.f.s.DefaultListableBeanFactory     : Creating shared instance of singleton bean 'org.springframework.context.annotation.internalAutowiredAnnotationProcessor'
2025-05-26T15:08:42.396+05:30 DEBUG 36441 --- [           main] o.s.b.f.s.DefaultListableBeanFactory     : Creating shared instance of singleton bean 'org.springframework.context.annotation.internalCommonAnnotationProcessor'
2025-05-26T15:08:42.396+05:30 DEBUG 36441 --- [           main] o.s.b.f.s.DefaultListableBeanFactory     : Creating shared instance of singleton bean 'org.springframework.boot.test.mock.mockito.MockitoPostProcessor$SpyPostProcessor'
2025-05-26T15:08:42.397+05:30 DEBUG 36441 --- [           main] o.s.b.f.s.DefaultListableBeanFactory     : Creating shared instance of singleton bean 'org.springframework.boot.context.properties.ConfigurationPropertiesBindingPostProcessor'
2025-05-26T15:08:42.397+05:30 DEBUG 36441 --- [           main] o.s.b.f.s.DefaultListableBeanFactory     : Creating shared instance of singleton bean 'org.springframework.boot.context.internalConfigurationPropertiesBinder'
2025-05-26T15:08:42.398+05:30 DEBUG 36441 --- [           main] o.s.b.f.s.DefaultListableBeanFactory     : Creating shared instance of singleton bean 'org.springframework.aop.config.internalAutoProxyCreator'
2025-05-26T15:08:42.399+05:30 DEBUG 36441 --- [           main] o.s.b.f.s.DefaultListableBeanFactory     : Creating shared instance of singleton bean 'webServerFactoryCustomizerBeanPostProcessor'
2025-05-26T15:08:42.400+05:30 DEBUG 36441 --- [           main] o.s.b.f.s.DefaultListableBeanFactory     : Creating shared instance of singleton bean 'errorPageRegistrarBeanPostProcessor'
2025-05-26T15:08:42.400+05:30 DEBUG 36441 --- [           main] o.s.u.c.s.UiApplicationContextUtils      : Unable to locate ThemeSource with name 'themeSource': using default [org.springframework.ui.context.support.ResourceBundleThemeSource@79cdf2d4]
2025-05-26T15:08:42.401+05:30 DEBUG 36441 --- [           main] o.s.b.f.s.DefaultListableBeanFactory     : Creating shared instance of singleton bean 'tomcatServletWebServerFactory'
2025-05-26T15:08:42.401+05:30 DEBUG 36441 --- [           main] o.s.b.f.s.DefaultListableBeanFactory     : Creating shared instance of singleton bean 'org.springframework.boot.autoconfigure.web.servlet.ServletWebServerFactoryConfiguration$EmbeddedTomcat'
2025-05-26T15:08:42.403+05:30 DEBUG 36441 --- [           main] o.s.b.f.s.DefaultListableBeanFactory     : Creating shared instance of singleton bean 'websocketServletWebServerCustomizer'
2025-05-26T15:08:42.403+05:30 DEBUG 36441 --- [           main] o.s.b.f.s.DefaultListableBeanFactory     : Creating shared instance of singleton bean 'org.springframework.boot.autoconfigure.websocket.servlet.WebSocketServletAutoConfiguration$TomcatWebSocketConfiguration'
2025-05-26T15:08:42.404+05:30 DEBUG 36441 --- [           main] o.s.b.f.s.DefaultListableBeanFactory     : Creating shared instance of singleton bean 'servletWebServerFactoryCustomizer'
2025-05-26T15:08:42.404+05:30 DEBUG 36441 --- [           main] o.s.b.f.s.DefaultListableBeanFactory     : Creating shared instance of singleton bean 'org.springframework.boot.autoconfigure.web.servlet.ServletWebServerFactoryAutoConfiguration'
2025-05-26T15:08:42.404+05:30 DEBUG 36441 --- [           main] o.s.b.f.s.DefaultListableBeanFactory     : Creating shared instance of singleton bean 'server-org.springframework.boot.autoconfigure.web.ServerProperties'
2025-05-26T15:08:42.405+05:30 DEBUG 36441 --- [           main] o.s.b.f.s.DefaultListableBeanFactory     : Creating shared instance of singleton bean 'org.springframework.boot.context.properties.BoundConfigurationProperties'
2025-05-26T15:08:42.409+05:30 DEBUG 36441 --- [           main] o.s.b.f.s.DefaultListableBeanFactory     : Autowiring by type from bean name 'servletWebServerFactoryCustomizer' via factory method to bean named 'server-org.springframework.boot.autoconfigure.web.ServerProperties'
2025-05-26T15:08:42.411+05:30 DEBUG 36441 --- [           main] o.s.b.f.s.DefaultListableBeanFactory     : Creating shared instance of singleton bean 'sslBundleRegistry'
2025-05-26T15:08:42.411+05:30 DEBUG 36441 --- [           main] o.s.b.f.s.DefaultListableBeanFactory     : Creating shared instance of singleton bean 'org.springframework.boot.autoconfigure.ssl.SslAutoConfiguration'
2025-05-26T15:08:42.411+05:30 DEBUG 36441 --- [           main] o.s.b.f.s.DefaultListableBeanFactory     : Creating shared instance of singleton bean 'sslPropertiesSslBundleRegistrar'
2025-05-26T15:08:42.412+05:30 DEBUG 36441 --- [           main] o.s.b.f.s.DefaultListableBeanFactory     : Creating shared instance of singleton bean 'spring.ssl-org.springframework.boot.autoconfigure.ssl.SslProperties'
2025-05-26T15:08:42.413+05:30 DEBUG 36441 --- [           main] o.s.b.f.s.DefaultListableBeanFactory     : Autowiring by type from bean name 'sslPropertiesSslBundleRegistrar' via factory method to bean named 'spring.ssl-org.springframework.boot.autoconfigure.ssl.SslProperties'
2025-05-26T15:08:42.413+05:30 DEBUG 36441 --- [           main] o.s.b.f.s.DefaultListableBeanFactory     : Autowiring by type from bean name 'sslBundleRegistry' via factory method to bean named 'sslPropertiesSslBundleRegistrar'
2025-05-26T15:08:42.413+05:30 DEBUG 36441 --- [           main] o.s.b.f.s.DefaultListableBeanFactory     : Creating shared instance of singleton bean 'tomcatServletWebServerFactoryCustomizer'
2025-05-26T15:08:42.414+05:30 DEBUG 36441 --- [           main] o.s.b.f.s.DefaultListableBeanFactory     : Autowiring by type from bean name 'tomcatServletWebServerFactoryCustomizer' via factory method to bean named 'server-org.springframework.boot.autoconfigure.web.ServerProperties'
2025-05-26T15:08:42.414+05:30 DEBUG 36441 --- [           main] o.s.b.f.s.DefaultListableBeanFactory     : Creating shared instance of singleton bean 'tomcatWebServerFactoryCustomizer'
2025-05-26T15:08:42.414+05:30 DEBUG 36441 --- [           main] o.s.b.f.s.DefaultListableBeanFactory     : Creating shared instance of singleton bean 'org.springframework.boot.autoconfigure.web.embedded.EmbeddedWebServerFactoryCustomizerAutoConfiguration$TomcatWebServerFactoryCustomizerConfiguration'
2025-05-26T15:08:42.415+05:30 DEBUG 36441 --- [           main] o.s.b.f.s.DefaultListableBeanFactory     : Autowiring by type from bean name 'tomcatWebServerFactoryCustomizer' via factory method to bean named 'environment'
2025-05-26T15:08:42.415+05:30 DEBUG 36441 --- [           main] o.s.b.f.s.DefaultListableBeanFactory     : Autowiring by type from bean name 'tomcatWebServerFactoryCustomizer' via factory method to bean named 'server-org.springframework.boot.autoconfigure.web.ServerProperties'
2025-05-26T15:08:42.416+05:30 DEBUG 36441 --- [           main] o.s.b.f.s.DefaultListableBeanFactory     : Creating shared instance of singleton bean 'localeCharsetMappingsCustomizer'
2025-05-26T15:08:42.416+05:30 DEBUG 36441 --- [           main] o.s.b.f.s.DefaultListableBeanFactory     : Creating shared instance of singleton bean 'org.springframework.boot.autoconfigure.web.servlet.HttpEncodingAutoConfiguration'
2025-05-26T15:08:42.416+05:30 DEBUG 36441 --- [           main] o.s.b.f.s.DefaultListableBeanFactory     : Autowiring by type from bean name 'org.springframework.boot.autoconfigure.web.servlet.HttpEncodingAutoConfiguration' via constructor to bean named 'server-org.springframework.boot.autoconfigure.web.ServerProperties'
2025-05-26T15:08:42.431+05:30 DEBUG 36441 --- [           main] o.s.b.f.s.DefaultListableBeanFactory     : Creating shared instance of singleton bean 'errorPageCustomizer'
2025-05-26T15:08:42.431+05:30 DEBUG 36441 --- [           main] o.s.b.f.s.DefaultListableBeanFactory     : Creating shared instance of singleton bean 'org.springframework.boot.autoconfigure.web.servlet.error.ErrorMvcAutoConfiguration'
2025-05-26T15:08:42.431+05:30 DEBUG 36441 --- [           main] o.s.b.f.s.DefaultListableBeanFactory     : Autowiring by type from bean name 'org.springframework.boot.autoconfigure.web.servlet.error.ErrorMvcAutoConfiguration' via constructor to bean named 'server-org.springframework.boot.autoconfigure.web.ServerProperties'
2025-05-26T15:08:42.432+05:30 DEBUG 36441 --- [           main] o.s.b.f.s.DefaultListableBeanFactory     : Creating shared instance of singleton bean 'dispatcherServletRegistration'
2025-05-26T15:08:42.433+05:30 DEBUG 36441 --- [           main] o.s.b.f.s.DefaultListableBeanFactory     : Creating shared instance of singleton bean 'org.springframework.boot.autoconfigure.web.servlet.DispatcherServletAutoConfiguration$DispatcherServletRegistrationConfiguration'
2025-05-26T15:08:42.434+05:30 DEBUG 36441 --- [           main] o.s.b.f.s.DefaultListableBeanFactory     : Creating shared instance of singleton bean 'dispatcherServlet'
2025-05-26T15:08:42.434+05:30 DEBUG 36441 --- [           main] o.s.b.f.s.DefaultListableBeanFactory     : Creating shared instance of singleton bean 'org.springframework.boot.autoconfigure.web.servlet.DispatcherServletAutoConfiguration$DispatcherServletConfiguration'
2025-05-26T15:08:42.434+05:30 DEBUG 36441 --- [           main] o.s.b.f.s.DefaultListableBeanFactory     : Creating shared instance of singleton bean 'spring.mvc-org.springframework.boot.autoconfigure.web.servlet.WebMvcProperties'
2025-05-26T15:08:42.438+05:30 DEBUG 36441 --- [           main] o.s.b.f.s.DefaultListableBeanFactory     : Autowiring by type from bean name 'dispatcherServlet' via factory method to bean named 'spring.mvc-org.springframework.boot.autoconfigure.web.servlet.WebMvcProperties'
2025-05-26T15:08:42.440+05:30 DEBUG 36441 --- [           main] o.s.b.f.s.DefaultListableBeanFactory     : Autowiring by type from bean name 'dispatcherServletRegistration' via factory method to bean named 'dispatcherServlet'
2025-05-26T15:08:42.440+05:30 DEBUG 36441 --- [           main] o.s.b.f.s.DefaultListableBeanFactory     : Autowiring by type from bean name 'dispatcherServletRegistration' via factory method to bean named 'spring.mvc-org.springframework.boot.autoconfigure.web.servlet.WebMvcProperties'
2025-05-26T15:08:42.441+05:30 DEBUG 36441 --- [           main] o.s.b.f.s.DefaultListableBeanFactory     : Creating shared instance of singleton bean 'multipartConfigElement'
2025-05-26T15:08:42.441+05:30 DEBUG 36441 --- [           main] o.s.b.f.s.DefaultListableBeanFactory     : Creating shared instance of singleton bean 'org.springframework.boot.autoconfigure.web.servlet.MultipartAutoConfiguration'
2025-05-26T15:08:42.441+05:30 DEBUG 36441 --- [           main] o.s.b.f.s.DefaultListableBeanFactory     : Creating shared instance of singleton bean 'spring.servlet.multipart-org.springframework.boot.autoconfigure.web.servlet.MultipartProperties'
2025-05-26T15:08:42.444+05:30 DEBUG 36441 --- [           main] o.s.b.f.s.DefaultListableBeanFactory     : Autowiring by type from bean name 'org.springframework.boot.autoconfigure.web.servlet.MultipartAutoConfiguration' via constructor to bean named 'spring.servlet.multipart-org.springframework.boot.autoconfigure.web.servlet.MultipartProperties'
2025-05-26T15:08:42.445+05:30 DEBUG 36441 --- [           main] o.s.b.f.s.DefaultListableBeanFactory     : Autowiring by type from bean name 'errorPageCustomizer' via factory method to bean named 'dispatcherServletRegistration'
2025-05-26T15:08:42.550+05:30 DEBUG 36441 --- [           main] .s.b.w.e.t.TomcatServletWebServerFactory : Code archive: /Users/arpitagarwal/.m2/repository/org/springframework/boot/spring-boot/3.1.0/spring-boot-3.1.0.jar
2025-05-26T15:08:42.550+05:30 DEBUG 36441 --- [           main] .s.b.w.e.t.TomcatServletWebServerFactory : Code archive: /Users/arpitagarwal/.m2/repository/org/springframework/boot/spring-boot/3.1.0/spring-boot-3.1.0.jar
2025-05-26T15:08:42.550+05:30 DEBUG 36441 --- [           main] .s.b.w.e.t.TomcatServletWebServerFactory : None of the document roots [src/main/webapp, public, static] point to a directory and will be ignored.
2025-05-26T15:08:42.576+05:30  INFO 36441 --- [           main] o.s.b.w.embedded.tomcat.TomcatWebServer  : Tomcat initialized with port(s): 0 (http)
2025-05-26T15:08:42.588+05:30  INFO 36441 --- [           main] o.apache.catalina.core.StandardService   : Starting service [Tomcat]
2025-05-26T15:08:42.588+05:30  INFO 36441 --- [           main] o.apache.catalina.core.StandardEngine    : Starting Servlet engine: [Apache Tomcat/10.1.8]
2025-05-26T15:08:42.654+05:30  INFO 36441 --- [           main] o.a.c.c.C.[Tomcat].[localhost].[/]       : Initializing Spring embedded WebApplicationContext
2025-05-26T15:08:42.655+05:30 DEBUG 36441 --- [           main] w.s.c.ServletWebServerApplicationContext : Published root WebApplicationContext as ServletContext attribute with name [org.springframework.web.context.WebApplicationContext.ROOT]
2025-05-26T15:08:42.655+05:30  INFO 36441 --- [           main] w.s.c.ServletWebServerApplicationContext : Root WebApplicationContext: initialization completed in 392 ms
2025-05-26T15:08:42.656+05:30 DEBUG 36441 --- [           main] o.s.b.f.s.DefaultListableBeanFactory     : Creating shared instance of singleton bean 'securityFilterChainRegistration'
2025-05-26T15:08:42.656+05:30 DEBUG 36441 --- [           main] o.s.b.f.s.DefaultListableBeanFactory     : Creating shared instance of singleton bean 'org.springframework.boot.autoconfigure.security.servlet.SecurityFilterAutoConfiguration'
2025-05-26T15:08:42.657+05:30 DEBUG 36441 --- [           main] o.s.b.f.s.DefaultListableBeanFactory     : Creating shared instance of singleton bean 'spring.security-org.springframework.boot.autoconfigure.security.SecurityProperties'
2025-05-26T15:08:42.658+05:30 DEBUG 36441 --- [           main] o.s.b.f.s.DefaultListableBeanFactory     : Autowiring by type from bean name 'securityFilterChainRegistration' via factory method to bean named 'spring.security-org.springframework.boot.autoconfigure.security.SecurityProperties'
2025-05-26T15:08:42.660+05:30 DEBUG 36441 --- [           main] o.s.b.f.s.DefaultListableBeanFactory     : Creating shared instance of singleton bean 'jwtAuthenticationFilter'
2025-05-26T15:08:42.660+05:30 DEBUG 36441 --- [           main] o.s.b.f.s.DefaultListableBeanFactory     : Creating shared instance of singleton bean 'jwtDecoder'
2025-05-26T15:08:42.660+05:30 DEBUG 36441 --- [           main] o.s.b.f.s.DefaultListableBeanFactory     : Creating shared instance of singleton bean 'jwtProperties'
2025-05-26T15:08:42.662+05:30 DEBUG 36441 --- [           main] o.s.b.f.s.DefaultListableBeanFactory     : Autowiring by type from bean name 'jwtDecoder' via constructor to bean named 'jwtProperties'
2025-05-26T15:08:42.662+05:30 DEBUG 36441 --- [           main] o.s.b.f.s.DefaultListableBeanFactory     : Creating shared instance of singleton bean 'jwtToPrincipalConverter'
2025-05-26T15:08:42.662+05:30 DEBUG 36441 --- [           main] o.s.b.f.s.DefaultListableBeanFactory     : Autowiring by type from bean name 'jwtAuthenticationFilter' via constructor to bean named 'jwtDecoder'
2025-05-26T15:08:42.662+05:30 DEBUG 36441 --- [           main] o.s.b.f.s.DefaultListableBeanFactory     : Autowiring by type from bean name 'jwtAuthenticationFilter' via constructor to bean named 'jwtToPrincipalConverter'
2025-05-26T15:08:42.663+05:30 DEBUG 36441 --- [           main] o.s.b.f.s.DefaultListableBeanFactory     : Creating shared instance of singleton bean 'requestContextFilter'
2025-05-26T15:08:42.663+05:30 DEBUG 36441 --- [           main] o.s.b.f.s.DefaultListableBeanFactory     : Creating shared instance of singleton bean 'formContentFilter'
2025-05-26T15:08:42.663+05:30 DEBUG 36441 --- [           main] o.s.b.f.s.DefaultListableBeanFactory     : Creating shared instance of singleton bean 'org.springframework.boot.autoconfigure.web.servlet.WebMvcAutoConfiguration'
2025-05-26T15:08:42.664+05:30 DEBUG 36441 --- [           main] o.s.b.f.s.DefaultListableBeanFactory     : Creating shared instance of singleton bean 'characterEncodingFilter'
2025-05-26T15:08:42.668+05:30 DEBUG 36441 --- [           main] o.s.b.w.s.ServletContextInitializerBeans : Mapping filters: springSecurityFilterChain urls=[/*] order=-100, characterEncodingFilter urls=[/*] order=-2147483648, formContentFilter urls=[/*] order=-9900, requestContextFilter urls=[/*] order=-105, jwtAuthenticationFilter urls=[/*] order=2147483647
2025-05-26T15:08:42.669+05:30 DEBUG 36441 --- [           main] o.s.b.w.s.ServletContextInitializerBeans : Mapping servlets: dispatcherServlet urls=[/]
2025-05-26T15:08:42.687+05:30 DEBUG 36441 --- [           main] o.s.b.w.s.f.OrderedRequestContextFilter  : Filter 'requestContextFilter' configured for use
2025-05-26T15:08:42.690+05:30 DEBUG 36441 --- [           main] s.b.w.s.f.OrderedCharacterEncodingFilter : Filter 'characterEncodingFilter' configured for use
2025-05-26T15:08:42.690+05:30 DEBUG 36441 --- [           main] .DelegatingFilterProxyRegistrationBean$1 : Filter 'springSecurityFilterChain' configured for use
2025-05-26T15:08:42.690+05:30 DEBUG 36441 --- [           main] o.s.b.w.s.f.OrderedFormContentFilter     : Filter 'formContentFilter' configured for use
2025-05-26T15:08:42.695+05:30 DEBUG 36441 --- [           main] o.s.b.f.s.DefaultListableBeanFactory     : Creating shared instance of singleton bean 'loginDemoApplication'
2025-05-26T15:08:42.695+05:30 DEBUG 36441 --- [           main] o.s.b.f.s.DefaultListableBeanFactory     : Creating shared instance of singleton bean 'authController'
2025-05-26T15:08:42.696+05:30 DEBUG 36441 --- [           main] o.s.b.f.s.DefaultListableBeanFactory     : Creating shared instance of singleton bean 'authService'
2025-05-26T15:08:42.696+05:30 DEBUG 36441 --- [           main] o.s.b.f.s.DefaultListableBeanFactory     : Creating shared instance of singleton bean 'jwtIssuer'
2025-05-26T15:08:42.696+05:30 DEBUG 36441 --- [           main] o.s.b.f.s.DefaultListableBeanFactory     : Autowiring by type from bean name 'jwtIssuer' via constructor to bean named 'jwtProperties'
2025-05-26T15:08:42.697+05:30 DEBUG 36441 --- [           main] o.s.b.f.s.DefaultListableBeanFactory     : Creating shared instance of singleton bean 'authenticationManager'
2025-05-26T15:08:42.697+05:30 DEBUG 36441 --- [           main] o.s.b.f.s.DefaultListableBeanFactory     : Creating shared instance of singleton bean 'webSecurityConfig'
2025-05-26T15:08:42.697+05:30 DEBUG 36441 --- [           main] o.s.b.f.s.DefaultListableBeanFactory     : Creating shared instance of singleton bean 'customUserDetailService'
2025-05-26T15:08:42.697+05:30 DEBUG 36441 --- [           main] o.s.b.f.s.DefaultListableBeanFactory     : Creating shared instance of singleton bean 'userService'
2025-05-26T15:08:42.697+05:30 DEBUG 36441 --- [           main] o.s.b.f.s.DefaultListableBeanFactory     : Autowiring by type from bean name 'customUserDetailService' via constructor to bean named 'userService'
2025-05-26T15:08:42.698+05:30 DEBUG 36441 --- [           main] o.s.b.f.s.DefaultListableBeanFactory     : Creating shared instance of singleton bean 'unauthorizedHandler'
2025-05-26T15:08:42.698+05:30 DEBUG 36441 --- [           main] o.s.b.f.s.DefaultListableBeanFactory     : Autowiring by type from bean name 'webSecurityConfig' via constructor to bean named 'jwtAuthenticationFilter'
2025-05-26T15:08:42.698+05:30 DEBUG 36441 --- [           main] o.s.b.f.s.DefaultListableBeanFactory     : Autowiring by type from bean name 'webSecurityConfig' via constructor to bean named 'customUserDetailService'
2025-05-26T15:08:42.698+05:30 DEBUG 36441 --- [           main] o.s.b.f.s.DefaultListableBeanFactory     : Autowiring by type from bean name 'webSecurityConfig' via constructor to bean named 'unauthorizedHandler'
2025-05-26T15:08:42.698+05:30 DEBUG 36441 --- [           main] o.s.b.f.s.DefaultListableBeanFactory     : Creating shared instance of singleton bean 'org.springframework.security.config.annotation.web.configuration.HttpSecurityConfiguration'
2025-05-26T15:08:42.699+05:30 DEBUG 36441 --- [           main] o.s.b.f.s.DefaultListableBeanFactory     : Creating shared instance of singleton bean 'objectPostProcessor'
2025-05-26T15:08:42.699+05:30 DEBUG 36441 --- [           main] o.s.b.f.s.DefaultListableBeanFactory     : Creating shared instance of singleton bean 'org.springframework.security.config.annotation.configuration.ObjectPostProcessorConfiguration'
2025-05-26T15:08:42.699+05:30 DEBUG 36441 --- [           main] o.s.b.f.s.DefaultListableBeanFactory     : Autowiring by type from bean name 'objectPostProcessor' via factory method to bean named 'org.springframework.beans.factory.support.DefaultListableBeanFactory@b55f5b7'
2025-05-26T15:08:42.700+05:30 DEBUG 36441 --- [           main] o.s.b.f.s.DefaultListableBeanFactory     : Creating shared instance of singleton bean 'org.springframework.security.config.annotation.authentication.configuration.AuthenticationConfiguration'
2025-05-26T15:08:42.701+05:30 DEBUG 36441 --- [           main] o.s.b.f.s.DefaultListableBeanFactory     : Creating shared instance of singleton bean 'enableGlobalAuthenticationAutowiredConfigurer'
2025-05-26T15:08:42.701+05:30 DEBUG 36441 --- [           main] o.s.b.f.s.DefaultListableBeanFactory     : Autowiring by type from bean name 'enableGlobalAuthenticationAutowiredConfigurer' via factory method to bean named 'org.springframework.boot.web.servlet.context.AnnotationConfigServletWebServerApplicationContext@77ce88c4'
2025-05-26T15:08:42.701+05:30 DEBUG 36441 --- [           main] o.s.b.f.s.DefaultListableBeanFactory     : Creating shared instance of singleton bean 'initializeUserDetailsBeanManagerConfigurer'
2025-05-26T15:08:42.701+05:30 DEBUG 36441 --- [           main] o.s.b.f.s.DefaultListableBeanFactory     : Autowiring by type from bean name 'initializeUserDetailsBeanManagerConfigurer' via factory method to bean named 'org.springframework.boot.web.servlet.context.AnnotationConfigServletWebServerApplicationContext@77ce88c4'
2025-05-26T15:08:42.701+05:30 DEBUG 36441 --- [           main] o.s.b.f.s.DefaultListableBeanFactory     : Creating shared instance of singleton bean 'initializeAuthenticationProviderBeanManagerConfigurer'
2025-05-26T15:08:42.701+05:30 DEBUG 36441 --- [           main] o.s.b.f.s.DefaultListableBeanFactory     : Autowiring by type from bean name 'initializeAuthenticationProviderBeanManagerConfigurer' via factory method to bean named 'org.springframework.boot.web.servlet.context.AnnotationConfigServletWebServerApplicationContext@77ce88c4'
2025-05-26T15:08:42.702+05:30 DEBUG 36441 --- [           main] o.s.b.f.s.DefaultListableBeanFactory     : Creating shared instance of singleton bean 'mvcContentNegotiationManager'
2025-05-26T15:08:42.702+05:30 DEBUG 36441 --- [           main] o.s.b.f.s.DefaultListableBeanFactory     : Creating shared instance of singleton bean 'org.springframework.boot.autoconfigure.web.servlet.WebMvcAutoConfiguration$EnableWebMvcConfiguration'
2025-05-26T15:08:42.702+05:30 DEBUG 36441 --- [           main] o.s.b.f.s.DefaultListableBeanFactory     : Creating shared instance of singleton bean 'spring.web-org.springframework.boot.autoconfigure.web.WebProperties'
2025-05-26T15:08:42.703+05:30 DEBUG 36441 --- [           main] o.s.b.f.s.DefaultListableBeanFactory     : Autowiring by type from bean name 'org.springframework.boot.autoconfigure.web.servlet.WebMvcAutoConfiguration$EnableWebMvcConfiguration' via constructor to bean named 'spring.mvc-org.springframework.boot.autoconfigure.web.servlet.WebMvcProperties'
2025-05-26T15:08:42.703+05:30 DEBUG 36441 --- [           main] o.s.b.f.s.DefaultListableBeanFactory     : Autowiring by type from bean name 'org.springframework.boot.autoconfigure.web.servlet.WebMvcAutoConfiguration$EnableWebMvcConfiguration' via constructor to bean named 'spring.web-org.springframework.boot.autoconfigure.web.WebProperties'
2025-05-26T15:08:42.703+05:30 DEBUG 36441 --- [           main] o.s.b.f.s.DefaultListableBeanFactory     : Autowiring by type from bean name 'org.springframework.boot.autoconfigure.web.servlet.WebMvcAutoConfiguration$EnableWebMvcConfiguration' via constructor to bean named 'org.springframework.beans.factory.support.DefaultListableBeanFactory@b55f5b7'
2025-05-26T15:08:42.705+05:30 DEBUG 36441 --- [           main] o.s.b.f.s.DefaultListableBeanFactory     : Creating shared instance of singleton bean 'org.springframework.security.config.annotation.web.configuration.WebMvcSecurityConfiguration'
2025-05-26T15:08:42.705+05:30 DEBUG 36441 --- [           main] o.s.b.f.s.DefaultListableBeanFactory     : Creating shared instance of singleton bean 'org.springframework.boot.autoconfigure.web.servlet.WebMvcAutoConfiguration$WebMvcAutoConfigurationAdapter'
2025-05-26T15:08:42.705+05:30 DEBUG 36441 --- [           main] o.s.b.f.s.DefaultListableBeanFactory     : Autowiring by type from bean name 'org.springframework.boot.autoconfigure.web.servlet.WebMvcAutoConfiguration$WebMvcAutoConfigurationAdapter' via constructor to bean named 'spring.web-org.springframework.boot.autoconfigure.web.WebProperties'
2025-05-26T15:08:42.705+05:30 DEBUG 36441 --- [           main] o.s.b.f.s.DefaultListableBeanFactory     : Autowiring by type from bean name 'org.springframework.boot.autoconfigure.web.servlet.WebMvcAutoConfiguration$WebMvcAutoConfigurationAdapter' via constructor to bean named 'spring.mvc-org.springframework.boot.autoconfigure.web.servlet.WebMvcProperties'
2025-05-26T15:08:42.705+05:30 DEBUG 36441 --- [           main] o.s.b.f.s.DefaultListableBeanFactory     : Autowiring by type from bean name 'org.springframework.boot.autoconfigure.web.servlet.WebMvcAutoConfiguration$WebMvcAutoConfigurationAdapter' via constructor to bean named 'org.springframework.beans.factory.support.DefaultListableBeanFactory@b55f5b7'
2025-05-26T15:08:42.706+05:30 DEBUG 36441 --- [           main] o.s.b.f.s.DefaultListableBeanFactory     : Creating shared instance of singleton bean 'authenticationManagerBuilder'
2025-05-26T15:08:42.706+05:30 DEBUG 36441 --- [           main] o.s.b.f.s.DefaultListableBeanFactory     : Autowiring by type from bean name 'authenticationManagerBuilder' via factory method to bean named 'objectPostProcessor'
2025-05-26T15:08:42.706+05:30 DEBUG 36441 --- [           main] o.s.b.f.s.DefaultListableBeanFactory     : Autowiring by type from bean name 'authenticationManagerBuilder' via factory method to bean named 'org.springframework.boot.web.servlet.context.AnnotationConfigServletWebServerApplicationContext@77ce88c4'
2025-05-26T15:08:42.706+05:30 DEBUG 36441 --- [           main] o.s.b.f.s.DefaultListableBeanFactory     : Creating shared instance of singleton bean 'authenticationEventPublisher'
2025-05-26T15:08:42.706+05:30 DEBUG 36441 --- [           main] o.s.b.f.s.DefaultListableBeanFactory     : Creating shared instance of singleton bean 'org.springframework.boot.autoconfigure.security.servlet.SecurityAutoConfiguration'
2025-05-26T15:08:42.707+05:30 DEBUG 36441 --- [           main] o.s.b.f.s.DefaultListableBeanFactory     : Autowiring by type from bean name 'authenticationEventPublisher' via factory method to bean named 'org.springframework.boot.web.servlet.context.AnnotationConfigServletWebServerApplicationContext@77ce88c4'
2025-05-26T15:08:42.709+05:30 DEBUG 36441 --- [           main] o.s.b.f.s.DefaultListableBeanFactory     : Creating shared instance of singleton bean 'passwordEncoder'
2025-05-26T15:08:42.710+05:30 DEBUG 36441 --- [           main] o.s.b.f.s.DefaultListableBeanFactory     : Autowiring by type from bean name 'authenticationManager' via factory method to bean named 'org.springframework.security.config.annotation.web.configuration.HttpSecurityConfiguration.httpSecurity'
2025-05-26T15:08:42.711+05:30 DEBUG 36441 --- [           main] o.s.b.f.s.DefaultListableBeanFactory     : Autowiring by type from bean name 'authService' via constructor to bean named 'jwtIssuer'
2025-05-26T15:08:42.711+05:30 DEBUG 36441 --- [           main] o.s.b.f.s.DefaultListableBeanFactory     : Autowiring by type from bean name 'authService' via constructor to bean named 'authenticationManager'
2025-05-26T15:08:42.711+05:30 DEBUG 36441 --- [           main] o.s.b.f.s.DefaultListableBeanFactory     : Autowiring by type from bean name 'authController' via constructor to bean named 'authService'
2025-05-26T15:08:42.711+05:30 DEBUG 36441 --- [           main] o.s.b.f.s.DefaultListableBeanFactory     : Creating shared instance of singleton bean 'helloController'
2025-05-26T15:08:42.711+05:30 DEBUG 36441 --- [           main] o.s.b.f.s.DefaultListableBeanFactory     : Creating shared instance of singleton bean 'org.springframework.security.config.annotation.web.configuration.WebSecurityConfiguration'
2025-05-26T15:08:42.712+05:30 DEBUG 36441 --- [           main] o.s.b.f.s.DefaultListableBeanFactory     : Creating shared instance of singleton bean 'applicationSecurity'
2025-05-26T15:08:42.713+05:30 DEBUG 36441 --- [           main] o.s.b.f.s.DefaultListableBeanFactory     : Autowiring by type from bean name 'applicationSecurity' via factory method to bean named 'org.springframework.security.config.annotation.web.configuration.HttpSecurityConfiguration.httpSecurity'
2025-05-26T15:08:42.713+05:30 DEBUG 36441 --- [           main] o.s.b.f.s.DefaultListableBeanFactory     : Creating shared instance of singleton bean 'mvcHandlerMappingIntrospector'
2025-05-26T15:08:42.713+05:30 DEBUG 36441 --- [           main] o.s.b.f.s.DefaultListableBeanFactory     : Creating shared instance of singleton bean 'welcomePageHandlerMapping'
2025-05-26T15:08:42.713+05:30 DEBUG 36441 --- [           main] o.s.b.f.s.DefaultListableBeanFactory     : Creating shared instance of singleton bean 'mvcConversionService'
2025-05-26T15:08:42.715+05:30 DEBUG 36441 --- [           main] o.s.b.f.s.DefaultListableBeanFactory     : Creating shared instance of singleton bean 'mvcResourceUrlProvider'
2025-05-26T15:08:42.715+05:30 DEBUG 36441 --- [           main] o.s.b.f.s.DefaultListableBeanFactory     : Autowiring by type from bean name 'welcomePageHandlerMapping' via factory method to bean named 'org.springframework.boot.web.servlet.context.AnnotationConfigServletWebServerApplicationContext@77ce88c4'
2025-05-26T15:08:42.715+05:30 DEBUG 36441 --- [           main] o.s.b.f.s.DefaultListableBeanFactory     : Autowiring by type from bean name 'welcomePageHandlerMapping' via factory method to bean named 'mvcConversionService'
2025-05-26T15:08:42.715+05:30 DEBUG 36441 --- [           main] o.s.b.f.s.DefaultListableBeanFactory     : Autowiring by type from bean name 'welcomePageHandlerMapping' via factory method to bean named 'mvcResourceUrlProvider'
2025-05-26T15:08:42.717+05:30 DEBUG 36441 --- [           main] o.s.b.f.s.DefaultListableBeanFactory     : Creating shared instance of singleton bean 'welcomePageNotAcceptableHandlerMapping'
2025-05-26T15:08:42.717+05:30 DEBUG 36441 --- [           main] o.s.b.f.s.DefaultListableBeanFactory     : Autowiring by type from bean name 'welcomePageNotAcceptableHandlerMapping' via factory method to bean named 'org.springframework.boot.web.servlet.context.AnnotationConfigServletWebServerApplicationContext@77ce88c4'
2025-05-26T15:08:42.717+05:30 DEBUG 36441 --- [           main] o.s.b.f.s.DefaultListableBeanFactory     : Autowiring by type from bean name 'welcomePageNotAcceptableHandlerMapping' via factory method to bean named 'mvcConversionService'
2025-05-26T15:08:42.717+05:30 DEBUG 36441 --- [           main] o.s.b.f.s.DefaultListableBeanFactory     : Autowiring by type from bean name 'welcomePageNotAcceptableHandlerMapping' via factory method to bean named 'mvcResourceUrlProvider'
2025-05-26T15:08:42.718+05:30 DEBUG 36441 --- [           main] o.s.b.f.s.DefaultListableBeanFactory     : Creating shared instance of singleton bean 'requestMappingHandlerMapping'
2025-05-26T15:08:42.718+05:30 DEBUG 36441 --- [           main] o.s.b.f.s.DefaultListableBeanFactory     : Autowiring by type from bean name 'requestMappingHandlerMapping' via factory method to bean named 'mvcContentNegotiationManager'
2025-05-26T15:08:42.718+05:30 DEBUG 36441 --- [           main] o.s.b.f.s.DefaultListableBeanFactory     : Autowiring by type from bean name 'requestMappingHandlerMapping' via factory method to bean named 'mvcConversionService'
2025-05-26T15:08:42.718+05:30 DEBUG 36441 --- [           main] o.s.b.f.s.DefaultListableBeanFactory     : Autowiring by type from bean name 'requestMappingHandlerMapping' via factory method to bean named 'mvcResourceUrlProvider'
2025-05-26T15:08:42.722+05:30 DEBUG 36441 --- [           main] s.w.s.m.m.a.RequestMappingHandlerMapping : 7 mappings in 'requestMappingHandlerMapping'
2025-05-26T15:08:42.722+05:30 DEBUG 36441 --- [           main] o.s.b.f.s.DefaultListableBeanFactory     : Creating shared instance of singleton bean 'viewControllerHandlerMapping'
2025-05-26T15:08:42.722+05:30 DEBUG 36441 --- [           main] o.s.b.f.s.DefaultListableBeanFactory     : Autowiring by type from bean name 'viewControllerHandlerMapping' via factory method to bean named 'mvcConversionService'
2025-05-26T15:08:42.722+05:30 DEBUG 36441 --- [           main] o.s.b.f.s.DefaultListableBeanFactory     : Autowiring by type from bean name 'viewControllerHandlerMapping' via factory method to bean named 'mvcResourceUrlProvider'
2025-05-26T15:08:42.722+05:30 DEBUG 36441 --- [           main] o.s.b.f.s.DefaultListableBeanFactory     : Creating shared instance of singleton bean 'beanNameHandlerMapping'
2025-05-26T15:08:42.723+05:30 DEBUG 36441 --- [           main] o.s.b.f.s.DefaultListableBeanFactory     : Autowiring by type from bean name 'beanNameHandlerMapping' via factory method to bean named 'mvcConversionService'
2025-05-26T15:08:42.723+05:30 DEBUG 36441 --- [           main] o.s.b.f.s.DefaultListableBeanFactory     : Autowiring by type from bean name 'beanNameHandlerMapping' via factory method to bean named 'mvcResourceUrlProvider'
2025-05-26T15:08:42.723+05:30 DEBUG 36441 --- [           main] o.s.b.f.s.DefaultListableBeanFactory     : Creating shared instance of singleton bean 'routerFunctionMapping'
2025-05-26T15:08:42.724+05:30 DEBUG 36441 --- [           main] o.s.b.f.s.DefaultListableBeanFactory     : Autowiring by type from bean name 'routerFunctionMapping' via factory method to bean named 'mvcConversionService'
2025-05-26T15:08:42.724+05:30 DEBUG 36441 --- [           main] o.s.b.f.s.DefaultListableBeanFactory     : Autowiring by type from bean name 'routerFunctionMapping' via factory method to bean named 'mvcResourceUrlProvider'
2025-05-26T15:08:42.724+05:30 DEBUG 36441 --- [           main] o.s.b.f.s.DefaultListableBeanFactory     : Creating shared instance of singleton bean 'messageConverters'
2025-05-26T15:08:42.724+05:30 DEBUG 36441 --- [           main] o.s.b.f.s.DefaultListableBeanFactory     : Creating shared instance of singleton bean 'org.springframework.boot.autoconfigure.http.HttpMessageConvertersAutoConfiguration'
2025-05-26T15:08:42.724+05:30 DEBUG 36441 --- [           main] o.s.b.f.s.DefaultListableBeanFactory     : Creating shared instance of singleton bean 'stringHttpMessageConverter'
2025-05-26T15:08:42.724+05:30 DEBUG 36441 --- [           main] o.s.b.f.s.DefaultListableBeanFactory     : Creating shared instance of singleton bean 'org.springframework.boot.autoconfigure.http.HttpMessageConvertersAutoConfiguration$StringHttpMessageConverterConfiguration'
2025-05-26T15:08:42.725+05:30 DEBUG 36441 --- [           main] o.s.b.f.s.DefaultListableBeanFactory     : Autowiring by type from bean name 'stringHttpMessageConverter' via factory method to bean named 'environment'
2025-05-26T15:08:42.726+05:30 DEBUG 36441 --- [           main] o.s.b.f.s.DefaultListableBeanFactory     : Creating shared instance of singleton bean 'mappingJackson2HttpMessageConverter'
2025-05-26T15:08:42.726+05:30 DEBUG 36441 --- [           main] o.s.b.f.s.DefaultListableBeanFactory     : Creating shared instance of singleton bean 'org.springframework.boot.autoconfigure.http.JacksonHttpMessageConvertersConfiguration$MappingJackson2HttpMessageConverterConfiguration'
2025-05-26T15:08:42.726+05:30 DEBUG 36441 --- [           main] o.s.b.f.s.DefaultListableBeanFactory     : Creating shared instance of singleton bean 'jacksonObjectMapper'
2025-05-26T15:08:42.726+05:30 DEBUG 36441 --- [           main] o.s.b.f.s.DefaultListableBeanFactory     : Creating shared instance of singleton bean 'org.springframework.boot.autoconfigure.jackson.JacksonAutoConfiguration$JacksonObjectMapperConfiguration'
2025-05-26T15:08:42.726+05:30 DEBUG 36441 --- [           main] o.s.b.f.s.DefaultListableBeanFactory     : Creating shared instance of singleton bean 'org.springframework.boot.autoconfigure.jackson.JacksonAutoConfiguration$JacksonObjectMapperBuilderConfiguration'
2025-05-26T15:08:42.727+05:30 DEBUG 36441 --- [           main] o.s.b.f.s.DefaultListableBeanFactory     : Creating shared instance of singleton bean 'standardJacksonObjectMapperBuilderCustomizer'
2025-05-26T15:08:42.727+05:30 DEBUG 36441 --- [           main] o.s.b.f.s.DefaultListableBeanFactory     : Creating shared instance of singleton bean 'org.springframework.boot.autoconfigure.jackson.JacksonAutoConfiguration$Jackson2ObjectMapperBuilderCustomizerConfiguration'
2025-05-26T15:08:42.727+05:30 DEBUG 36441 --- [           main] o.s.b.f.s.DefaultListableBeanFactory     : Creating shared instance of singleton bean 'spring.jackson-org.springframework.boot.autoconfigure.jackson.JacksonProperties'
2025-05-26T15:08:42.729+05:30 DEBUG 36441 --- [           main] o.s.b.f.s.DefaultListableBeanFactory     : Autowiring by type from bean name 'standardJacksonObjectMapperBuilderCustomizer' via factory method to bean named 'spring.jackson-org.springframework.boot.autoconfigure.jackson.JacksonProperties'
2025-05-26T15:08:42.729+05:30 DEBUG 36441 --- [           main] o.s.b.f.s.DefaultListableBeanFactory     : Creating shared instance of singleton bean 'parameterNamesModule'
2025-05-26T15:08:42.729+05:30 DEBUG 36441 --- [           main] o.s.b.f.s.DefaultListableBeanFactory     : Creating shared instance of singleton bean 'org.springframework.boot.autoconfigure.jackson.JacksonAutoConfiguration$ParameterNamesModuleConfiguration'
2025-05-26T15:08:42.729+05:30 DEBUG 36441 --- [           main] o.s.b.f.s.DefaultListableBeanFactory     : Creating shared instance of singleton bean 'jsonMixinModule'
2025-05-26T15:08:42.729+05:30 DEBUG 36441 --- [           main] o.s.b.f.s.DefaultListableBeanFactory     : Creating shared instance of singleton bean 'org.springframework.boot.autoconfigure.jackson.JacksonAutoConfiguration$JacksonMixinConfiguration'
2025-05-26T15:08:42.729+05:30 DEBUG 36441 --- [           main] o.s.b.f.s.DefaultListableBeanFactory     : Creating shared instance of singleton bean 'jsonMixinModuleEntries'
2025-05-26T15:08:42.729+05:30 DEBUG 36441 --- [           main] o.s.b.f.s.DefaultListableBeanFactory     : Autowiring by type from bean name 'jsonMixinModuleEntries' via factory method to bean named 'org.springframework.boot.web.servlet.context.AnnotationConfigServletWebServerApplicationContext@77ce88c4'
2025-05-26T15:08:42.729+05:30 DEBUG 36441 --- [           main] o.s.b.f.s.DefaultListableBeanFactory     : Creating shared instance of singleton bean 'org.springframework.boot.autoconfigure.AutoConfigurationPackages'
2025-05-26T15:08:42.730+05:30 DEBUG 36441 --- [           main] o.s.b.a.AutoConfigurationPackages        : @EnableAutoConfiguration was declared on a class in the package 'codes.rytis.logindemo'. Automatic @Repository and @Entity scanning is enabled.
2025-05-26T15:08:42.733+05:30 DEBUG 36441 --- [           main] o.s.b.f.s.DefaultListableBeanFactory     : Autowiring by type from bean name 'jsonMixinModule' via factory method to bean named 'org.springframework.boot.web.servlet.context.AnnotationConfigServletWebServerApplicationContext@77ce88c4'
2025-05-26T15:08:42.733+05:30 DEBUG 36441 --- [           main] o.s.b.f.s.DefaultListableBeanFactory     : Autowiring by type from bean name 'jsonMixinModule' via factory method to bean named 'jsonMixinModuleEntries'
2025-05-26T15:08:42.733+05:30 DEBUG 36441 --- [           main] o.s.b.f.s.DefaultListableBeanFactory     : Creating shared instance of singleton bean 'jsonComponentModule'
2025-05-26T15:08:42.733+05:30 DEBUG 36441 --- [           main] o.s.b.f.s.DefaultListableBeanFactory     : Creating shared instance of singleton bean 'org.springframework.boot.autoconfigure.jackson.JacksonAutoConfiguration'
2025-05-26T15:08:42.735+05:30 DEBUG 36441 --- [           main] o.s.b.f.s.DefaultListableBeanFactory     : Autowiring by type from bean name 'jacksonObjectMapperBuilder' via factory method to bean named 'org.springframework.boot.web.servlet.context.AnnotationConfigServletWebServerApplicationContext@77ce88c4'
2025-05-26T15:08:42.735+05:30 DEBUG 36441 --- [           main] o.s.b.f.s.DefaultListableBeanFactory     : Autowiring by type from bean name 'jacksonObjectMapperBuilder' via factory method to bean named 'standardJacksonObjectMapperBuilderCustomizer'
2025-05-26T15:08:42.735+05:30 DEBUG 36441 --- [           main] o.s.b.f.s.DefaultListableBeanFactory     : Autowiring by type from bean name 'jacksonObjectMapper' via factory method to bean named 'jacksonObjectMapperBuilder'
2025-05-26T15:08:42.735+05:30 DEBUG 36441 --- [           main] o.s.b.f.s.DefaultListableBeanFactory     : Autowiring by type from bean name 'mappingJackson2HttpMessageConverter' via factory method to bean named 'jacksonObjectMapper'
2025-05-26T15:08:42.737+05:30 DEBUG 36441 --- [           main] o.s.b.f.s.DefaultListableBeanFactory     : Creating shared instance of singleton bean 'resourceHandlerMapping'
2025-05-26T15:08:42.737+05:30 DEBUG 36441 --- [           main] o.s.b.f.s.DefaultListableBeanFactory     : Autowiring by type from bean name 'resourceHandlerMapping' via factory method to bean named 'mvcContentNegotiationManager'
2025-05-26T15:08:42.737+05:30 DEBUG 36441 --- [           main] o.s.b.f.s.DefaultListableBeanFactory     : Autowiring by type from bean name 'resourceHandlerMapping' via factory method to bean named 'mvcConversionService'
2025-05-26T15:08:42.737+05:30 DEBUG 36441 --- [           main] o.s.b.f.s.DefaultListableBeanFactory     : Autowiring by type from bean name 'resourceHandlerMapping' via factory method to bean named 'mvcResourceUrlProvider'
2025-05-26T15:08:42.738+05:30 DEBUG 36441 --- [           main] o.s.w.s.handler.SimpleUrlHandlerMapping  : Patterns [/webjars/**, /**] in 'resourceHandlerMapping'
2025-05-26T15:08:42.738+05:30 DEBUG 36441 --- [           main] o.s.b.f.s.DefaultListableBeanFactory     : Creating shared instance of singleton bean 'defaultServletHandlerMapping'
2025-05-26T15:08:42.740+05:30  INFO 36441 --- [           main] o.s.s.web.DefaultSecurityFilterChain     : Will secure Or [Mvc [pattern='/**']] with [org.springframework.security.web.session.DisableEncodeUrlFilter@3514ac7d, org.springframework.security.web.context.request.async.WebAsyncManagerIntegrationFilter@79c4f23b, org.springframework.security.web.context.SecurityContextHolderFilter@35454c7a, org.springframework.security.web.header.HeaderWriterFilter@67c0c90b, org.springframework.security.web.authentication.logout.LogoutFilter@2b9d4b0, codes.rytis.logindemo.security.JwtAuthenticationFilter@3a4f8e8a, org.springframework.security.web.savedrequest.RequestCacheAwareFilter@50f3ba6a, org.springframework.security.web.servletapi.SecurityContextHolderAwareRequestFilter@319aa9ee, org.springframework.security.web.authentication.AnonymousAuthenticationFilter@160c7c42, org.springframework.security.web.session.SessionManagementFilter@8549c5f, org.springframework.security.web.access.ExceptionTranslationFilter@1a0ffb9b, org.springframework.security.web.access.intercept.AuthorizationFilter@2be50bba]
2025-05-26T15:08:42.741+05:30 DEBUG 36441 --- [           main] o.s.b.f.s.DefaultListableBeanFactory     : Creating shared instance of singleton bean 'delegatingApplicationListener'
2025-05-26T15:08:42.741+05:30 DEBUG 36441 --- [           main] o.s.b.f.s.DefaultListableBeanFactory     : Creating shared instance of singleton bean 'springSecurityFilterChain'
2025-05-26T15:08:42.741+05:30 DEBUG 36441 --- [           main] o.s.b.f.s.DefaultListableBeanFactory     : Creating shared instance of singleton bean 'webSecurityExpressionHandler'
2025-05-26T15:08:42.742+05:30 DEBUG 36441 --- [           main] o.s.b.f.s.DefaultListableBeanFactory     : Creating shared instance of singleton bean 'privilegeEvaluator'
2025-05-26T15:08:42.742+05:30 DEBUG 36441 --- [           main] o.s.b.f.s.DefaultListableBeanFactory     : Creating shared instance of singleton bean 'requestDataValueProcessor'
2025-05-26T15:08:42.742+05:30 DEBUG 36441 --- [           main] o.s.b.f.s.DefaultListableBeanFactory     : Creating shared instance of singleton bean 'org.springframework.boot.autoconfigure.context.PropertyPlaceholderAutoConfiguration'
2025-05-26T15:08:42.742+05:30 DEBUG 36441 --- [           main] o.s.b.f.s.DefaultListableBeanFactory     : Creating shared instance of singleton bean 'org.springframework.boot.context.properties.EnableConfigurationPropertiesRegistrar.methodValidationExcludeFilter'
2025-05-26T15:08:42.742+05:30 DEBUG 36441 --- [           main] o.s.b.f.s.DefaultListableBeanFactory     : Creating shared instance of singleton bean 'org.springframework.boot.autoconfigure.websocket.servlet.WebSocketServletAutoConfiguration'
2025-05-26T15:08:42.742+05:30 DEBUG 36441 --- [           main] o.s.b.f.s.DefaultListableBeanFactory     : Creating shared instance of singleton bean 'org.springframework.boot.autoconfigure.web.servlet.DispatcherServletAutoConfiguration'
2025-05-26T15:08:42.743+05:30 DEBUG 36441 --- [           main] o.s.b.f.s.DefaultListableBeanFactory     : Creating shared instance of singleton bean 'org.springframework.boot.autoconfigure.task.TaskExecutionAutoConfiguration'
2025-05-26T15:08:42.743+05:30 DEBUG 36441 --- [           main] o.s.b.f.s.DefaultListableBeanFactory     : Creating shared instance of singleton bean 'taskExecutorBuilder'
2025-05-26T15:08:42.743+05:30 DEBUG 36441 --- [           main] o.s.b.f.s.DefaultListableBeanFactory     : Creating shared instance of singleton bean 'spring.task.execution-org.springframework.boot.autoconfigure.task.TaskExecutionProperties'
2025-05-26T15:08:42.744+05:30 DEBUG 36441 --- [           main] o.s.b.f.s.DefaultListableBeanFactory     : Autowiring by type from bean name 'taskExecutorBuilder' via factory method to bean named 'spring.task.execution-org.springframework.boot.autoconfigure.task.TaskExecutionProperties'
2025-05-26T15:08:42.744+05:30 DEBUG 36441 --- [           main] o.s.b.f.s.DefaultListableBeanFactory     : Creating shared instance of singleton bean 'org.springframework.boot.autoconfigure.web.servlet.error.ErrorMvcAutoConfiguration$WhitelabelErrorViewConfiguration'
2025-05-26T15:08:42.744+05:30 DEBUG 36441 --- [           main] o.s.b.f.s.DefaultListableBeanFactory     : Creating shared instance of singleton bean 'error'
2025-05-26T15:08:42.745+05:30 DEBUG 36441 --- [           main] o.s.b.f.s.DefaultListableBeanFactory     : Creating shared instance of singleton bean 'beanNameViewResolver'
2025-05-26T15:08:42.745+05:30 DEBUG 36441 --- [           main] o.s.b.f.s.DefaultListableBeanFactory     : Creating shared instance of singleton bean 'org.springframework.boot.autoconfigure.web.servlet.error.ErrorMvcAutoConfiguration$DefaultErrorViewResolverConfiguration'
2025-05-26T15:08:42.745+05:30 DEBUG 36441 --- [           main] o.s.b.f.s.DefaultListableBeanFactory     : Autowiring by type from bean name 'org.springframework.boot.autoconfigure.web.servlet.error.ErrorMvcAutoConfiguration$DefaultErrorViewResolverConfiguration' via constructor to bean named 'org.springframework.boot.web.servlet.context.AnnotationConfigServletWebServerApplicationContext@77ce88c4'
2025-05-26T15:08:42.745+05:30 DEBUG 36441 --- [           main] o.s.b.f.s.DefaultListableBeanFactory     : Autowiring by type from bean name 'org.springframework.boot.autoconfigure.web.servlet.error.ErrorMvcAutoConfiguration$DefaultErrorViewResolverConfiguration' via constructor to bean named 'spring.web-org.springframework.boot.autoconfigure.web.WebProperties'
2025-05-26T15:08:42.745+05:30 DEBUG 36441 --- [           main] o.s.b.f.s.DefaultListableBeanFactory     : Creating shared instance of singleton bean 'conventionErrorViewResolver'
2025-05-26T15:08:42.745+05:30 DEBUG 36441 --- [           main] o.s.b.f.s.DefaultListableBeanFactory     : Creating shared instance of singleton bean 'errorAttributes'
2025-05-26T15:08:42.745+05:30 DEBUG 36441 --- [           main] o.s.b.f.s.DefaultListableBeanFactory     : Creating shared instance of singleton bean 'basicErrorController'
2025-05-26T15:08:42.746+05:30 DEBUG 36441 --- [           main] o.s.b.f.s.DefaultListableBeanFactory     : Autowiring by type from bean name 'basicErrorController' via factory method to bean named 'errorAttributes'
2025-05-26T15:08:42.746+05:30 DEBUG 36441 --- [           main] o.s.b.f.s.DefaultListableBeanFactory     : Creating shared instance of singleton bean 'requestMappingHandlerAdapter'
2025-05-26T15:08:42.747+05:30 DEBUG 36441 --- [           main] o.s.b.f.s.DefaultListableBeanFactory     : Creating shared instance of singleton bean 'mvcValidator'
2025-05-26T15:08:42.747+05:30 DEBUG 36441 --- [           main] o.s.b.f.s.DefaultListableBeanFactory     : Autowiring by type from bean name 'requestMappingHandlerAdapter' via factory method to bean named 'mvcContentNegotiationManager'
2025-05-26T15:08:42.747+05:30 DEBUG 36441 --- [           main] o.s.b.f.s.DefaultListableBeanFactory     : Autowiring by type from bean name 'requestMappingHandlerAdapter' via factory method to bean named 'mvcConversionService'
2025-05-26T15:08:42.747+05:30 DEBUG 36441 --- [           main] o.s.b.f.s.DefaultListableBeanFactory     : Autowiring by type from bean name 'requestMappingHandlerAdapter' via factory method to bean named 'mvcValidator'
2025-05-26T15:08:42.747+05:30 DEBUG 36441 --- [           main] o.s.b.f.s.DefaultListableBeanFactory     : Creating shared instance of singleton bean 'applicationTaskExecutor'
2025-05-26T15:08:42.748+05:30 DEBUG 36441 --- [           main] o.s.b.f.s.DefaultListableBeanFactory     : Autowiring by type from bean name 'applicationTaskExecutor' via factory method to bean named 'taskExecutorBuilder'
2025-05-26T15:08:42.748+05:30 DEBUG 36441 --- [           main] o.s.s.concurrent.ThreadPoolTaskExecutor  : Initializing ExecutorService 'applicationTaskExecutor'
2025-05-26T15:08:42.749+05:30 DEBUG 36441 --- [           main] s.w.s.m.m.a.RequestMappingHandlerAdapter : ControllerAdvice beans: 0 @ModelAttribute, 0 @InitBinder, 1 RequestBodyAdvice, 1 ResponseBodyAdvice
2025-05-26T15:08:42.750+05:30 DEBUG 36441 --- [           main] o.s.b.f.s.DefaultListableBeanFactory     : Creating shared instance of singleton bean 'localeResolver'
2025-05-26T15:08:42.750+05:30 DEBUG 36441 --- [           main] o.s.b.f.s.DefaultListableBeanFactory     : Creating shared instance of singleton bean 'themeResolver'
2025-05-26T15:08:42.750+05:30 DEBUG 36441 --- [           main] o.s.b.f.s.DefaultListableBeanFactory     : Creating shared instance of singleton bean 'flashMapManager'
2025-05-26T15:08:42.751+05:30 DEBUG 36441 --- [           main] o.s.b.f.s.DefaultListableBeanFactory     : Creating shared instance of singleton bean 'mvcPatternParser'
2025-05-26T15:08:42.751+05:30 DEBUG 36441 --- [           main] o.s.b.f.s.DefaultListableBeanFactory     : Creating shared instance of singleton bean 'mvcUrlPathHelper'
2025-05-26T15:08:42.751+05:30 DEBUG 36441 --- [           main] o.s.b.f.s.DefaultListableBeanFactory     : Creating shared instance of singleton bean 'mvcPathMatcher'
2025-05-26T15:08:42.751+05:30 DEBUG 36441 --- [           main] o.s.b.f.s.DefaultListableBeanFactory     : Creating shared instance of singleton bean 'handlerFunctionAdapter'
2025-05-26T15:08:42.751+05:30 DEBUG 36441 --- [           main] o.s.b.f.s.DefaultListableBeanFactory     : Creating shared instance of singleton bean 'mvcUriComponentsContributor'
2025-05-26T15:08:42.752+05:30 DEBUG 36441 --- [           main] o.s.b.f.s.DefaultListableBeanFactory     : Autowiring by type from bean name 'mvcUriComponentsContributor' via factory method to bean named 'mvcConversionService'
2025-05-26T15:08:42.752+05:30 DEBUG 36441 --- [           main] o.s.b.f.s.DefaultListableBeanFactory     : Autowiring by type from bean name 'mvcUriComponentsContributor' via factory method to bean named 'requestMappingHandlerAdapter'
2025-05-26T15:08:42.752+05:30 DEBUG 36441 --- [           main] o.s.b.f.s.DefaultListableBeanFactory     : Creating shared instance of singleton bean 'httpRequestHandlerAdapter'
2025-05-26T15:08:42.752+05:30 DEBUG 36441 --- [           main] o.s.b.f.s.DefaultListableBeanFactory     : Creating shared instance of singleton bean 'simpleControllerHandlerAdapter'
2025-05-26T15:08:42.752+05:30 DEBUG 36441 --- [           main] o.s.b.f.s.DefaultListableBeanFactory     : Creating shared instance of singleton bean 'handlerExceptionResolver'
2025-05-26T15:08:42.752+05:30 DEBUG 36441 --- [           main] o.s.b.f.s.DefaultListableBeanFactory     : Autowiring by type from bean name 'handlerExceptionResolver' via factory method to bean named 'mvcContentNegotiationManager'
2025-05-26T15:08:42.753+05:30 DEBUG 36441 --- [           main] .m.m.a.ExceptionHandlerExceptionResolver : ControllerAdvice beans: 0 @ExceptionHandler, 1 ResponseBodyAdvice
2025-05-26T15:08:42.753+05:30 DEBUG 36441 --- [           main] o.s.b.f.s.DefaultListableBeanFactory     : Creating shared instance of singleton bean 'mvcViewResolver'
2025-05-26T15:08:42.753+05:30 DEBUG 36441 --- [           main] o.s.b.f.s.DefaultListableBeanFactory     : Autowiring by type from bean name 'mvcViewResolver' via factory method to bean named 'mvcContentNegotiationManager'
2025-05-26T15:08:42.753+05:30 DEBUG 36441 --- [           main] o.s.b.f.s.DefaultListableBeanFactory     : Creating shared instance of singleton bean 'viewNameTranslator'
2025-05-26T15:08:42.754+05:30 DEBUG 36441 --- [           main] o.s.b.f.s.DefaultListableBeanFactory     : Creating shared instance of singleton bean 'defaultViewResolver'
2025-05-26T15:08:42.754+05:30 DEBUG 36441 --- [           main] o.s.b.f.s.DefaultListableBeanFactory     : Creating shared instance of singleton bean 'viewResolver'
2025-05-26T15:08:42.754+05:30 DEBUG 36441 --- [           main] o.s.b.f.s.DefaultListableBeanFactory     : Autowiring by type from bean name 'viewResolver' via factory method to bean named 'org.springframework.beans.factory.support.DefaultListableBeanFactory@b55f5b7'
2025-05-26T15:08:42.754+05:30 DEBUG 36441 --- [           main] o.s.b.f.s.DefaultListableBeanFactory     : Creating shared instance of singleton bean 'viewResolver'
2025-05-26T15:08:42.754+05:30 DEBUG 36441 --- [           main] o.s.b.f.s.DefaultListableBeanFactory     : Creating shared instance of singleton bean 'org.springframework.boot.autoconfigure.aop.AopAutoConfiguration$ClassProxyingConfiguration'
2025-05-26T15:08:42.754+05:30 DEBUG 36441 --- [           main] o.s.b.f.s.DefaultListableBeanFactory     : Creating shared instance of singleton bean 'org.springframework.boot.autoconfigure.aop.AopAutoConfiguration'
2025-05-26T15:08:42.755+05:30 DEBUG 36441 --- [           main] o.s.b.f.s.DefaultListableBeanFactory     : Creating shared instance of singleton bean 'org.springframework.boot.autoconfigure.availability.ApplicationAvailabilityAutoConfiguration'
2025-05-26T15:08:42.755+05:30 DEBUG 36441 --- [           main] o.s.b.f.s.DefaultListableBeanFactory     : Creating shared instance of singleton bean 'applicationAvailability'
2025-05-26T15:08:42.755+05:30 DEBUG 36441 --- [           main] o.s.b.f.s.DefaultListableBeanFactory     : Creating shared instance of singleton bean 'org.springframework.boot.autoconfigure.context.ConfigurationPropertiesAutoConfiguration'
2025-05-26T15:08:42.755+05:30 DEBUG 36441 --- [           main] o.s.b.f.s.DefaultListableBeanFactory     : Creating shared instance of singleton bean 'org.springframework.boot.autoconfigure.context.LifecycleAutoConfiguration'
2025-05-26T15:08:42.755+05:30 DEBUG 36441 --- [           main] o.s.b.f.s.DefaultListableBeanFactory     : Creating shared instance of singleton bean 'lifecycleProcessor'
2025-05-26T15:08:42.755+05:30 DEBUG 36441 --- [           main] o.s.b.f.s.DefaultListableBeanFactory     : Creating shared instance of singleton bean 'spring.lifecycle-org.springframework.boot.autoconfigure.context.LifecycleProperties'
2025-05-26T15:08:42.756+05:30 DEBUG 36441 --- [           main] o.s.b.f.s.DefaultListableBeanFactory     : Autowiring by type from bean name 'lifecycleProcessor' via factory method to bean named 'spring.lifecycle-org.springframework.boot.autoconfigure.context.LifecycleProperties'
2025-05-26T15:08:42.756+05:30 DEBUG 36441 --- [           main] o.s.b.f.s.DefaultListableBeanFactory     : Creating shared instance of singleton bean 'org.springframework.boot.autoconfigure.http.JacksonHttpMessageConvertersConfiguration'
2025-05-26T15:08:42.756+05:30 DEBUG 36441 --- [           main] o.s.b.f.s.DefaultListableBeanFactory     : Creating shared instance of singleton bean 'org.springframework.boot.autoconfigure.info.ProjectInfoAutoConfiguration'
2025-05-26T15:08:42.756+05:30 DEBUG 36441 --- [           main] o.s.b.f.s.DefaultListableBeanFactory     : Creating shared instance of singleton bean 'spring.info-org.springframework.boot.autoconfigure.info.ProjectInfoProperties'
2025-05-26T15:08:42.757+05:30 DEBUG 36441 --- [           main] o.s.b.f.s.DefaultListableBeanFactory     : Autowiring by type from bean name 'org.springframework.boot.autoconfigure.info.ProjectInfoAutoConfiguration' via constructor to bean named 'spring.info-org.springframework.boot.autoconfigure.info.ProjectInfoProperties'
2025-05-26T15:08:42.757+05:30 DEBUG 36441 --- [           main] o.s.b.f.s.DefaultListableBeanFactory     : Creating shared instance of singleton bean 'org.springframework.boot.autoconfigure.security.servlet.SpringBootWebSecurityConfiguration'
2025-05-26T15:08:42.757+05:30 DEBUG 36441 --- [           main] o.s.b.f.s.DefaultListableBeanFactory     : Creating shared instance of singleton bean 'org.springframework.boot.autoconfigure.sql.init.SqlInitializationAutoConfiguration'
2025-05-26T15:08:42.757+05:30 DEBUG 36441 --- [           main] o.s.b.f.s.DefaultListableBeanFactory     : Creating shared instance of singleton bean 'spring.sql.init-org.springframework.boot.autoconfigure.sql.init.SqlInitializationProperties'
2025-05-26T15:08:42.758+05:30 DEBUG 36441 --- [           main] o.s.b.f.s.DefaultListableBeanFactory     : Creating shared instance of singleton bean 'org.springframework.boot.autoconfigure.task.TaskSchedulingAutoConfiguration'
2025-05-26T15:08:42.758+05:30 DEBUG 36441 --- [           main] o.s.b.f.s.DefaultListableBeanFactory     : Creating shared instance of singleton bean 'taskSchedulerBuilder'
2025-05-26T15:08:42.759+05:30 DEBUG 36441 --- [           main] o.s.b.f.s.DefaultListableBeanFactory     : Creating shared instance of singleton bean 'spring.task.scheduling-org.springframework.boot.autoconfigure.task.TaskSchedulingProperties'
2025-05-26T15:08:42.759+05:30 DEBUG 36441 --- [           main] o.s.b.f.s.DefaultListableBeanFactory     : Autowiring by type from bean name 'taskSchedulerBuilder' via factory method to bean named 'spring.task.scheduling-org.springframework.boot.autoconfigure.task.TaskSchedulingProperties'
2025-05-26T15:08:42.759+05:30 DEBUG 36441 --- [           main] o.s.b.f.s.DefaultListableBeanFactory     : Creating shared instance of singleton bean 'org.springframework.boot.autoconfigure.web.client.RestTemplateAutoConfiguration'
2025-05-26T15:08:42.760+05:30 DEBUG 36441 --- [           main] o.s.b.f.s.DefaultListableBeanFactory     : Creating shared instance of singleton bean 'org.springframework.boot.autoconfigure.web.embedded.EmbeddedWebServerFactoryCustomizerAutoConfiguration'
2025-05-26T15:08:42.760+05:30 DEBUG 36441 --- [           main] o.s.b.f.s.DefaultListableBeanFactory     : Creating shared instance of singleton bean 'multipartResolver'
2025-05-26T15:08:42.760+05:30 DEBUG 36441 --- [           main] o.s.b.f.s.DefaultListableBeanFactory     : Creating shared instance of singleton bean 'org.springframework.boot.test.autoconfigure.web.servlet.MockMvcAutoConfiguration'
2025-05-26T15:08:42.760+05:30 DEBUG 36441 --- [           main] o.s.b.f.s.DefaultListableBeanFactory     : Autowiring by type from bean name 'org.springframework.boot.test.autoconfigure.web.servlet.MockMvcAutoConfiguration' via constructor to bean named 'org.springframework.boot.web.servlet.context.AnnotationConfigServletWebServerApplicationContext@77ce88c4'
2025-05-26T15:08:42.760+05:30 DEBUG 36441 --- [           main] o.s.b.f.s.DefaultListableBeanFactory     : Autowiring by type from bean name 'org.springframework.boot.test.autoconfigure.web.servlet.MockMvcAutoConfiguration' via constructor to bean named 'spring.mvc-org.springframework.boot.autoconfigure.web.servlet.WebMvcProperties'
2025-05-26T15:08:42.760+05:30 DEBUG 36441 --- [           main] o.s.b.f.s.DefaultListableBeanFactory     : Creating shared instance of singleton bean 'mockMvcBuilder'
2025-05-26T15:08:42.760+05:30 DEBUG 36441 --- [           main] o.s.b.f.s.DefaultListableBeanFactory     : Creating shared instance of singleton bean 'springBootMockMvcBuilderCustomizer'
2025-05-26T15:08:42.762+05:30 DEBUG 36441 --- [           main] o.s.b.f.s.DefaultListableBeanFactory     : Creating shared instance of singleton bean 'securityMockMvcBuilderCustomizer'
2025-05-26T15:08:42.762+05:30 DEBUG 36441 --- [           main] o.s.b.f.s.DefaultListableBeanFactory     : Creating shared instance of singleton bean 'org.springframework.boot.test.autoconfigure.web.servlet.MockMvcSecurityConfiguration'
2025-05-26T15:08:42.762+05:30 DEBUG 36441 --- [           main] o.s.b.f.s.DefaultListableBeanFactory     : Autowiring by type from bean name 'mockMvcBuilder' via factory method to bean named 'springBootMockMvcBuilderCustomizer'
2025-05-26T15:08:42.762+05:30 DEBUG 36441 --- [           main] o.s.b.f.s.DefaultListableBeanFactory     : Autowiring by type from bean name 'mockMvcBuilder' via factory method to bean named 'securityMockMvcBuilderCustomizer'
2025-05-26T15:08:42.764+05:30 DEBUG 36441 --- [           main] o.s.b.w.s.ServletContextInitializerBeans : Mapping filters: springSecurityFilterChain urls=[/*] order=-100, characterEncodingFilter urls=[/*] order=-2147483648, formContentFilter urls=[/*] order=-9900, requestContextFilter urls=[/*] order=-105, jwtAuthenticationFilter urls=[/*] order=2147483647
2025-05-26T15:08:42.764+05:30 DEBUG 36441 --- [           main] o.s.b.w.s.ServletContextInitializerBeans : Mapping servlets: 
2025-05-26T15:08:42.766+05:30 DEBUG 36441 --- [           main] o.s.b.f.s.DefaultListableBeanFactory     : Creating shared instance of singleton bean 'mockMvc'
2025-05-26T15:08:42.766+05:30 DEBUG 36441 --- [           main] o.s.b.f.s.DefaultListableBeanFactory     : Autowiring by type from bean name 'mockMvc' via factory method to bean named 'mockMvcBuilder'
2025-05-26T15:08:42.775+05:30  INFO 36441 --- [           main] o.a.c.c.C.[Tomcat].[localhost].[/]       : Initializing Spring TestDispatcherServlet ''
2025-05-26T15:08:42.775+05:30  INFO 36441 --- [           main] o.s.t.web.servlet.TestDispatcherServlet  : Initializing Servlet ''
2025-05-26T15:08:42.775+05:30 DEBUG 36441 --- [           main] o.s.t.web.servlet.TestDispatcherServlet  : Detected StandardServletMultipartResolver
2025-05-26T15:08:42.775+05:30 DEBUG 36441 --- [           main] o.s.t.web.servlet.TestDispatcherServlet  : Detected AcceptHeaderLocaleResolver
2025-05-26T15:08:42.775+05:30 DEBUG 36441 --- [           main] o.s.t.web.servlet.TestDispatcherServlet  : Detected FixedThemeResolver
2025-05-26T15:08:42.775+05:30 DEBUG 36441 --- [           main] o.s.t.web.servlet.TestDispatcherServlet  : Detected org.springframework.web.servlet.view.DefaultRequestToViewNameTranslator@8d810f2
2025-05-26T15:08:42.775+05:30 DEBUG 36441 --- [           main] o.s.t.web.servlet.TestDispatcherServlet  : Detected org.springframework.web.servlet.support.SessionFlashMapManager@537b3be1
2025-05-26T15:08:42.776+05:30 DEBUG 36441 --- [           main] o.s.t.web.servlet.TestDispatcherServlet  : enableLoggingRequestDetails='false': request parameters and headers will be masked to prevent unsafe logging of potentially sensitive data
2025-05-26T15:08:42.776+05:30  INFO 36441 --- [           main] o.s.t.web.servlet.TestDispatcherServlet  : Completed initialization in 1 ms
2025-05-26T15:08:42.776+05:30 DEBUG 36441 --- [           main] o.s.b.f.s.DefaultListableBeanFactory     : Creating shared instance of singleton bean 'org.springframework.boot.test.web.client.TestRestTemplate'
2025-05-26T15:08:42.777+05:30 DEBUG 36441 --- [           main] o.s.b.f.s.DefaultListableBeanFactory     : Creating shared instance of singleton bean 'restTemplateBuilder'
2025-05-26T15:08:42.777+05:30 DEBUG 36441 --- [           main] o.s.b.f.s.DefaultListableBeanFactory     : Creating shared instance of singleton bean 'restTemplateBuilderConfigurer'
2025-05-26T15:08:42.778+05:30 DEBUG 36441 --- [           main] o.s.b.f.s.DefaultListableBeanFactory     : Autowiring by type from bean name 'restTemplateBuilder' via factory method to bean named 'restTemplateBuilderConfigurer'
2025-05-26T15:08:42.803+05:30 DEBUG 36441 --- [           main] o.s.c.support.DefaultLifecycleProcessor  : Starting beans in phase -2147483647
2025-05-26T15:08:42.803+05:30 DEBUG 36441 --- [           main] o.s.c.support.DefaultLifecycleProcessor  : Successfully started bean 'springBootLoggingLifecycle'
2025-05-26T15:08:42.803+05:30 DEBUG 36441 --- [           main] o.s.c.support.DefaultLifecycleProcessor  : Starting beans in phase 2147481599
2025-05-26T15:08:42.844+05:30  INFO 36441 --- [           main] o.s.b.w.embedded.tomcat.TomcatWebServer  : Tomcat started on port(s): 53047 (http) with context path ''
2025-05-26T15:08:42.845+05:30 DEBUG 36441 --- [           main] o.s.c.support.DefaultLifecycleProcessor  : Successfully started bean 'webServerStartStop'
2025-05-26T15:08:42.845+05:30 DEBUG 36441 --- [           main] o.s.c.support.DefaultLifecycleProcessor  : Starting beans in phase 2147482623
2025-05-26T15:08:42.845+05:30 DEBUG 36441 --- [           main] o.s.c.support.DefaultLifecycleProcessor  : Successfully started bean 'webServerGracefulShutdown'
2025-05-26T15:08:42.849+05:30 DEBUG 36441 --- [           main] .s.b.a.l.ConditionEvaluationReportLogger : 


============================
CONDITIONS EVALUATION REPORT
============================


Positive matches:
-----------------

   AopAutoConfiguration matched:
      - @ConditionalOnProperty (spring.aop.auto=true) matched (OnPropertyCondition)

   AopAutoConfiguration.ClassProxyingConfiguration matched:
      - @ConditionalOnMissingClass did not find unwanted class 'org.aspectj.weaver.Advice' (OnClassCondition)
      - @ConditionalOnProperty (spring.aop.proxy-target-class=true) matched (OnPropertyCondition)

   ApplicationAvailabilityAutoConfiguration#applicationAvailability matched:
      - @ConditionalOnMissingBean (types: org.springframework.boot.availability.ApplicationAvailability; SearchStrategy: all) did not find any beans (OnBeanCondition)

   DispatcherServletAutoConfiguration matched:
      - @ConditionalOnClass found required class 'org.springframework.web.servlet.DispatcherServlet' (OnClassCondition)
      - found 'session' scope (OnWebApplicationCondition)

   DispatcherServletAutoConfiguration.DispatcherServletConfiguration matched:
      - @ConditionalOnClass found required class 'jakarta.servlet.ServletRegistration' (OnClassCondition)
      - Default DispatcherServlet did not find dispatcher servlet beans (DispatcherServletAutoConfiguration.DefaultDispatcherServletCondition)

   DispatcherServletAutoConfiguration.DispatcherServletRegistrationConfiguration matched:
      - @ConditionalOnClass found required class 'jakarta.servlet.ServletRegistration' (OnClassCondition)
      - DispatcherServlet Registration did not find servlet registration bean (DispatcherServletAutoConfiguration.DispatcherServletRegistrationCondition)

   DispatcherServletAutoConfiguration.DispatcherServletRegistrationConfiguration#dispatcherServletRegistration matched:
      - @ConditionalOnBean (names: dispatcherServlet types: org.springframework.web.servlet.DispatcherServlet; SearchStrategy: all) found bean 'dispatcherServlet' (OnBeanCondition)

   EmbeddedWebServerFactoryCustomizerAutoConfiguration matched:
      - @ConditionalOnWebApplication (required) found 'session' scope (OnWebApplicationCondition)
      - @ConditionalOnWarDeployment the application is not deployed as a WAR file. (OnWarDeploymentCondition)

   EmbeddedWebServerFactoryCustomizerAutoConfiguration.TomcatWebServerFactoryCustomizerConfiguration matched:
      - @ConditionalOnClass found required classes 'org.apache.catalina.startup.Tomcat', 'org.apache.coyote.UpgradeProtocol' (OnClassCondition)

   ErrorMvcAutoConfiguration matched:
      - @ConditionalOnClass found required classes 'jakarta.servlet.Servlet', 'org.springframework.web.servlet.DispatcherServlet' (OnClassCondition)
      - found 'session' scope (OnWebApplicationCondition)

   ErrorMvcAutoConfiguration#basicErrorController matched:
      - @ConditionalOnMissingBean (types: org.springframework.boot.web.servlet.error.ErrorController; SearchStrategy: current) did not find any beans (OnBeanCondition)

   ErrorMvcAutoConfiguration#errorAttributes matched:
      - @ConditionalOnMissingBean (types: org.springframework.boot.web.servlet.error.ErrorAttributes; SearchStrategy: current) did not find any beans (OnBeanCondition)

   ErrorMvcAutoConfiguration.DefaultErrorViewResolverConfiguration#conventionErrorViewResolver matched:
      - @ConditionalOnBean (types: org.springframework.web.servlet.DispatcherServlet; SearchStrategy: all) found bean 'dispatcherServlet'; @ConditionalOnMissingBean (types: org.springframework.boot.autoconfigure.web.servlet.error.ErrorViewResolver; SearchStrategy: all) did not find any beans (OnBeanCondition)

   ErrorMvcAutoConfiguration.WhitelabelErrorViewConfiguration matched:
      - @ConditionalOnProperty (server.error.whitelabel.enabled) matched (OnPropertyCondition)
      - ErrorTemplate Missing did not find error template view (ErrorMvcAutoConfiguration.ErrorTemplateMissingCondition)

   ErrorMvcAutoConfiguration.WhitelabelErrorViewConfiguration#beanNameViewResolver matched:
      - @ConditionalOnMissingBean (types: org.springframework.web.servlet.view.BeanNameViewResolver; SearchStrategy: all) did not find any beans (OnBeanCondition)

   ErrorMvcAutoConfiguration.WhitelabelErrorViewConfiguration#defaultErrorView matched:
      - @ConditionalOnMissingBean (names: error; SearchStrategy: all) did not find any beans (OnBeanCondition)

   GenericCacheConfiguration matched:
      - Cache org.springframework.boot.autoconfigure.cache.GenericCacheConfiguration automatic cache type (CacheCondition)

   HttpEncodingAutoConfiguration matched:
      - @ConditionalOnClass found required class 'org.springframework.web.filter.CharacterEncodingFilter' (OnClassCondition)
      - found 'session' scope (OnWebApplicationCondition)
      - @ConditionalOnProperty (server.servlet.encoding.enabled) matched (OnPropertyCondition)

   HttpEncodingAutoConfiguration#characterEncodingFilter matched:
      - @ConditionalOnMissingBean (types: org.springframework.web.filter.CharacterEncodingFilter; SearchStrategy: all) did not find any beans (OnBeanCondition)

   HttpMessageConvertersAutoConfiguration matched:
      - @ConditionalOnClass found required class 'org.springframework.http.converter.HttpMessageConverter' (OnClassCondition)
      - NoneNestedConditions 0 matched 1 did not; NestedCondition on HttpMessageConvertersAutoConfiguration.NotReactiveWebApplicationCondition.ReactiveWebApplication did not find reactive web application classes (HttpMessageConvertersAutoConfiguration.NotReactiveWebApplicationCondition)

   HttpMessageConvertersAutoConfiguration#messageConverters matched:
      - @ConditionalOnMissingBean (types: org.springframework.boot.autoconfigure.http.HttpMessageConverters; SearchStrategy: all) did not find any beans (OnBeanCondition)

   HttpMessageConvertersAutoConfiguration.StringHttpMessageConverterConfiguration matched:
      - @ConditionalOnClass found required class 'org.springframework.http.converter.StringHttpMessageConverter' (OnClassCondition)

   HttpMessageConvertersAutoConfiguration.StringHttpMessageConverterConfiguration#stringHttpMessageConverter matched:
      - @ConditionalOnMissingBean (types: org.springframework.http.converter.StringHttpMessageConverter; SearchStrategy: all) did not find any beans (OnBeanCondition)

   JacksonAutoConfiguration matched:
      - @ConditionalOnClass found required class 'com.fasterxml.jackson.databind.ObjectMapper' (OnClassCondition)

   JacksonAutoConfiguration.Jackson2ObjectMapperBuilderCustomizerConfiguration matched:
      - @ConditionalOnClass found required class 'org.springframework.http.converter.json.Jackson2ObjectMapperBuilder' (OnClassCondition)

   JacksonAutoConfiguration.JacksonObjectMapperBuilderConfiguration matched:
      - @ConditionalOnClass found required class 'org.springframework.http.converter.json.Jackson2ObjectMapperBuilder' (OnClassCondition)

   JacksonAutoConfiguration.JacksonObjectMapperBuilderConfiguration#jacksonObjectMapperBuilder matched:
      - @ConditionalOnMissingBean (types: org.springframework.http.converter.json.Jackson2ObjectMapperBuilder; SearchStrategy: all) did not find any beans (OnBeanCondition)

   JacksonAutoConfiguration.JacksonObjectMapperConfiguration matched:
      - @ConditionalOnClass found required class 'org.springframework.http.converter.json.Jackson2ObjectMapperBuilder' (OnClassCondition)

   JacksonAutoConfiguration.JacksonObjectMapperConfiguration#jacksonObjectMapper matched:
      - @ConditionalOnMissingBean (types: com.fasterxml.jackson.databind.ObjectMapper; SearchStrategy: all) did not find any beans (OnBeanCondition)

   JacksonAutoConfiguration.ParameterNamesModuleConfiguration matched:
      - @ConditionalOnClass found required class 'com.fasterxml.jackson.module.paramnames.ParameterNamesModule' (OnClassCondition)

   JacksonAutoConfiguration.ParameterNamesModuleConfiguration#parameterNamesModule matched:
      - @ConditionalOnMissingBean (types: com.fasterxml.jackson.module.paramnames.ParameterNamesModule; SearchStrategy: all) did not find any beans (OnBeanCondition)

   JacksonHttpMessageConvertersConfiguration.MappingJackson2HttpMessageConverterConfiguration matched:
      - @ConditionalOnClass found required class 'com.fasterxml.jackson.databind.ObjectMapper' (OnClassCondition)
      - @ConditionalOnProperty (spring.mvc.converters.preferred-json-mapper=jackson) matched (OnPropertyCondition)
      - @ConditionalOnBean (types: com.fasterxml.jackson.databind.ObjectMapper; SearchStrategy: all) found bean 'jacksonObjectMapper' (OnBeanCondition)

   JacksonHttpMessageConvertersConfiguration.MappingJackson2HttpMessageConverterConfiguration#mappingJackson2HttpMessageConverter matched:
      - @ConditionalOnMissingBean (types: org.springframework.http.converter.json.MappingJackson2HttpMessageConverter ignored: org.springframework.hateoas.server.mvc.TypeConstrainedMappingJackson2HttpMessageConverter,org.springframework.data.rest.webmvc.alps.AlpsJsonHttpMessageConverter; SearchStrategy: all) did not find any beans (OnBeanCondition)

   LifecycleAutoConfiguration#defaultLifecycleProcessor matched:
      - @ConditionalOnMissingBean (names: lifecycleProcessor; SearchStrategy: current) did not find any beans (OnBeanCondition)

   MockMvcAutoConfiguration matched:
      - found 'session' scope (OnWebApplicationCondition)

   MockMvcAutoConfiguration#mockMvc matched:
      - @ConditionalOnMissingBean (types: org.springframework.test.web.servlet.MockMvc; SearchStrategy: all) did not find any beans (OnBeanCondition)

   MockMvcAutoConfiguration#mockMvcBuilder matched:
      - @ConditionalOnMissingBean (types: org.springframework.test.web.servlet.MockMvcBuilder; SearchStrategy: all) did not find any beans (OnBeanCondition)

   MockMvcSecurityConfiguration matched:
      - @ConditionalOnClass found required class 'org.springframework.security.test.web.servlet.request.SecurityMockMvcRequestPostProcessors' (OnClassCondition)

   MockMvcSecurityConfiguration#securityMockMvcBuilderCustomizer matched:
      - @ConditionalOnBean (names: springSecurityFilterChain; SearchStrategy: all) found bean 'springSecurityFilterChain' (OnBeanCondition)

   MultipartAutoConfiguration matched:
      - @ConditionalOnClass found required classes 'jakarta.servlet.Servlet', 'org.springframework.web.multipart.support.StandardServletMultipartResolver', 'jakarta.servlet.MultipartConfigElement' (OnClassCondition)
      - found 'session' scope (OnWebApplicationCondition)
      - @ConditionalOnProperty (spring.servlet.multipart.enabled) matched (OnPropertyCondition)

   MultipartAutoConfiguration#multipartConfigElement matched:
      - @ConditionalOnMissingBean (types: jakarta.servlet.MultipartConfigElement; SearchStrategy: all) did not find any beans (OnBeanCondition)

   MultipartAutoConfiguration#multipartResolver matched:
      - @ConditionalOnMissingBean (types: org.springframework.web.multipart.MultipartResolver; SearchStrategy: all) did not find any beans (OnBeanCondition)

   NoOpCacheConfiguration matched:
      - Cache org.springframework.boot.autoconfigure.cache.NoOpCacheConfiguration automatic cache type (CacheCondition)

   PropertyPlaceholderAutoConfiguration#propertySourcesPlaceholderConfigurer matched:
      - @ConditionalOnMissingBean (types: org.springframework.context.support.PropertySourcesPlaceholderConfigurer; SearchStrategy: current) did not find any beans (OnBeanCondition)

   RestTemplateAutoConfiguration matched:
      - @ConditionalOnClass found required class 'org.springframework.web.client.RestTemplate' (OnClassCondition)
      - NoneNestedConditions 0 matched 1 did not; NestedCondition on RestTemplateAutoConfiguration.NotReactiveWebApplicationCondition.ReactiveWebApplication did not find reactive web application classes (RestTemplateAutoConfiguration.NotReactiveWebApplicationCondition)

   RestTemplateAutoConfiguration#restTemplateBuilder matched:
      - @ConditionalOnMissingBean (types: org.springframework.boot.web.client.RestTemplateBuilder; SearchStrategy: all) did not find any beans (OnBeanCondition)

   RestTemplateAutoConfiguration#restTemplateBuilderConfigurer matched:
      - @ConditionalOnMissingBean (types: org.springframework.boot.autoconfigure.web.client.RestTemplateBuilderConfigurer; SearchStrategy: all) did not find any beans (OnBeanCondition)

   SecurityAutoConfiguration matched:
      - @ConditionalOnClass found required class 'org.springframework.security.authentication.DefaultAuthenticationEventPublisher' (OnClassCondition)

   SecurityAutoConfiguration#authenticationEventPublisher matched:
      - @ConditionalOnMissingBean (types: org.springframework.security.authentication.AuthenticationEventPublisher; SearchStrategy: all) did not find any beans (OnBeanCondition)

   SecurityFilterAutoConfiguration matched:
      - @ConditionalOnClass found required classes 'org.springframework.security.web.context.AbstractSecurityWebApplicationInitializer', 'org.springframework.security.config.http.SessionCreationPolicy' (OnClassCondition)
      - found 'session' scope (OnWebApplicationCondition)

   SecurityFilterAutoConfiguration#securityFilterChainRegistration matched:
      - @ConditionalOnBean (names: springSecurityFilterChain; SearchStrategy: all) found bean 'springSecurityFilterChain' (OnBeanCondition)

   ServletWebServerFactoryAutoConfiguration matched:
      - @ConditionalOnClass found required class 'jakarta.servlet.ServletRequest' (OnClassCondition)
      - found 'session' scope (OnWebApplicationCondition)

   ServletWebServerFactoryAutoConfiguration#tomcatServletWebServerFactoryCustomizer matched:
      - @ConditionalOnClass found required class 'org.apache.catalina.startup.Tomcat' (OnClassCondition)

   ServletWebServerFactoryConfiguration.EmbeddedTomcat matched:
      - @ConditionalOnClass found required classes 'jakarta.servlet.Servlet', 'org.apache.catalina.startup.Tomcat', 'org.apache.coyote.UpgradeProtocol' (OnClassCondition)
      - @ConditionalOnMissingBean (types: org.springframework.boot.web.servlet.server.ServletWebServerFactory; SearchStrategy: current) did not find any beans (OnBeanCondition)

   SimpleCacheConfiguration matched:
      - Cache org.springframework.boot.autoconfigure.cache.SimpleCacheConfiguration automatic cache type (CacheCondition)

   SpringBootWebSecurityConfiguration matched:
      - found 'session' scope (OnWebApplicationCondition)

   SqlInitializationAutoConfiguration matched:
      - @ConditionalOnProperty (spring.sql.init.enabled) matched (OnPropertyCondition)
      - NoneNestedConditions 0 matched 1 did not; NestedCondition on SqlInitializationAutoConfiguration.SqlInitializationModeCondition.ModeIsNever @ConditionalOnProperty (spring.sql.init.mode=never) did not find property 'mode' (SqlInitializationAutoConfiguration.SqlInitializationModeCondition)

   SslAutoConfiguration#sslBundleRegistry matched:
      - @ConditionalOnMissingBean (types: org.springframework.boot.ssl.SslBundleRegistry,org.springframework.boot.ssl.SslBundles; SearchStrategy: all) did not find any beans (OnBeanCondition)

   TaskExecutionAutoConfiguration matched:
      - @ConditionalOnClass found required class 'org.springframework.scheduling.concurrent.ThreadPoolTaskExecutor' (OnClassCondition)

   TaskExecutionAutoConfiguration#applicationTaskExecutor matched:
      - @ConditionalOnMissingBean (types: java.util.concurrent.Executor; SearchStrategy: all) did not find any beans (OnBeanCondition)

   TaskExecutionAutoConfiguration#taskExecutorBuilder matched:
      - @ConditionalOnMissingBean (types: org.springframework.boot.task.TaskExecutorBuilder; SearchStrategy: all) did not find any beans (OnBeanCondition)

   TaskSchedulingAutoConfiguration matched:
      - @ConditionalOnClass found required class 'org.springframework.scheduling.concurrent.ThreadPoolTaskScheduler' (OnClassCondition)

   TaskSchedulingAutoConfiguration#taskSchedulerBuilder matched:
      - @ConditionalOnMissingBean (types: org.springframework.boot.task.TaskSchedulerBuilder; SearchStrategy: all) did not find any beans (OnBeanCondition)

   WebMvcAutoConfiguration matched:
      - @ConditionalOnClass found required classes 'jakarta.servlet.Servlet', 'org.springframework.web.servlet.DispatcherServlet', 'org.springframework.web.servlet.config.annotation.WebMvcConfigurer' (OnClassCondition)
      - found 'session' scope (OnWebApplicationCondition)
      - @ConditionalOnMissingBean (types: org.springframework.web.servlet.config.annotation.WebMvcConfigurationSupport; SearchStrategy: all) did not find any beans (OnBeanCondition)

   WebMvcAutoConfiguration#formContentFilter matched:
      - @ConditionalOnProperty (spring.mvc.formcontent.filter.enabled) matched (OnPropertyCondition)
      - @ConditionalOnMissingBean (types: org.springframework.web.filter.FormContentFilter; SearchStrategy: all) did not find any beans (OnBeanCondition)

   WebMvcAutoConfiguration.EnableWebMvcConfiguration#flashMapManager matched:
      - @ConditionalOnMissingBean (names: flashMapManager; SearchStrategy: all) did not find any beans (OnBeanCondition)

   WebMvcAutoConfiguration.EnableWebMvcConfiguration#localeResolver matched:
      - @ConditionalOnMissingBean (names: localeResolver; SearchStrategy: all) did not find any beans (OnBeanCondition)

   WebMvcAutoConfiguration.EnableWebMvcConfiguration#themeResolver matched:
      - @ConditionalOnMissingBean (names: themeResolver; SearchStrategy: all) did not find any beans (OnBeanCondition)

   WebMvcAutoConfiguration.WebMvcAutoConfigurationAdapter#defaultViewResolver matched:
      - @ConditionalOnMissingBean (types: org.springframework.web.servlet.view.InternalResourceViewResolver; SearchStrategy: all) did not find any beans (OnBeanCondition)

   WebMvcAutoConfiguration.WebMvcAutoConfigurationAdapter#requestContextFilter matched:
      - @ConditionalOnMissingBean (types: org.springframework.web.context.request.RequestContextListener,org.springframework.web.filter.RequestContextFilter; SearchStrategy: all) did not find any beans (OnBeanCondition)

   WebMvcAutoConfiguration.WebMvcAutoConfigurationAdapter#viewResolver matched:
      - @ConditionalOnBean (types: org.springframework.web.servlet.ViewResolver; SearchStrategy: all) found beans 'defaultViewResolver', 'beanNameViewResolver', 'mvcViewResolver'; @ConditionalOnMissingBean (names: viewResolver types: org.springframework.web.servlet.view.ContentNegotiatingViewResolver; SearchStrategy: all) did not find any beans (OnBeanCondition)

   WebSocketServletAutoConfiguration matched:
      - @ConditionalOnClass found required classes 'jakarta.servlet.Servlet', 'jakarta.websocket.server.ServerContainer' (OnClassCondition)
      - found 'session' scope (OnWebApplicationCondition)

   WebSocketServletAutoConfiguration.TomcatWebSocketConfiguration matched:
      - @ConditionalOnClass found required classes 'org.apache.catalina.startup.Tomcat', 'org.apache.tomcat.websocket.server.WsSci' (OnClassCondition)

   WebSocketServletAutoConfiguration.TomcatWebSocketConfiguration#websocketServletWebServerCustomizer matched:
      - @ConditionalOnMissingBean (names: websocketServletWebServerCustomizer; SearchStrategy: all) did not find any beans (OnBeanCondition)


Negative matches:
-----------------

   ActiveMQAutoConfiguration:
      Did not match:
         - @ConditionalOnClass did not find required class 'jakarta.jms.ConnectionFactory' (OnClassCondition)

   AopAutoConfiguration.AspectJAutoProxyingConfiguration:
      Did not match:
         - @ConditionalOnClass did not find required class 'org.aspectj.weaver.Advice' (OnClassCondition)

   ArtemisAutoConfiguration:
      Did not match:
         - @ConditionalOnClass did not find required class 'jakarta.jms.ConnectionFactory' (OnClassCondition)

   BatchAutoConfiguration:
      Did not match:
         - @ConditionalOnClass did not find required class 'org.springframework.batch.core.launch.JobLauncher' (OnClassCondition)

   Cache2kCacheConfiguration:
      Did not match:
         - @ConditionalOnClass did not find required class 'org.cache2k.Cache2kBuilder' (OnClassCondition)

   CacheAutoConfiguration:
      Did not match:
         - @ConditionalOnBean (types: org.springframework.cache.interceptor.CacheAspectSupport; SearchStrategy: all) did not find any beans of type org.springframework.cache.interceptor.CacheAspectSupport (OnBeanCondition)
      Matched:
         - @ConditionalOnClass found required class 'org.springframework.cache.CacheManager' (OnClassCondition)

   CacheAutoConfiguration.CacheManagerEntityManagerFactoryDependsOnPostProcessor:
      Did not match:
         - @ConditionalOnClass did not find required class 'org.springframework.orm.jpa.LocalContainerEntityManagerFactoryBean' (OnClassCondition)
         - Ancestor org.springframework.boot.autoconfigure.cache.CacheAutoConfiguration did not match (ConditionEvaluationReport.AncestorsMatchedCondition)

   CaffeineCacheConfiguration:
      Did not match:
         - @ConditionalOnClass did not find required class 'com.github.benmanes.caffeine.cache.Caffeine' (OnClassCondition)

   CassandraAutoConfiguration:
      Did not match:
         - @ConditionalOnClass did not find required class 'com.datastax.oss.driver.api.core.CqlSession' (OnClassCondition)

   CassandraDataAutoConfiguration:
      Did not match:
         - @ConditionalOnClass did not find required class 'com.datastax.oss.driver.api.core.CqlSession' (OnClassCondition)

   CassandraReactiveDataAutoConfiguration:
      Did not match:
         - @ConditionalOnClass did not find required class 'com.datastax.oss.driver.api.core.CqlSession' (OnClassCondition)

   CassandraReactiveRepositoriesAutoConfiguration:
      Did not match:
         - @ConditionalOnClass did not find required class 'org.springframework.data.cassandra.ReactiveSession' (OnClassCondition)

   CassandraRepositoriesAutoConfiguration:
      Did not match:
         - @ConditionalOnClass did not find required class 'com.datastax.oss.driver.api.core.CqlSession' (OnClassCondition)

   ClientHttpConnectorAutoConfiguration:
      Did not match:
         - @ConditionalOnClass did not find required class 'org.springframework.web.reactive.function.client.WebClient' (OnClassCondition)

   CodecsAutoConfiguration:
      Did not match:
         - @ConditionalOnClass did not find required class 'org.springframework.web.reactive.function.client.WebClient' (OnClassCondition)

   CouchbaseAutoConfiguration:
      Did not match:
         - @ConditionalOnClass did not find required class 'com.couchbase.client.java.Cluster' (OnClassCondition)

   CouchbaseCacheConfiguration:
      Did not match:
         - @ConditionalOnClass did not find required class 'com.couchbase.client.java.Cluster' (OnClassCondition)

   CouchbaseDataAutoConfiguration:
      Did not match:
         - @ConditionalOnClass did not find required class 'com.couchbase.client.java.Bucket' (OnClassCondition)

   CouchbaseReactiveDataAutoConfiguration:
      Did not match:
         - @ConditionalOnClass did not find required class 'com.couchbase.client.java.Cluster' (OnClassCondition)

   CouchbaseReactiveRepositoriesAutoConfiguration:
      Did not match:
         - @ConditionalOnClass did not find required class 'com.couchbase.client.java.Cluster' (OnClassCondition)

   CouchbaseRepositoriesAutoConfiguration:
      Did not match:
         - @ConditionalOnClass did not find required class 'com.couchbase.client.java.Bucket' (OnClassCondition)

   DataSourceAutoConfiguration:
      Did not match:
         - @ConditionalOnClass did not find required class 'org.springframework.jdbc.datasource.embedded.EmbeddedDatabaseType' (OnClassCondition)

   DataSourceInitializationConfiguration:
      Did not match:
         - @ConditionalOnClass did not find required class 'org.springframework.jdbc.datasource.init.DatabasePopulator' (OnClassCondition)

   DataSourceTransactionManagerAutoConfiguration:
      Did not match:
         - @ConditionalOnClass did not find required class 'org.springframework.jdbc.core.JdbcTemplate' (OnClassCondition)

   DispatcherServletAutoConfiguration.DispatcherServletConfiguration#multipartResolver:
      Did not match:
         - @ConditionalOnBean (types: org.springframework.web.multipart.MultipartResolver; SearchStrategy: all) did not find any beans of type org.springframework.web.multipart.MultipartResolver (OnBeanCondition)

   ElasticsearchClientAutoConfiguration:
      Did not match:
         - @ConditionalOnClass did not find required class 'co.elastic.clients.elasticsearch.ElasticsearchClient' (OnClassCondition)

   ElasticsearchDataAutoConfiguration:
      Did not match:
         - @ConditionalOnClass did not find required class 'org.springframework.data.elasticsearch.client.elc.ElasticsearchTemplate' (OnClassCondition)

   ElasticsearchRepositoriesAutoConfiguration:
      Did not match:
         - @ConditionalOnClass did not find required class 'org.springframework.data.elasticsearch.repository.ElasticsearchRepository' (OnClassCondition)

   ElasticsearchRestClientAutoConfiguration:
      Did not match:
         - @ConditionalOnClass did not find required class 'org.elasticsearch.client.RestClientBuilder' (OnClassCondition)

   EmbeddedLdapAutoConfiguration:
      Did not match:
         - @ConditionalOnClass did not find required class 'com.unboundid.ldap.listener.InMemoryDirectoryServer' (OnClassCondition)

   EmbeddedWebServerFactoryCustomizerAutoConfiguration.JettyWebServerFactoryCustomizerConfiguration:
      Did not match:
         - @ConditionalOnClass did not find required classes 'org.eclipse.jetty.server.Server', 'org.eclipse.jetty.util.Loader', 'org.eclipse.jetty.webapp.WebAppContext' (OnClassCondition)

   EmbeddedWebServerFactoryCustomizerAutoConfiguration.NettyWebServerFactoryCustomizerConfiguration:
      Did not match:
         - @ConditionalOnClass did not find required class 'reactor.netty.http.server.HttpServer' (OnClassCondition)

   EmbeddedWebServerFactoryCustomizerAutoConfiguration.UndertowWebServerFactoryCustomizerConfiguration:
      Did not match:
         - @ConditionalOnClass did not find required classes 'io.undertow.Undertow', 'org.xnio.SslClientAuthMode' (OnClassCondition)

   ErrorWebFluxAutoConfiguration:
      Did not match:
         - @ConditionalOnClass did not find required class 'org.springframework.web.reactive.config.WebFluxConfigurer' (OnClassCondition)

   FlywayAutoConfiguration:
      Did not match:
         - @ConditionalOnClass did not find required class 'org.flywaydb.core.Flyway' (OnClassCondition)

   FreeMarkerAutoConfiguration:
      Did not match:
         - @ConditionalOnClass did not find required class 'freemarker.template.Configuration' (OnClassCondition)

   GraphQlAutoConfiguration:
      Did not match:
         - @ConditionalOnClass did not find required class 'graphql.GraphQL' (OnClassCondition)

   GraphQlQueryByExampleAutoConfiguration:
      Did not match:
         - @ConditionalOnClass did not find required class 'graphql.GraphQL' (OnClassCondition)

   GraphQlQuerydslAutoConfiguration:
      Did not match:
         - @ConditionalOnClass did not find required class 'graphql.GraphQL' (OnClassCondition)

   GraphQlRSocketAutoConfiguration:
      Did not match:
         - @ConditionalOnClass did not find required class 'graphql.GraphQL' (OnClassCondition)

   GraphQlReactiveQueryByExampleAutoConfiguration:
      Did not match:
         - @ConditionalOnClass did not find required class 'graphql.GraphQL' (OnClassCondition)

   GraphQlReactiveQuerydslAutoConfiguration:
      Did not match:
         - @ConditionalOnClass did not find required class 'graphql.GraphQL' (OnClassCondition)

   GraphQlWebFluxAutoConfiguration:
      Did not match:
         - @ConditionalOnClass did not find required class 'graphql.GraphQL' (OnClassCondition)

   GraphQlWebFluxSecurityAutoConfiguration:
      Did not match:
         - @ConditionalOnClass did not find required class 'graphql.GraphQL' (OnClassCondition)

   GraphQlWebMvcAutoConfiguration:
      Did not match:
         - @ConditionalOnClass did not find required class 'graphql.GraphQL' (OnClassCondition)

   GraphQlWebMvcSecurityAutoConfiguration:
      Did not match:
         - @ConditionalOnClass did not find required class 'graphql.GraphQL' (OnClassCondition)

   GroovyTemplateAutoConfiguration:
      Did not match:
         - @ConditionalOnClass did not find required class 'groovy.text.markup.MarkupTemplateEngine' (OnClassCondition)

   GsonAutoConfiguration:
      Did not match:
         - @ConditionalOnClass did not find required class 'com.google.gson.Gson' (OnClassCondition)

   GsonHttpMessageConvertersConfiguration:
      Did not match:
         - @ConditionalOnClass did not find required class 'com.google.gson.Gson' (OnClassCondition)

   H2ConsoleAutoConfiguration:
      Did not match:
         - @ConditionalOnClass did not find required class 'org.h2.server.web.JakartaWebServlet' (OnClassCondition)

   HazelcastAutoConfiguration:
      Did not match:
         - @ConditionalOnClass did not find required class 'com.hazelcast.core.HazelcastInstance' (OnClassCondition)

   HazelcastCacheConfiguration:
      Did not match:
         - @ConditionalOnClass did not find required class 'com.hazelcast.core.HazelcastInstance' (OnClassCondition)

   HazelcastJpaDependencyAutoConfiguration:
      Did not match:
         - @ConditionalOnClass did not find required class 'com.hazelcast.core.HazelcastInstance' (OnClassCondition)

   HibernateJpaAutoConfiguration:
      Did not match:
         - @ConditionalOnClass did not find required class 'jakarta.persistence.EntityManager' (OnClassCondition)

   HttpHandlerAutoConfiguration:
      Did not match:
         - @ConditionalOnClass did not find required class 'org.springframework.web.reactive.DispatcherHandler' (OnClassCondition)

   HypermediaAutoConfiguration:
      Did not match:
         - @ConditionalOnClass did not find required class 'org.springframework.hateoas.EntityModel' (OnClassCondition)

   InfinispanCacheConfiguration:
      Did not match:
         - @ConditionalOnClass did not find required class 'org.infinispan.spring.embedded.provider.SpringEmbeddedCacheManager' (OnClassCondition)

   InfluxDbAutoConfiguration:
      Did not match:
         - @ConditionalOnClass did not find required class 'org.influxdb.InfluxDB' (OnClassCondition)

   IntegrationAutoConfiguration:
      Did not match:
         - @ConditionalOnClass did not find required class 'org.springframework.integration.config.EnableIntegration' (OnClassCondition)

   JCacheCacheConfiguration:
      Did not match:
         - @ConditionalOnClass did not find required class 'javax.cache.Caching' (OnClassCondition)

   JacksonHttpMessageConvertersConfiguration.MappingJackson2XmlHttpMessageConverterConfiguration:
      Did not match:
         - @ConditionalOnClass did not find required class 'com.fasterxml.jackson.dataformat.xml.XmlMapper' (OnClassCondition)

   JdbcRepositoriesAutoConfiguration:
      Did not match:
         - @ConditionalOnClass did not find required class 'org.springframework.data.jdbc.repository.config.AbstractJdbcConfiguration' (OnClassCondition)

   JdbcTemplateAutoConfiguration:
      Did not match:
         - @ConditionalOnClass did not find required class 'org.springframework.jdbc.core.JdbcTemplate' (OnClassCondition)

   JerseyAutoConfiguration:
      Did not match:
         - @ConditionalOnClass did not find required class 'org.glassfish.jersey.server.spring.SpringComponentProvider' (OnClassCondition)

   JmsAutoConfiguration:
      Did not match:
         - @ConditionalOnClass did not find required class 'jakarta.jms.Message' (OnClassCondition)

   JmxAutoConfiguration:
      Did not match:
         - @ConditionalOnProperty (spring.jmx.enabled=true) found different value in property 'enabled' (OnPropertyCondition)
      Matched:
         - @ConditionalOnClass found required class 'org.springframework.jmx.export.MBeanExporter' (OnClassCondition)

   JndiConnectionFactoryAutoConfiguration:
      Did not match:
         - @ConditionalOnClass did not find required class 'org.springframework.jms.core.JmsTemplate' (OnClassCondition)

   JndiDataSourceAutoConfiguration:
      Did not match:
         - @ConditionalOnClass did not find required class 'org.springframework.jdbc.datasource.embedded.EmbeddedDatabaseType' (OnClassCondition)

   JooqAutoConfiguration:
      Did not match:
         - @ConditionalOnClass did not find required class 'org.jooq.DSLContext' (OnClassCondition)

   JpaRepositoriesAutoConfiguration:
      Did not match:
         - @ConditionalOnClass did not find required class 'org.springframework.data.jpa.repository.JpaRepository' (OnClassCondition)

   JsonbAutoConfiguration:
      Did not match:
         - @ConditionalOnClass did not find required class 'jakarta.json.bind.Jsonb' (OnClassCondition)

   JsonbHttpMessageConvertersConfiguration:
      Did not match:
         - @ConditionalOnClass did not find required class 'jakarta.json.bind.Jsonb' (OnClassCondition)

   JtaAutoConfiguration:
      Did not match:
         - @ConditionalOnClass did not find required class 'jakarta.transaction.Transaction' (OnClassCondition)

   KafkaAutoConfiguration:
      Did not match:
         - @ConditionalOnClass did not find required class 'org.springframework.kafka.core.KafkaTemplate' (OnClassCondition)

   LdapAutoConfiguration:
      Did not match:
         - @ConditionalOnClass did not find required class 'org.springframework.ldap.core.ContextSource' (OnClassCondition)

   LdapRepositoriesAutoConfiguration:
      Did not match:
         - @ConditionalOnClass did not find required class 'org.springframework.data.ldap.repository.LdapRepository' (OnClassCondition)

   LiquibaseAutoConfiguration:
      Did not match:
         - @ConditionalOnClass did not find required class 'liquibase.change.DatabaseChange' (OnClassCondition)

   MailSenderAutoConfiguration:
      Did not match:
         - @ConditionalOnClass did not find required class 'jakarta.mail.internet.MimeMessage' (OnClassCondition)

   MailSenderValidatorAutoConfiguration:
      Did not match:
         - @ConditionalOnSingleCandidate did not find required type 'org.springframework.mail.javamail.JavaMailSenderImpl' (OnBeanCondition)

   MessageSourceAutoConfiguration:
      Did not match:
         - ResourceBundle did not find bundle with basename messages (MessageSourceAutoConfiguration.ResourceBundleCondition)

   MockMvcAutoConfiguration#dispatcherServlet:
      Did not match:
         - @ConditionalOnMissingBean (types: org.springframework.web.servlet.DispatcherServlet; SearchStrategy: all) found beans of type 'org.springframework.web.servlet.DispatcherServlet' dispatcherServlet (OnBeanCondition)

   MockMvcAutoConfiguration#dispatcherServletPath:
      Did not match:
         - @ConditionalOnMissingBean (types: org.springframework.boot.autoconfigure.web.servlet.DispatcherServletPath; SearchStrategy: all) found beans of type 'org.springframework.boot.autoconfigure.web.servlet.DispatcherServletPath' dispatcherServletRegistration (OnBeanCondition)

   MockMvcAutoConfiguration.WebTestClientMockMvcConfiguration:
      Did not match:
         - @ConditionalOnClass did not find required class 'org.springframework.web.reactive.function.client.WebClient' (OnClassCondition)

   MockMvcWebClientAutoConfiguration:
      Did not match:
         - @ConditionalOnClass did not find required class 'com.gargoylesoftware.htmlunit.WebClient' (OnClassCondition)

   MockMvcWebDriverAutoConfiguration:
      Did not match:
         - @ConditionalOnClass did not find required class 'org.openqa.selenium.htmlunit.HtmlUnitDriver' (OnClassCondition)

   MongoAutoConfiguration:
      Did not match:
         - @ConditionalOnClass did not find required class 'com.mongodb.client.MongoClient' (OnClassCondition)

   MongoDataAutoConfiguration:
      Did not match:
         - @ConditionalOnClass did not find required class 'com.mongodb.client.MongoClient' (OnClassCondition)

   MongoReactiveAutoConfiguration:
      Did not match:
         - @ConditionalOnClass did not find required class 'com.mongodb.reactivestreams.client.MongoClient' (OnClassCondition)

   MongoReactiveDataAutoConfiguration:
      Did not match:
         - @ConditionalOnClass did not find required class 'com.mongodb.reactivestreams.client.MongoClient' (OnClassCondition)

   MongoReactiveRepositoriesAutoConfiguration:
      Did not match:
         - @ConditionalOnClass did not find required class 'com.mongodb.reactivestreams.client.MongoClient' (OnClassCondition)

   MongoRepositoriesAutoConfiguration:
      Did not match:
         - @ConditionalOnClass did not find required class 'com.mongodb.client.MongoClient' (OnClassCondition)

   MustacheAutoConfiguration:
      Did not match:
         - @ConditionalOnClass did not find required class 'com.samskivert.mustache.Mustache' (OnClassCondition)

   Neo4jAutoConfiguration:
      Did not match:
         - @ConditionalOnClass did not find required class 'org.neo4j.driver.Driver' (OnClassCondition)

   Neo4jDataAutoConfiguration:
      Did not match:
         - @ConditionalOnClass did not find required class 'org.neo4j.driver.Driver' (OnClassCondition)

   Neo4jReactiveDataAutoConfiguration:
      Did not match:
         - @ConditionalOnClass did not find required class 'org.neo4j.driver.Driver' (OnClassCondition)

   Neo4jReactiveRepositoriesAutoConfiguration:
      Did not match:
         - @ConditionalOnClass did not find required class 'org.neo4j.driver.Driver' (OnClassCondition)

   Neo4jRepositoriesAutoConfiguration:
      Did not match:
         - @ConditionalOnClass did not find required class 'org.neo4j.driver.Driver' (OnClassCondition)

   NettyAutoConfiguration:
      Did not match:
         - @ConditionalOnClass did not find required class 'io.netty.util.NettyRuntime' (OnClassCondition)

   OAuth2AuthorizationServerAutoConfiguration:
      Did not match:
         - @ConditionalOnClass did not find required class 'org.springframework.security.oauth2.server.authorization.OAuth2Authorization' (OnClassCondition)

   OAuth2AuthorizationServerJwtAutoConfiguration:
      Did not match:
         - @ConditionalOnClass did not find required class 'org.springframework.security.oauth2.server.authorization.OAuth2Authorization' (OnClassCondition)

   OAuth2ClientAutoConfiguration:
      Did not match:
         - @ConditionalOnClass did not find required class 'org.springframework.security.oauth2.client.registration.ClientRegistration' (OnClassCondition)

   OAuth2ResourceServerAutoConfiguration:
      Did not match:
         - @ConditionalOnClass did not find required class 'org.springframework.security.oauth2.server.resource.authentication.BearerTokenAuthenticationToken' (OnClassCondition)

   PersistenceExceptionTranslationAutoConfiguration:
      Did not match:
         - @ConditionalOnClass did not find required class 'org.springframework.dao.annotation.PersistenceExceptionTranslationPostProcessor' (OnClassCondition)

   ProjectInfoAutoConfiguration#buildProperties:
      Did not match:
         - @ConditionalOnResource did not find resource '${spring.info.build.location:classpath:META-INF/build-info.properties}' (OnResourceCondition)

   ProjectInfoAutoConfiguration#gitProperties:
      Did not match:
         - GitResource did not find git info at classpath:git.properties (ProjectInfoAutoConfiguration.GitResourceAvailableCondition)

   QuartzAutoConfiguration:
      Did not match:
         - @ConditionalOnClass did not find required class 'org.quartz.Scheduler' (OnClassCondition)

   R2dbcAutoConfiguration:
      Did not match:
         - @ConditionalOnClass did not find required class 'io.r2dbc.spi.ConnectionFactory' (OnClassCondition)

   R2dbcDataAutoConfiguration:
      Did not match:
         - @ConditionalOnClass did not find required class 'org.springframework.data.r2dbc.core.R2dbcEntityTemplate' (OnClassCondition)

   R2dbcInitializationConfiguration:
      Did not match:
         - @ConditionalOnClass did not find required classes 'io.r2dbc.spi.ConnectionFactory', 'org.springframework.r2dbc.connection.init.DatabasePopulator' (OnClassCondition)

   R2dbcRepositoriesAutoConfiguration:
      Did not match:
         - @ConditionalOnClass did not find required class 'io.r2dbc.spi.ConnectionFactory' (OnClassCondition)

   R2dbcTransactionManagerAutoConfiguration:
      Did not match:
         - @ConditionalOnClass did not find required class 'org.springframework.r2dbc.connection.R2dbcTransactionManager' (OnClassCondition)

   RSocketGraphQlClientAutoConfiguration:
      Did not match:
         - @ConditionalOnClass did not find required class 'graphql.GraphQL' (OnClassCondition)

   RSocketMessagingAutoConfiguration:
      Did not match:
         - @ConditionalOnClass did not find required class 'io.rsocket.RSocket' (OnClassCondition)

   RSocketRequesterAutoConfiguration:
      Did not match:
         - @ConditionalOnClass did not find required class 'io.rsocket.RSocket' (OnClassCondition)

   RSocketSecurityAutoConfiguration:
      Did not match:
         - @ConditionalOnClass did not find required class 'org.springframework.security.rsocket.core.SecuritySocketAcceptorInterceptor' (OnClassCondition)

   RSocketServerAutoConfiguration:
      Did not match:
         - @ConditionalOnClass did not find required class 'io.rsocket.core.RSocketServer' (OnClassCondition)

   RSocketStrategiesAutoConfiguration:
      Did not match:
         - @ConditionalOnClass did not find required class 'io.netty.buffer.PooledByteBufAllocator' (OnClassCondition)

   RabbitAutoConfiguration:
      Did not match:
         - @ConditionalOnClass did not find required class 'com.rabbitmq.client.Channel' (OnClassCondition)

   ReactiveElasticsearchClientAutoConfiguration:
      Did not match:
         - @ConditionalOnClass did not find required class 'co.elastic.clients.transport.ElasticsearchTransport' (OnClassCondition)

   ReactiveElasticsearchRepositoriesAutoConfiguration:
      Did not match:
         - @ConditionalOnClass did not find required class 'org.springframework.data.elasticsearch.client.elc.ReactiveElasticsearchClient' (OnClassCondition)

   ReactiveMultipartAutoConfiguration:
      Did not match:
         - @ConditionalOnClass did not find required class 'org.springframework.web.reactive.config.WebFluxConfigurer' (OnClassCondition)

   ReactiveOAuth2ClientAutoConfiguration:
      Did not match:
         - @ConditionalOnClass did not find required class 'reactor.core.publisher.Flux' (OnClassCondition)

   ReactiveOAuth2ResourceServerAutoConfiguration:
      Did not match:
         - @ConditionalOnWebApplication did not find reactive web application classes (OnWebApplicationCondition)

   ReactiveSecurityAutoConfiguration:
      Did not match:
         - @ConditionalOnClass did not find required class 'reactor.core.publisher.Flux' (OnClassCondition)

   ReactiveUserDetailsServiceAutoConfiguration:
      Did not match:
         - AnyNestedCondition 0 matched 2 did not; NestedCondition on ReactiveUserDetailsServiceAutoConfiguration.ReactiveUserDetailsServiceCondition.ReactiveWebApplicationCondition did not find reactive web application classes; NestedCondition on ReactiveUserDetailsServiceAutoConfiguration.ReactiveUserDetailsServiceCondition.RSocketSecurityEnabledCondition @ConditionalOnBean (types: org.springframework.messaging.rsocket.annotation.support.RSocketMessageHandler; SearchStrategy: all) did not find any beans of type org.springframework.messaging.rsocket.annotation.support.RSocketMessageHandler (ReactiveUserDetailsServiceAutoConfiguration.ReactiveUserDetailsServiceCondition)
      Matched:
         - @ConditionalOnClass found required class 'org.springframework.security.authentication.ReactiveAuthenticationManager' (OnClassCondition)

   ReactiveWebServerFactoryAutoConfiguration:
      Did not match:
         - @ConditionalOnWebApplication did not find reactive web application classes (OnWebApplicationCondition)

   RedisAutoConfiguration:
      Did not match:
         - @ConditionalOnClass did not find required class 'org.springframework.data.redis.core.RedisOperations' (OnClassCondition)

   RedisCacheConfiguration:
      Did not match:
         - @ConditionalOnClass did not find required class 'org.springframework.data.redis.connection.RedisConnectionFactory' (OnClassCondition)

   RedisReactiveAutoConfiguration:
      Did not match:
         - @ConditionalOnClass did not find required class 'reactor.core.publisher.Flux' (OnClassCondition)

   RedisRepositoriesAutoConfiguration:
      Did not match:
         - @ConditionalOnClass did not find required class 'org.springframework.data.redis.repository.configuration.EnableRedisRepositories' (OnClassCondition)

   RepositoryRestMvcAutoConfiguration:
      Did not match:
         - @ConditionalOnClass did not find required class 'org.springframework.data.rest.webmvc.config.RepositoryRestMvcConfiguration' (OnClassCondition)

   Saml2RelyingPartyAutoConfiguration:
      Did not match:
         - @ConditionalOnClass did not find required class 'org.springframework.security.saml2.provider.service.registration.RelyingPartyRegistrationRepository' (OnClassCondition)

   SecurityDataConfiguration:
      Did not match:
         - @ConditionalOnClass did not find required class 'org.springframework.security.data.repository.query.SecurityEvaluationContextExtension' (OnClassCondition)

   SendGridAutoConfiguration:
      Did not match:
         - @ConditionalOnClass did not find required class 'com.sendgrid.SendGrid' (OnClassCondition)

   ServletWebServerFactoryAutoConfiguration.ForwardedHeaderFilterConfiguration:
      Did not match:
         - @ConditionalOnProperty (server.forward-headers-strategy=framework) did not find property 'server.forward-headers-strategy' (OnPropertyCondition)

   ServletWebServerFactoryConfiguration.EmbeddedJetty:
      Did not match:
         - @ConditionalOnClass did not find required classes 'org.eclipse.jetty.server.Server', 'org.eclipse.jetty.util.Loader', 'org.eclipse.jetty.webapp.WebAppContext' (OnClassCondition)

   ServletWebServerFactoryConfiguration.EmbeddedUndertow:
      Did not match:
         - @ConditionalOnClass did not find required classes 'io.undertow.Undertow', 'org.xnio.SslClientAuthMode' (OnClassCondition)

   SessionAutoConfiguration:
      Did not match:
         - @ConditionalOnClass did not find required class 'org.springframework.session.Session' (OnClassCondition)

   SpringApplicationAdminJmxAutoConfiguration:
      Did not match:
         - @ConditionalOnProperty (spring.application.admin.enabled=true) did not find property 'enabled' (OnPropertyCondition)

   SpringBootWebSecurityConfiguration.SecurityFilterChainConfiguration:
      Did not match:
         - AllNestedConditions 1 matched 1 did not; NestedCondition on DefaultWebSecurityCondition.Beans @ConditionalOnMissingBean (types: org.springframework.security.web.SecurityFilterChain; SearchStrategy: all) found beans of type 'org.springframework.security.web.SecurityFilterChain' applicationSecurity; NestedCondition on DefaultWebSecurityCondition.Classes @ConditionalOnClass found required classes 'org.springframework.security.web.SecurityFilterChain', 'org.springframework.security.config.annotation.web.builders.HttpSecurity' (DefaultWebSecurityCondition)

   SpringBootWebSecurityConfiguration.WebSecurityEnablerConfiguration:
      Did not match:
         - @ConditionalOnMissingBean (names: springSecurityFilterChain; SearchStrategy: all) found beans named springSecurityFilterChain (OnBeanCondition)
      Matched:
         - @ConditionalOnClass found required class 'org.springframework.security.config.annotation.web.configuration.EnableWebSecurity' (OnClassCondition)

   SpringDataWebAutoConfiguration:
      Did not match:
         - @ConditionalOnClass did not find required class 'org.springframework.data.web.PageableHandlerMethodArgumentResolver' (OnClassCondition)

   TaskSchedulingAutoConfiguration#scheduledBeanLazyInitializationExcludeFilter:
      Did not match:
         - @ConditionalOnBean (names: org.springframework.context.annotation.internalScheduledAnnotationProcessor; SearchStrategy: all) did not find any beans named org.springframework.context.annotation.internalScheduledAnnotationProcessor (OnBeanCondition)

   TaskSchedulingAutoConfiguration#taskScheduler:
      Did not match:
         - @ConditionalOnBean (names: org.springframework.context.annotation.internalScheduledAnnotationProcessor; SearchStrategy: all) did not find any beans named org.springframework.context.annotation.internalScheduledAnnotationProcessor (OnBeanCondition)

   ThymeleafAutoConfiguration:
      Did not match:
         - @ConditionalOnClass did not find required class 'org.thymeleaf.spring6.SpringTemplateEngine' (OnClassCondition)

   TransactionAutoConfiguration:
      Did not match:
         - @ConditionalOnClass did not find required class 'org.springframework.transaction.PlatformTransactionManager' (OnClassCondition)

   UserDetailsServiceAutoConfiguration:
      Did not match:
         - @ConditionalOnMissingBean (types: org.springframework.security.authentication.AuthenticationManager,org.springframework.security.authentication.AuthenticationProvider,org.springframework.security.core.userdetails.UserDetailsService,org.springframework.security.authentication.AuthenticationManagerResolver,org.springframework.security.oauth2.jwt.JwtDecoder,org.springframework.security.oauth2.server.resource.introspection.OpaqueTokenIntrospector,org.springframework.security.oauth2.client.registration.ClientRegistrationRepository,org.springframework.security.saml2.provider.service.registration.RelyingPartyRegistrationRepository; SearchStrategy: all) found beans of type 'org.springframework.security.authentication.AuthenticationManager' authenticationManager and found beans of type 'org.springframework.security.core.userdetails.UserDetailsService' customUserDetailService (OnBeanCondition)
      Matched:
         - @ConditionalOnClass found required class 'org.springframework.security.authentication.AuthenticationManager' (OnClassCondition)

   ValidationAutoConfiguration:
      Did not match:
         - @ConditionalOnClass did not find required class 'jakarta.validation.executable.ExecutableValidator' (OnClassCondition)

   WebClientAutoConfiguration:
      Did not match:
         - @ConditionalOnClass did not find required class 'org.springframework.web.reactive.function.client.WebClient' (OnClassCondition)

   WebFluxAutoConfiguration:
      Did not match:
         - @ConditionalOnClass did not find required class 'org.springframework.web.reactive.config.WebFluxConfigurer' (OnClassCondition)

   WebMvcAutoConfiguration#hiddenHttpMethodFilter:
      Did not match:
         - @ConditionalOnProperty (spring.mvc.hiddenmethod.filter.enabled) did not find property 'enabled' (OnPropertyCondition)

   WebMvcAutoConfiguration.ProblemDetailsErrorHandlingConfiguration:
      Did not match:
         - @ConditionalOnProperty (spring.mvc.problemdetails.enabled=true) did not find property 'enabled' (OnPropertyCondition)

   WebMvcAutoConfiguration.ResourceChainCustomizerConfiguration:
      Did not match:
         - @ConditionalOnEnabledResourceChain did not find class org.webjars.WebJarAssetLocator (OnEnabledResourceChainCondition)

   WebMvcAutoConfiguration.WebMvcAutoConfigurationAdapter#beanNameViewResolver:
      Did not match:
         - @ConditionalOnMissingBean (types: org.springframework.web.servlet.view.BeanNameViewResolver; SearchStrategy: all) found beans of type 'org.springframework.web.servlet.view.BeanNameViewResolver' beanNameViewResolver (OnBeanCondition)

   WebServiceTemplateAutoConfiguration:
      Did not match:
         - @ConditionalOnClass did not find required class 'org.springframework.oxm.Marshaller' (OnClassCondition)

   WebServicesAutoConfiguration:
      Did not match:
         - @ConditionalOnClass did not find required class 'org.springframework.ws.transport.http.MessageDispatcherServlet' (OnClassCondition)

   WebSessionIdResolverAutoConfiguration:
      Did not match:
         - @ConditionalOnClass did not find required class 'reactor.core.publisher.Mono' (OnClassCondition)

   WebSocketMessagingAutoConfiguration:
      Did not match:
         - @ConditionalOnClass did not find required class 'org.springframework.web.socket.config.annotation.WebSocketMessageBrokerConfigurer' (OnClassCondition)

   WebSocketReactiveAutoConfiguration:
      Did not match:
         - @ConditionalOnWebApplication did not find reactive web application classes (OnWebApplicationCondition)

   WebSocketServletAutoConfiguration.JettyWebSocketConfiguration:
      Did not match:
         - @ConditionalOnClass did not find required class 'org.eclipse.jetty.websocket.jakarta.server.config.JakartaWebSocketServletContainerInitializer' (OnClassCondition)

   WebSocketServletAutoConfiguration.UndertowWebSocketConfiguration:
      Did not match:
         - @ConditionalOnClass did not find required class 'io.undertow.websockets.jsr.Bootstrap' (OnClassCondition)

   WebTestClientAutoConfiguration:
      Did not match:
         - @ConditionalOnClass did not find required class 'org.springframework.web.reactive.function.client.WebClient' (OnClassCondition)

   XADataSourceAutoConfiguration:
      Did not match:
         - @ConditionalOnClass did not find required class 'jakarta.transaction.TransactionManager' (OnClassCondition)


Exclusions:
-----------

    None


Unconditional classes:
----------------------

    org.springframework.boot.autoconfigure.context.ConfigurationPropertiesAutoConfiguration

    org.springframework.boot.autoconfigure.ssl.SslAutoConfiguration

    org.springframework.boot.autoconfigure.context.LifecycleAutoConfiguration

    org.springframework.boot.autoconfigure.context.PropertyPlaceholderAutoConfiguration

    org.springframework.boot.autoconfigure.availability.ApplicationAvailabilityAutoConfiguration

    org.springframework.boot.autoconfigure.info.ProjectInfoAutoConfiguration



2025-05-26T15:08:42.850+05:30  INFO 36441 --- [           main] c.r.l.controller.HelloControllerTest     : Started HelloControllerTest in 0.622 seconds (process running for 3.974)
2025-05-26T15:08:42.851+05:30 DEBUG 36441 --- [           main] o.s.b.a.ApplicationAvailabilityBean      : Application availability state LivenessState changed to CORRECT
2025-05-26T15:08:42.851+05:30 DEBUG 36441 --- [           main] o.s.b.a.ApplicationAvailabilityBean      : Application availability state ReadinessState changed to ACCEPTING_TRAFFIC
2025-05-26T15:08:42.851+05:30 DEBUG 36441 --- [           main] org.springframework.test.context.cache   : Spring test ApplicationContext cache statistics: [DefaultContextCache@307e4c44 size = 2, maxSize = 32, parentContextCount = 0, hitCount = 13, missCount = 2]
2025-05-26T15:08:42.852+05:30 DEBUG 36441 --- [           main] org.springframework.test.context.cache   : Spring test ApplicationContext cache statistics: [DefaultContextCache@307e4c44 size = 2, maxSize = 32, parentContextCount = 0, hitCount = 14, missCount = 2]
2025-05-26T15:08:42.854+05:30 DEBUG 36441 --- [           main] tractDirtiesContextTestExecutionListener : Before test method: class [HelloControllerTest], method [simpleUser_shouldNotSeeAdmin], class annotated with @DirtiesContext [false] with mode [null], method annotated with @DirtiesContext [false] with mode [null]
2025-05-26T15:08:42.854+05:30 DEBUG 36441 --- [           main] org.springframework.test.context.cache   : Spring test ApplicationContext cache statistics: [DefaultContextCache@307e4c44 size = 2, maxSize = 32, parentContextCount = 0, hitCount = 15, missCount = 2]
2025-05-26T15:08:42.854+05:30 DEBUG 36441 --- [           main] org.springframework.test.context.cache   : Spring test ApplicationContext cache statistics: [DefaultContextCache@307e4c44 size = 2, maxSize = 32, parentContextCount = 0, hitCount = 16, missCount = 2]
2025-05-26T15:08:42.856+05:30 DEBUG 36441 --- [           main] org.springframework.test.context.cache   : Spring test ApplicationContext cache statistics: [DefaultContextCache@307e4c44 size = 2, maxSize = 32, parentContextCount = 0, hitCount = 17, missCount = 2]
2025-05-26T15:08:42.858+05:30 DEBUG 36441 --- [           main] org.springframework.test.context.cache   : Spring test ApplicationContext cache statistics: [DefaultContextCache@307e4c44 size = 2, maxSize = 32, parentContextCount = 0, hitCount = 18, missCount = 2]
2025-05-26T15:08:42.861+05:30 DEBUG 36441 --- [           main] org.springframework.test.context.cache   : Spring test ApplicationContext cache statistics: [DefaultContextCache@307e4c44 size = 2, maxSize = 32, parentContextCount = 0, hitCount = 19, missCount = 2]
2025-05-26T15:08:42.867+05:30 DEBUG 36441 --- [           main] o.s.test.util.ReflectionTestUtils        : Invoking method 'getFilters' on target object [FilterChainProxy[Filter Chains: [DefaultSecurityFilterChain [RequestMatcher=Or [Mvc [pattern='/**']], Filters=[org.springframework.security.web.session.DisableEncodeUrlFilter@3514ac7d, org.springframework.security.web.context.request.async.WebAsyncManagerIntegrationFilter@79c4f23b, org.springframework.security.web.context.SecurityContextHolderFilter@35454c7a, org.springframework.security.web.header.HeaderWriterFilter@67c0c90b, org.springframework.security.web.authentication.logout.LogoutFilter@2b9d4b0, codes.rytis.logindemo.security.JwtAuthenticationFilter@3a4f8e8a, org.springframework.security.web.savedrequest.RequestCacheAwareFilter@50f3ba6a, org.springframework.security.web.servletapi.SecurityContextHolderAwareRequestFilter@319aa9ee, org.springframework.security.web.authentication.AnonymousAuthenticationFilter@160c7c42, org.springframework.security.web.session.SessionManagementFilter@8549c5f, org.springframework.security.web.access.ExceptionTranslationFilter@1a0ffb9b, org.springframework.security.web.access.intercept.AuthorizationFilter@2be50bba]]]]] or target class [null] with arguments {org.springframework.mock.web.MockHttpServletRequest@7a7f9d45}
2025-05-26T15:08:42.875+05:30 DEBUG 36441 --- [           main] s.w.s.m.m.a.RequestMappingHandlerMapping : Mapped to codes.rytis.logindemo.controller.HelloController#admin(UserPrincipal)
2025-05-26T15:08:42.876+05:30 DEBUG 36441 --- [           main] o.s.test.util.ReflectionTestUtils        : Invoking method 'getFilters' on target object [FilterChainProxy[Filter Chains: [DefaultSecurityFilterChain [RequestMatcher=Or [Mvc [pattern='/**']], Filters=[org.springframework.security.web.session.DisableEncodeUrlFilter@3514ac7d, org.springframework.security.web.context.request.async.WebAsyncManagerIntegrationFilter@79c4f23b, org.springframework.security.web.context.SecurityContextHolderFilter@35454c7a, org.springframework.security.web.header.HeaderWriterFilter@67c0c90b, org.springframework.security.web.authentication.logout.LogoutFilter@2b9d4b0, codes.rytis.logindemo.security.JwtAuthenticationFilter@3a4f8e8a, org.springframework.security.web.savedrequest.RequestCacheAwareFilter@50f3ba6a, org.springframework.security.web.servletapi.SecurityContextHolderAwareRequestFilter@319aa9ee, org.springframework.security.web.authentication.AnonymousAuthenticationFilter@160c7c42, org.springframework.security.web.session.SessionManagementFilter@8549c5f, org.springframework.security.web.access.ExceptionTranslationFilter@1a0ffb9b, org.springframework.security.web.access.intercept.AuthorizationFilter@2be50bba]]]]] or target class [null] with arguments {org.springframework.mock.web.MockHttpServletRequest@7a7f9d45}
2025-05-26T15:08:42.876+05:30 DEBUG 36441 --- [           main] s.w.s.m.m.a.RequestMappingHandlerMapping : Mapped to codes.rytis.logindemo.controller.HelloController#admin(UserPrincipal)
2025-05-26T15:08:42.877+05:30 DEBUG 36441 --- [           main] o.s.test.util.ReflectionTestUtils        : Getting field 'securityContextRepository' from target object [org.springframework.security.web.context.SecurityContextHolderFilter@35454c7a] or target class [class org.springframework.security.web.context.SecurityContextHolderFilter]
2025-05-26T15:08:42.877+05:30 DEBUG 36441 --- [           main] o.s.test.util.ReflectionTestUtils        : Invoking method 'getFilters' on target object [FilterChainProxy[Filter Chains: [DefaultSecurityFilterChain [RequestMatcher=Or [Mvc [pattern='/**']], Filters=[org.springframework.security.web.session.DisableEncodeUrlFilter@3514ac7d, org.springframework.security.web.context.request.async.WebAsyncManagerIntegrationFilter@79c4f23b, org.springframework.security.web.context.SecurityContextHolderFilter@35454c7a, org.springframework.security.web.header.HeaderWriterFilter@67c0c90b, org.springframework.security.web.authentication.logout.LogoutFilter@2b9d4b0, codes.rytis.logindemo.security.JwtAuthenticationFilter@3a4f8e8a, org.springframework.security.web.savedrequest.RequestCacheAwareFilter@50f3ba6a, org.springframework.security.web.servletapi.SecurityContextHolderAwareRequestFilter@319aa9ee, org.springframework.security.web.authentication.AnonymousAuthenticationFilter@160c7c42, org.springframework.security.web.session.SessionManagementFilter@8549c5f, org.springframework.security.web.access.ExceptionTranslationFilter@1a0ffb9b, org.springframework.security.web.access.intercept.AuthorizationFilter@2be50bba]]]]] or target class [null] with arguments {org.springframework.mock.web.MockHttpServletRequest@7a7f9d45}
2025-05-26T15:08:42.878+05:30 DEBUG 36441 --- [           main] s.w.s.m.m.a.RequestMappingHandlerMapping : Mapped to codes.rytis.logindemo.controller.HelloController#admin(UserPrincipal)
2025-05-26T15:08:42.878+05:30 DEBUG 36441 --- [           main] o.s.test.util.ReflectionTestUtils        : Invoking method 'getFilters' on target object [FilterChainProxy[Filter Chains: [DefaultSecurityFilterChain [RequestMatcher=Or [Mvc [pattern='/**']], Filters=[org.springframework.security.web.session.DisableEncodeUrlFilter@3514ac7d, org.springframework.security.web.context.request.async.WebAsyncManagerIntegrationFilter@79c4f23b, org.springframework.security.web.context.SecurityContextHolderFilter@35454c7a, org.springframework.security.web.header.HeaderWriterFilter@67c0c90b, org.springframework.security.web.authentication.logout.LogoutFilter@2b9d4b0, codes.rytis.logindemo.security.JwtAuthenticationFilter@3a4f8e8a, org.springframework.security.web.savedrequest.RequestCacheAwareFilter@50f3ba6a, org.springframework.security.web.servletapi.SecurityContextHolderAwareRequestFilter@319aa9ee, org.springframework.security.web.authentication.AnonymousAuthenticationFilter@160c7c42, org.springframework.security.web.session.SessionManagementFilter@8549c5f, org.springframework.security.web.access.ExceptionTranslationFilter@1a0ffb9b, org.springframework.security.web.access.intercept.AuthorizationFilter@2be50bba]]]]] or target class [null] with arguments {org.springframework.mock.web.MockHttpServletRequest@7a7f9d45}
2025-05-26T15:08:42.878+05:30 DEBUG 36441 --- [           main] s.w.s.m.m.a.RequestMappingHandlerMapping : Mapped to codes.rytis.logindemo.controller.HelloController#admin(UserPrincipal)
2025-05-26T15:08:42.878+05:30 DEBUG 36441 --- [           main] o.s.test.util.ReflectionTestUtils        : Setting field 'securityContextRepository' of type [null] on target object [org.springframework.security.web.context.SecurityContextHolderFilter@35454c7a] or target class [class org.springframework.security.web.context.SecurityContextHolderFilter] to value [org.springframework.security.test.web.servlet.request.SecurityMockMvcRequestPostProcessors$SecurityContextRequestPostProcessorSupport$TestSecurityContextRepository@57b33c29]
2025-05-26T15:08:42.881+05:30 DEBUG 36441 --- [           main] s.w.s.m.m.a.RequestMappingHandlerMapping : Mapped to codes.rytis.logindemo.controller.HelloController#admin(UserPrincipal)
2025-05-26T15:08:42.882+05:30 DEBUG 36441 --- [           main] o.s.security.web.FilterChainProxy        : Securing GET /admin
2025-05-26T15:08:42.887+05:30 DEBUG 36441 --- [           main] s.w.s.m.m.a.RequestMappingHandlerMapping : Mapped to codes.rytis.logindemo.controller.HelloController#admin(UserPrincipal)
2025-05-26T15:08:42.887+05:30 DEBUG 36441 --- [           main] s.w.s.m.m.a.RequestMappingHandlerMapping : Mapped to codes.rytis.logindemo.controller.HelloController#admin(UserPrincipal)
2025-05-26T15:08:42.888+05:30 DEBUG 36441 --- [           main] s.w.s.m.m.a.RequestMappingHandlerMapping : Mapped to codes.rytis.logindemo.controller.HelloController#admin(UserPrincipal)
2025-05-26T15:08:42.888+05:30 DEBUG 36441 --- [           main] s.w.s.m.m.a.RequestMappingHandlerMapping : Mapped to codes.rytis.logindemo.controller.HelloController#admin(UserPrincipal)
2025-05-26T15:08:42.888+05:30 DEBUG 36441 --- [           main] o.s.s.w.access.AccessDeniedHandlerImpl   : Responding with 403 status code
2025-05-26T15:08:42.897+05:30 DEBUG 36441 --- [           main] org.springframework.test.context.cache   : Spring test ApplicationContext cache statistics: [DefaultContextCache@307e4c44 size = 2, maxSize = 32, parentContextCount = 0, hitCount = 20, missCount = 2]
2025-05-26T15:08:42.898+05:30 DEBUG 36441 --- [           main] org.springframework.test.context.cache   : Spring test ApplicationContext cache statistics: [DefaultContextCache@307e4c44 size = 2, maxSize = 32, parentContextCount = 0, hitCount = 21, missCount = 2]
2025-05-26T15:08:42.898+05:30 DEBUG 36441 --- [           main] org.springframework.test.context.cache   : Spring test ApplicationContext cache statistics: [DefaultContextCache@307e4c44 size = 2, maxSize = 32, parentContextCount = 0, hitCount = 22, missCount = 2]
2025-05-26T15:08:42.898+05:30 DEBUG 36441 --- [           main] org.springframework.test.context.cache   : Spring test ApplicationContext cache statistics: [DefaultContextCache@307e4c44 size = 2, maxSize = 32, parentContextCount = 0, hitCount = 23, missCount = 2]
2025-05-26T15:08:42.898+05:30 DEBUG 36441 --- [           main] org.springframework.test.context.cache   : Spring test ApplicationContext cache statistics: [DefaultContextCache@307e4c44 size = 2, maxSize = 32, parentContextCount = 0, hitCount = 24, missCount = 2]
2025-05-26T15:08:42.899+05:30 DEBUG 36441 --- [           main] org.springframework.test.context.cache   : Spring test ApplicationContext cache statistics: [DefaultContextCache@307e4c44 size = 2, maxSize = 32, parentContextCount = 0, hitCount = 25, missCount = 2]
2025-05-26T15:08:42.899+05:30 DEBUG 36441 --- [           main] org.springframework.test.context.cache   : Spring test ApplicationContext cache statistics: [DefaultContextCache@307e4c44 size = 2, maxSize = 32, parentContextCount = 0, hitCount = 26, missCount = 2]
2025-05-26T15:08:42.899+05:30 DEBUG 36441 --- [           main] tractDirtiesContextTestExecutionListener : After test method: class [HelloControllerTest], method [simpleUser_shouldNotSeeAdmin], class annotated with @DirtiesContext [false] with mode [null], method annotated with @DirtiesContext [false] with mode [null]
]]></system-out>
  </testcase>
  <testcase name="adminUser_shouldSeeAdminEndpoint" classname="codes.rytis.logindemo.controller.HelloControllerTest" time="0.031">
    <system-out><![CDATA[2025-05-26T15:08:42.899+05:30 DEBUG 36441 --- [           main] DependencyInjectionTestExecutionListener : Performing dependency injection for test class codes.rytis.logindemo.controller.HelloControllerTest
2025-05-26T15:08:42.899+05:30 DEBUG 36441 --- [           main] org.springframework.test.context.cache   : Spring test ApplicationContext cache statistics: [DefaultContextCache@307e4c44 size = 2, maxSize = 32, parentContextCount = 0, hitCount = 27, missCount = 2]
2025-05-26T15:08:42.899+05:30 DEBUG 36441 --- [           main] org.springframework.test.context.cache   : Spring test ApplicationContext cache statistics: [DefaultContextCache@307e4c44 size = 2, maxSize = 32, parentContextCount = 0, hitCount = 28, missCount = 2]
2025-05-26T15:08:42.900+05:30 DEBUG 36441 --- [           main] tractDirtiesContextTestExecutionListener : Before test method: class [HelloControllerTest], method [adminUser_shouldSeeAdminEndpoint], class annotated with @DirtiesContext [false] with mode [null], method annotated with @DirtiesContext [false] with mode [null]
2025-05-26T15:08:42.900+05:30 DEBUG 36441 --- [           main] org.springframework.test.context.cache   : Spring test ApplicationContext cache statistics: [DefaultContextCache@307e4c44 size = 2, maxSize = 32, parentContextCount = 0, hitCount = 29, missCount = 2]
2025-05-26T15:08:42.900+05:30 DEBUG 36441 --- [           main] org.springframework.test.context.cache   : Spring test ApplicationContext cache statistics: [DefaultContextCache@307e4c44 size = 2, maxSize = 32, parentContextCount = 0, hitCount = 30, missCount = 2]
2025-05-26T15:08:42.900+05:30 DEBUG 36441 --- [           main] org.springframework.test.context.cache   : Spring test ApplicationContext cache statistics: [DefaultContextCache@307e4c44 size = 2, maxSize = 32, parentContextCount = 0, hitCount = 31, missCount = 2]
2025-05-26T15:08:42.901+05:30 DEBUG 36441 --- [           main] org.springframework.test.context.cache   : Spring test ApplicationContext cache statistics: [DefaultContextCache@307e4c44 size = 2, maxSize = 32, parentContextCount = 0, hitCount = 32, missCount = 2]
2025-05-26T15:08:42.901+05:30 DEBUG 36441 --- [           main] org.springframework.test.context.cache   : Spring test ApplicationContext cache statistics: [DefaultContextCache@307e4c44 size = 2, maxSize = 32, parentContextCount = 0, hitCount = 33, missCount = 2]
2025-05-26T15:08:42.901+05:30 DEBUG 36441 --- [           main] o.s.test.util.ReflectionTestUtils        : Invoking method 'getFilters' on target object [FilterChainProxy[Filter Chains: [DefaultSecurityFilterChain [RequestMatcher=Or [Mvc [pattern='/**']], Filters=[org.springframework.security.web.session.DisableEncodeUrlFilter@3514ac7d, org.springframework.security.web.context.request.async.WebAsyncManagerIntegrationFilter@79c4f23b, org.springframework.security.web.context.SecurityContextHolderFilter@35454c7a, org.springframework.security.web.header.HeaderWriterFilter@67c0c90b, org.springframework.security.web.authentication.logout.LogoutFilter@2b9d4b0, codes.rytis.logindemo.security.JwtAuthenticationFilter@3a4f8e8a, org.springframework.security.web.savedrequest.RequestCacheAwareFilter@50f3ba6a, org.springframework.security.web.servletapi.SecurityContextHolderAwareRequestFilter@319aa9ee, org.springframework.security.web.authentication.AnonymousAuthenticationFilter@160c7c42, org.springframework.security.web.session.SessionManagementFilter@8549c5f, org.springframework.security.web.access.ExceptionTranslationFilter@1a0ffb9b, org.springframework.security.web.access.intercept.AuthorizationFilter@2be50bba]]]]] or target class [null] with arguments {org.springframework.mock.web.MockHttpServletRequest@459e120b}
2025-05-26T15:08:42.902+05:30 DEBUG 36441 --- [           main] s.w.s.m.m.a.RequestMappingHandlerMapping : Mapped to codes.rytis.logindemo.controller.HelloController#admin(UserPrincipal)
2025-05-26T15:08:42.902+05:30 DEBUG 36441 --- [           main] o.s.test.util.ReflectionTestUtils        : Invoking method 'getFilters' on target object [FilterChainProxy[Filter Chains: [DefaultSecurityFilterChain [RequestMatcher=Or [Mvc [pattern='/**']], Filters=[org.springframework.security.web.session.DisableEncodeUrlFilter@3514ac7d, org.springframework.security.web.context.request.async.WebAsyncManagerIntegrationFilter@79c4f23b, org.springframework.security.web.context.SecurityContextHolderFilter@35454c7a, org.springframework.security.web.header.HeaderWriterFilter@67c0c90b, org.springframework.security.web.authentication.logout.LogoutFilter@2b9d4b0, codes.rytis.logindemo.security.JwtAuthenticationFilter@3a4f8e8a, org.springframework.security.web.savedrequest.RequestCacheAwareFilter@50f3ba6a, org.springframework.security.web.servletapi.SecurityContextHolderAwareRequestFilter@319aa9ee, org.springframework.security.web.authentication.AnonymousAuthenticationFilter@160c7c42, org.springframework.security.web.session.SessionManagementFilter@8549c5f, org.springframework.security.web.access.ExceptionTranslationFilter@1a0ffb9b, org.springframework.security.web.access.intercept.AuthorizationFilter@2be50bba]]]]] or target class [null] with arguments {org.springframework.mock.web.MockHttpServletRequest@459e120b}
2025-05-26T15:08:42.902+05:30 DEBUG 36441 --- [           main] s.w.s.m.m.a.RequestMappingHandlerMapping : Mapped to codes.rytis.logindemo.controller.HelloController#admin(UserPrincipal)
2025-05-26T15:08:42.902+05:30 DEBUG 36441 --- [           main] o.s.test.util.ReflectionTestUtils        : Getting field 'securityContextRepository' from target object [org.springframework.security.web.context.SecurityContextHolderFilter@35454c7a] or target class [class org.springframework.security.web.context.SecurityContextHolderFilter]
2025-05-26T15:08:42.902+05:30 DEBUG 36441 --- [           main] s.w.s.m.m.a.RequestMappingHandlerMapping : Mapped to codes.rytis.logindemo.controller.HelloController#admin(UserPrincipal)
2025-05-26T15:08:42.902+05:30 DEBUG 36441 --- [           main] o.s.security.web.FilterChainProxy        : Securing GET /admin
2025-05-26T15:08:42.902+05:30 DEBUG 36441 --- [           main] s.w.s.m.m.a.RequestMappingHandlerMapping : Mapped to codes.rytis.logindemo.controller.HelloController#admin(UserPrincipal)
2025-05-26T15:08:42.903+05:30 DEBUG 36441 --- [           main] s.w.s.m.m.a.RequestMappingHandlerMapping : Mapped to codes.rytis.logindemo.controller.HelloController#admin(UserPrincipal)
2025-05-26T15:08:42.903+05:30 DEBUG 36441 --- [           main] s.w.s.m.m.a.RequestMappingHandlerMapping : Mapped to codes.rytis.logindemo.controller.HelloController#admin(UserPrincipal)
2025-05-26T15:08:42.903+05:30 DEBUG 36441 --- [           main] s.w.s.m.m.a.RequestMappingHandlerMapping : Mapped to codes.rytis.logindemo.controller.HelloController#admin(UserPrincipal)
2025-05-26T15:08:42.903+05:30 DEBUG 36441 --- [           main] o.s.security.web.FilterChainProxy        : Secured GET /admin
2025-05-26T15:08:42.905+05:30 DEBUG 36441 --- [           main] o.s.t.web.servlet.TestDispatcherServlet  : GET "/admin", parameters={}
2025-05-26T15:08:42.906+05:30 DEBUG 36441 --- [           main] s.w.s.m.m.a.RequestMappingHandlerMapping : Mapped to codes.rytis.logindemo.controller.HelloController#admin(UserPrincipal)
2025-05-26T15:08:42.920+05:30 DEBUG 36441 --- [           main] m.m.a.RequestResponseBodyMethodProcessor : Using 'text/plain', given [*/*] and supported [text/plain, */*, application/json, application/*+json]
2025-05-26T15:08:42.920+05:30 DEBUG 36441 --- [           main] m.m.a.RequestResponseBodyMethodProcessor : Writing ["If you see this, you are an admin. Your ID: 1"]
2025-05-26T15:08:42.922+05:30 DEBUG 36441 --- [           main] o.s.t.web.servlet.TestDispatcherServlet  : Completed 200 OK
2025-05-26T15:08:42.930+05:30 DEBUG 36441 --- [           main] org.springframework.test.context.cache   : Spring test ApplicationContext cache statistics: [DefaultContextCache@307e4c44 size = 2, maxSize = 32, parentContextCount = 0, hitCount = 34, missCount = 2]
2025-05-26T15:08:42.930+05:30 DEBUG 36441 --- [           main] org.springframework.test.context.cache   : Spring test ApplicationContext cache statistics: [DefaultContextCache@307e4c44 size = 2, maxSize = 32, parentContextCount = 0, hitCount = 35, missCount = 2]
2025-05-26T15:08:42.930+05:30 DEBUG 36441 --- [           main] org.springframework.test.context.cache   : Spring test ApplicationContext cache statistics: [DefaultContextCache@307e4c44 size = 2, maxSize = 32, parentContextCount = 0, hitCount = 36, missCount = 2]
2025-05-26T15:08:42.930+05:30 DEBUG 36441 --- [           main] org.springframework.test.context.cache   : Spring test ApplicationContext cache statistics: [DefaultContextCache@307e4c44 size = 2, maxSize = 32, parentContextCount = 0, hitCount = 37, missCount = 2]
2025-05-26T15:08:42.931+05:30 DEBUG 36441 --- [           main] org.springframework.test.context.cache   : Spring test ApplicationContext cache statistics: [DefaultContextCache@307e4c44 size = 2, maxSize = 32, parentContextCount = 0, hitCount = 38, missCount = 2]
2025-05-26T15:08:42.931+05:30 DEBUG 36441 --- [           main] org.springframework.test.context.cache   : Spring test ApplicationContext cache statistics: [DefaultContextCache@307e4c44 size = 2, maxSize = 32, parentContextCount = 0, hitCount = 39, missCount = 2]
2025-05-26T15:08:42.931+05:30 DEBUG 36441 --- [           main] org.springframework.test.context.cache   : Spring test ApplicationContext cache statistics: [DefaultContextCache@307e4c44 size = 2, maxSize = 32, parentContextCount = 0, hitCount = 40, missCount = 2]
2025-05-26T15:08:42.931+05:30 DEBUG 36441 --- [           main] tractDirtiesContextTestExecutionListener : After test method: class [HelloControllerTest], method [adminUser_shouldSeeAdminEndpoint], class annotated with @DirtiesContext [false] with mode [null], method annotated with @DirtiesContext [false] with mode [null]
]]></system-out>
  </testcase>
  <testcase name="anyoneCanViewPublicEndpoint" classname="codes.rytis.logindemo.controller.HelloControllerTest" time="0.005">
    <system-out><![CDATA[2025-05-26T15:08:42.932+05:30 DEBUG 36441 --- [           main] DependencyInjectionTestExecutionListener : Performing dependency injection for test class codes.rytis.logindemo.controller.HelloControllerTest
2025-05-26T15:08:42.932+05:30 DEBUG 36441 --- [           main] org.springframework.test.context.cache   : Spring test ApplicationContext cache statistics: [DefaultContextCache@307e4c44 size = 2, maxSize = 32, parentContextCount = 0, hitCount = 41, missCount = 2]
2025-05-26T15:08:42.932+05:30 DEBUG 36441 --- [           main] org.springframework.test.context.cache   : Spring test ApplicationContext cache statistics: [DefaultContextCache@307e4c44 size = 2, maxSize = 32, parentContextCount = 0, hitCount = 42, missCount = 2]
2025-05-26T15:08:42.932+05:30 DEBUG 36441 --- [           main] tractDirtiesContextTestExecutionListener : Before test method: class [HelloControllerTest], method [anyoneCanViewPublicEndpoint], class annotated with @DirtiesContext [false] with mode [null], method annotated with @DirtiesContext [false] with mode [null]
2025-05-26T15:08:42.932+05:30 DEBUG 36441 --- [           main] org.springframework.test.context.cache   : Spring test ApplicationContext cache statistics: [DefaultContextCache@307e4c44 size = 2, maxSize = 32, parentContextCount = 0, hitCount = 43, missCount = 2]
2025-05-26T15:08:42.933+05:30 DEBUG 36441 --- [           main] org.springframework.test.context.cache   : Spring test ApplicationContext cache statistics: [DefaultContextCache@307e4c44 size = 2, maxSize = 32, parentContextCount = 0, hitCount = 44, missCount = 2]
2025-05-26T15:08:42.933+05:30 DEBUG 36441 --- [           main] org.springframework.test.context.cache   : Spring test ApplicationContext cache statistics: [DefaultContextCache@307e4c44 size = 2, maxSize = 32, parentContextCount = 0, hitCount = 45, missCount = 2]
2025-05-26T15:08:42.934+05:30 DEBUG 36441 --- [           main] s.w.s.m.m.a.RequestMappingHandlerMapping : Mapped to codes.rytis.logindemo.controller.HelloController#publicEndpoint()
2025-05-26T15:08:42.934+05:30 DEBUG 36441 --- [           main] o.s.security.web.FilterChainProxy        : Securing GET /public
2025-05-26T15:08:42.934+05:30 DEBUG 36441 --- [           main] o.s.s.w.a.AnonymousAuthenticationFilter  : Set SecurityContextHolder to anonymous SecurityContext
2025-05-26T15:08:42.934+05:30 DEBUG 36441 --- [           main] s.w.s.m.m.a.RequestMappingHandlerMapping : Mapped to codes.rytis.logindemo.controller.HelloController#publicEndpoint()
2025-05-26T15:08:42.935+05:30 DEBUG 36441 --- [           main] s.w.s.m.m.a.RequestMappingHandlerMapping : Mapped to codes.rytis.logindemo.controller.HelloController#publicEndpoint()
2025-05-26T15:08:42.935+05:30 DEBUG 36441 --- [           main] o.s.security.web.FilterChainProxy        : Secured GET /public
2025-05-26T15:08:42.935+05:30 DEBUG 36441 --- [           main] o.s.t.web.servlet.TestDispatcherServlet  : GET "/public", parameters={}
2025-05-26T15:08:42.935+05:30 DEBUG 36441 --- [           main] s.w.s.m.m.a.RequestMappingHandlerMapping : Mapped to codes.rytis.logindemo.controller.HelloController#publicEndpoint()
2025-05-26T15:08:42.935+05:30 DEBUG 36441 --- [           main] m.m.a.RequestResponseBodyMethodProcessor : Using 'text/plain', given [*/*] and supported [text/plain, */*, application/json, application/*+json]
2025-05-26T15:08:42.935+05:30 DEBUG 36441 --- [           main] m.m.a.RequestResponseBodyMethodProcessor : Writing ["Everyone can see this"]
2025-05-26T15:08:42.936+05:30 DEBUG 36441 --- [           main] o.s.t.web.servlet.TestDispatcherServlet  : Completed 200 OK
2025-05-26T15:08:42.936+05:30 DEBUG 36441 --- [           main] org.springframework.test.context.cache   : Spring test ApplicationContext cache statistics: [DefaultContextCache@307e4c44 size = 2, maxSize = 32, parentContextCount = 0, hitCount = 46, missCount = 2]
2025-05-26T15:08:42.936+05:30 DEBUG 36441 --- [           main] org.springframework.test.context.cache   : Spring test ApplicationContext cache statistics: [DefaultContextCache@307e4c44 size = 2, maxSize = 32, parentContextCount = 0, hitCount = 47, missCount = 2]
2025-05-26T15:08:42.936+05:30 DEBUG 36441 --- [           main] org.springframework.test.context.cache   : Spring test ApplicationContext cache statistics: [DefaultContextCache@307e4c44 size = 2, maxSize = 32, parentContextCount = 0, hitCount = 48, missCount = 2]
2025-05-26T15:08:42.936+05:30 DEBUG 36441 --- [           main] org.springframework.test.context.cache   : Spring test ApplicationContext cache statistics: [DefaultContextCache@307e4c44 size = 2, maxSize = 32, parentContextCount = 0, hitCount = 49, missCount = 2]
2025-05-26T15:08:42.936+05:30 DEBUG 36441 --- [           main] org.springframework.test.context.cache   : Spring test ApplicationContext cache statistics: [DefaultContextCache@307e4c44 size = 2, maxSize = 32, parentContextCount = 0, hitCount = 50, missCount = 2]
2025-05-26T15:08:42.937+05:30 DEBUG 36441 --- [           main] org.springframework.test.context.cache   : Spring test ApplicationContext cache statistics: [DefaultContextCache@307e4c44 size = 2, maxSize = 32, parentContextCount = 0, hitCount = 51, missCount = 2]
2025-05-26T15:08:42.937+05:30 DEBUG 36441 --- [           main] org.springframework.test.context.cache   : Spring test ApplicationContext cache statistics: [DefaultContextCache@307e4c44 size = 2, maxSize = 32, parentContextCount = 0, hitCount = 52, missCount = 2]
2025-05-26T15:08:42.937+05:30 DEBUG 36441 --- [           main] tractDirtiesContextTestExecutionListener : After test method: class [HelloControllerTest], method [anyoneCanViewPublicEndpoint], class annotated with @DirtiesContext [false] with mode [null], method annotated with @DirtiesContext [false] with mode [null]
]]></system-out>
  </testcase>
  <testcase name="notLoggedIn_shouldNotSeeSecuredEndpoint" classname="codes.rytis.logindemo.controller.HelloControllerTest" time="0.003">
    <system-out><![CDATA[2025-05-26T15:08:42.937+05:30 DEBUG 36441 --- [           main] DependencyInjectionTestExecutionListener : Performing dependency injection for test class codes.rytis.logindemo.controller.HelloControllerTest
2025-05-26T15:08:42.937+05:30 DEBUG 36441 --- [           main] org.springframework.test.context.cache   : Spring test ApplicationContext cache statistics: [DefaultContextCache@307e4c44 size = 2, maxSize = 32, parentContextCount = 0, hitCount = 53, missCount = 2]
2025-05-26T15:08:42.938+05:30 DEBUG 36441 --- [           main] org.springframework.test.context.cache   : Spring test ApplicationContext cache statistics: [DefaultContextCache@307e4c44 size = 2, maxSize = 32, parentContextCount = 0, hitCount = 54, missCount = 2]
2025-05-26T15:08:42.938+05:30 DEBUG 36441 --- [           main] tractDirtiesContextTestExecutionListener : Before test method: class [HelloControllerTest], method [notLoggedIn_shouldNotSeeSecuredEndpoint], class annotated with @DirtiesContext [false] with mode [null], method annotated with @DirtiesContext [false] with mode [null]
2025-05-26T15:08:42.938+05:30 DEBUG 36441 --- [           main] org.springframework.test.context.cache   : Spring test ApplicationContext cache statistics: [DefaultContextCache@307e4c44 size = 2, maxSize = 32, parentContextCount = 0, hitCount = 55, missCount = 2]
2025-05-26T15:08:42.938+05:30 DEBUG 36441 --- [           main] org.springframework.test.context.cache   : Spring test ApplicationContext cache statistics: [DefaultContextCache@307e4c44 size = 2, maxSize = 32, parentContextCount = 0, hitCount = 56, missCount = 2]
2025-05-26T15:08:42.939+05:30 DEBUG 36441 --- [           main] org.springframework.test.context.cache   : Spring test ApplicationContext cache statistics: [DefaultContextCache@307e4c44 size = 2, maxSize = 32, parentContextCount = 0, hitCount = 57, missCount = 2]
2025-05-26T15:08:42.939+05:30 DEBUG 36441 --- [           main] s.w.s.m.m.a.RequestMappingHandlerMapping : Mapped to codes.rytis.logindemo.controller.HelloController#secured(UserPrincipal)
2025-05-26T15:08:42.939+05:30 DEBUG 36441 --- [           main] o.s.security.web.FilterChainProxy        : Securing GET /secured
2025-05-26T15:08:42.940+05:30 DEBUG 36441 --- [           main] o.s.s.w.a.AnonymousAuthenticationFilter  : Set SecurityContextHolder to anonymous SecurityContext
2025-05-26T15:08:42.940+05:30 DEBUG 36441 --- [           main] s.w.s.m.m.a.RequestMappingHandlerMapping : Mapped to codes.rytis.logindemo.controller.HelloController#secured(UserPrincipal)
2025-05-26T15:08:42.940+05:30 DEBUG 36441 --- [           main] s.w.s.m.m.a.RequestMappingHandlerMapping : Mapped to codes.rytis.logindemo.controller.HelloController#secured(UserPrincipal)
2025-05-26T15:08:42.940+05:30 DEBUG 36441 --- [           main] s.w.s.m.m.a.RequestMappingHandlerMapping : Mapped to codes.rytis.logindemo.controller.HelloController#secured(UserPrincipal)
2025-05-26T15:08:42.940+05:30 DEBUG 36441 --- [           main] s.w.s.m.m.a.RequestMappingHandlerMapping : Mapped to codes.rytis.logindemo.controller.HelloController#secured(UserPrincipal)
2025-05-26T15:08:42.941+05:30 DEBUG 36441 --- [           main] org.springframework.test.context.cache   : Spring test ApplicationContext cache statistics: [DefaultContextCache@307e4c44 size = 2, maxSize = 32, parentContextCount = 0, hitCount = 58, missCount = 2]
2025-05-26T15:08:42.941+05:30 DEBUG 36441 --- [           main] org.springframework.test.context.cache   : Spring test ApplicationContext cache statistics: [DefaultContextCache@307e4c44 size = 2, maxSize = 32, parentContextCount = 0, hitCount = 59, missCount = 2]
2025-05-26T15:08:42.941+05:30 DEBUG 36441 --- [           main] org.springframework.test.context.cache   : Spring test ApplicationContext cache statistics: [DefaultContextCache@307e4c44 size = 2, maxSize = 32, parentContextCount = 0, hitCount = 60, missCount = 2]
2025-05-26T15:08:42.941+05:30 DEBUG 36441 --- [           main] org.springframework.test.context.cache   : Spring test ApplicationContext cache statistics: [DefaultContextCache@307e4c44 size = 2, maxSize = 32, parentContextCount = 0, hitCount = 61, missCount = 2]
2025-05-26T15:08:42.941+05:30 DEBUG 36441 --- [           main] org.springframework.test.context.cache   : Spring test ApplicationContext cache statistics: [DefaultContextCache@307e4c44 size = 2, maxSize = 32, parentContextCount = 0, hitCount = 62, missCount = 2]
2025-05-26T15:08:42.941+05:30 DEBUG 36441 --- [           main] org.springframework.test.context.cache   : Spring test ApplicationContext cache statistics: [DefaultContextCache@307e4c44 size = 2, maxSize = 32, parentContextCount = 0, hitCount = 63, missCount = 2]
2025-05-26T15:08:42.941+05:30 DEBUG 36441 --- [           main] org.springframework.test.context.cache   : Spring test ApplicationContext cache statistics: [DefaultContextCache@307e4c44 size = 2, maxSize = 32, parentContextCount = 0, hitCount = 64, missCount = 2]
2025-05-26T15:08:42.941+05:30 DEBUG 36441 --- [           main] tractDirtiesContextTestExecutionListener : After test method: class [HelloControllerTest], method [notLoggedIn_shouldNotSeeSecuredEndpoint], class annotated with @DirtiesContext [false] with mode [null], method annotated with @DirtiesContext [false] with mode [null]
]]></system-out>
  </testcase>
  <testcase name="notLoggedIn_shouldNotSeeAdmin" classname="codes.rytis.logindemo.controller.HelloControllerTest" time="0.005">
    <system-out><![CDATA[2025-05-26T15:08:42.942+05:30 DEBUG 36441 --- [           main] DependencyInjectionTestExecutionListener : Performing dependency injection for test class codes.rytis.logindemo.controller.HelloControllerTest
2025-05-26T15:08:42.942+05:30 DEBUG 36441 --- [           main] org.springframework.test.context.cache   : Spring test ApplicationContext cache statistics: [DefaultContextCache@307e4c44 size = 2, maxSize = 32, parentContextCount = 0, hitCount = 65, missCount = 2]
2025-05-26T15:08:42.942+05:30 DEBUG 36441 --- [           main] org.springframework.test.context.cache   : Spring test ApplicationContext cache statistics: [DefaultContextCache@307e4c44 size = 2, maxSize = 32, parentContextCount = 0, hitCount = 66, missCount = 2]
2025-05-26T15:08:42.942+05:30 DEBUG 36441 --- [           main] tractDirtiesContextTestExecutionListener : Before test method: class [HelloControllerTest], method [notLoggedIn_shouldNotSeeAdmin], class annotated with @DirtiesContext [false] with mode [null], method annotated with @DirtiesContext [false] with mode [null]
2025-05-26T15:08:42.942+05:30 DEBUG 36441 --- [           main] org.springframework.test.context.cache   : Spring test ApplicationContext cache statistics: [DefaultContextCache@307e4c44 size = 2, maxSize = 32, parentContextCount = 0, hitCount = 67, missCount = 2]
2025-05-26T15:08:42.943+05:30 DEBUG 36441 --- [           main] org.springframework.test.context.cache   : Spring test ApplicationContext cache statistics: [DefaultContextCache@307e4c44 size = 2, maxSize = 32, parentContextCount = 0, hitCount = 68, missCount = 2]
2025-05-26T15:08:42.943+05:30 DEBUG 36441 --- [           main] org.springframework.test.context.cache   : Spring test ApplicationContext cache statistics: [DefaultContextCache@307e4c44 size = 2, maxSize = 32, parentContextCount = 0, hitCount = 69, missCount = 2]
2025-05-26T15:08:42.944+05:30 DEBUG 36441 --- [           main] s.w.s.m.m.a.RequestMappingHandlerMapping : Mapped to codes.rytis.logindemo.controller.HelloController#admin(UserPrincipal)
2025-05-26T15:08:42.944+05:30 DEBUG 36441 --- [           main] o.s.security.web.FilterChainProxy        : Securing GET /admin
2025-05-26T15:08:42.944+05:30 DEBUG 36441 --- [           main] o.s.s.w.a.AnonymousAuthenticationFilter  : Set SecurityContextHolder to anonymous SecurityContext
2025-05-26T15:08:42.944+05:30 DEBUG 36441 --- [           main] s.w.s.m.m.a.RequestMappingHandlerMapping : Mapped to codes.rytis.logindemo.controller.HelloController#admin(UserPrincipal)
2025-05-26T15:08:42.945+05:30 DEBUG 36441 --- [           main] s.w.s.m.m.a.RequestMappingHandlerMapping : Mapped to codes.rytis.logindemo.controller.HelloController#admin(UserPrincipal)
2025-05-26T15:08:42.945+05:30 DEBUG 36441 --- [           main] s.w.s.m.m.a.RequestMappingHandlerMapping : Mapped to codes.rytis.logindemo.controller.HelloController#admin(UserPrincipal)
2025-05-26T15:08:42.945+05:30 DEBUG 36441 --- [           main] s.w.s.m.m.a.RequestMappingHandlerMapping : Mapped to codes.rytis.logindemo.controller.HelloController#admin(UserPrincipal)
2025-05-26T15:08:42.945+05:30 DEBUG 36441 --- [           main] org.springframework.test.context.cache   : Spring test ApplicationContext cache statistics: [DefaultContextCache@307e4c44 size = 2, maxSize = 32, parentContextCount = 0, hitCount = 70, missCount = 2]
2025-05-26T15:08:42.946+05:30 DEBUG 36441 --- [           main] org.springframework.test.context.cache   : Spring test ApplicationContext cache statistics: [DefaultContextCache@307e4c44 size = 2, maxSize = 32, parentContextCount = 0, hitCount = 71, missCount = 2]
2025-05-26T15:08:42.946+05:30 DEBUG 36441 --- [           main] org.springframework.test.context.cache   : Spring test ApplicationContext cache statistics: [DefaultContextCache@307e4c44 size = 2, maxSize = 32, parentContextCount = 0, hitCount = 72, missCount = 2]
2025-05-26T15:08:42.946+05:30 DEBUG 36441 --- [           main] org.springframework.test.context.cache   : Spring test ApplicationContext cache statistics: [DefaultContextCache@307e4c44 size = 2, maxSize = 32, parentContextCount = 0, hitCount = 73, missCount = 2]
2025-05-26T15:08:42.946+05:30 DEBUG 36441 --- [           main] org.springframework.test.context.cache   : Spring test ApplicationContext cache statistics: [DefaultContextCache@307e4c44 size = 2, maxSize = 32, parentContextCount = 0, hitCount = 74, missCount = 2]
2025-05-26T15:08:42.946+05:30 DEBUG 36441 --- [           main] org.springframework.test.context.cache   : Spring test ApplicationContext cache statistics: [DefaultContextCache@307e4c44 size = 2, maxSize = 32, parentContextCount = 0, hitCount = 75, missCount = 2]
2025-05-26T15:08:42.946+05:30 DEBUG 36441 --- [           main] org.springframework.test.context.cache   : Spring test ApplicationContext cache statistics: [DefaultContextCache@307e4c44 size = 2, maxSize = 32, parentContextCount = 0, hitCount = 76, missCount = 2]
2025-05-26T15:08:42.946+05:30 DEBUG 36441 --- [           main] tractDirtiesContextTestExecutionListener : After test method: class [HelloControllerTest], method [notLoggedIn_shouldNotSeeAdmin], class annotated with @DirtiesContext [false] with mode [null], method annotated with @DirtiesContext [false] with mode [null]
]]></system-out>
  </testcase>
  <testcase name="loggedIn_shouldSeeSecuredEndpoint" classname="codes.rytis.logindemo.controller.HelloControllerTest" time="0.006">
    <system-out><![CDATA[2025-05-26T15:08:42.947+05:30 DEBUG 36441 --- [           main] DependencyInjectionTestExecutionListener : Performing dependency injection for test class codes.rytis.logindemo.controller.HelloControllerTest
2025-05-26T15:08:42.947+05:30 DEBUG 36441 --- [           main] org.springframework.test.context.cache   : Spring test ApplicationContext cache statistics: [DefaultContextCache@307e4c44 size = 2, maxSize = 32, parentContextCount = 0, hitCount = 77, missCount = 2]
2025-05-26T15:08:42.947+05:30 DEBUG 36441 --- [           main] org.springframework.test.context.cache   : Spring test ApplicationContext cache statistics: [DefaultContextCache@307e4c44 size = 2, maxSize = 32, parentContextCount = 0, hitCount = 78, missCount = 2]
2025-05-26T15:08:42.948+05:30 DEBUG 36441 --- [           main] tractDirtiesContextTestExecutionListener : Before test method: class [HelloControllerTest], method [loggedIn_shouldSeeSecuredEndpoint], class annotated with @DirtiesContext [false] with mode [null], method annotated with @DirtiesContext [false] with mode [null]
2025-05-26T15:08:42.948+05:30 DEBUG 36441 --- [           main] org.springframework.test.context.cache   : Spring test ApplicationContext cache statistics: [DefaultContextCache@307e4c44 size = 2, maxSize = 32, parentContextCount = 0, hitCount = 79, missCount = 2]
2025-05-26T15:08:42.948+05:30 DEBUG 36441 --- [           main] org.springframework.test.context.cache   : Spring test ApplicationContext cache statistics: [DefaultContextCache@307e4c44 size = 2, maxSize = 32, parentContextCount = 0, hitCount = 80, missCount = 2]
2025-05-26T15:08:42.948+05:30 DEBUG 36441 --- [           main] org.springframework.test.context.cache   : Spring test ApplicationContext cache statistics: [DefaultContextCache@307e4c44 size = 2, maxSize = 32, parentContextCount = 0, hitCount = 81, missCount = 2]
2025-05-26T15:08:42.948+05:30 DEBUG 36441 --- [           main] org.springframework.test.context.cache   : Spring test ApplicationContext cache statistics: [DefaultContextCache@307e4c44 size = 2, maxSize = 32, parentContextCount = 0, hitCount = 82, missCount = 2]
2025-05-26T15:08:42.949+05:30 DEBUG 36441 --- [           main] org.springframework.test.context.cache   : Spring test ApplicationContext cache statistics: [DefaultContextCache@307e4c44 size = 2, maxSize = 32, parentContextCount = 0, hitCount = 83, missCount = 2]
2025-05-26T15:08:42.949+05:30 DEBUG 36441 --- [           main] o.s.test.util.ReflectionTestUtils        : Invoking method 'getFilters' on target object [FilterChainProxy[Filter Chains: [DefaultSecurityFilterChain [RequestMatcher=Or [Mvc [pattern='/**']], Filters=[org.springframework.security.web.session.DisableEncodeUrlFilter@3514ac7d, org.springframework.security.web.context.request.async.WebAsyncManagerIntegrationFilter@79c4f23b, org.springframework.security.web.context.SecurityContextHolderFilter@35454c7a, org.springframework.security.web.header.HeaderWriterFilter@67c0c90b, org.springframework.security.web.authentication.logout.LogoutFilter@2b9d4b0, codes.rytis.logindemo.security.JwtAuthenticationFilter@3a4f8e8a, org.springframework.security.web.savedrequest.RequestCacheAwareFilter@50f3ba6a, org.springframework.security.web.servletapi.SecurityContextHolderAwareRequestFilter@319aa9ee, org.springframework.security.web.authentication.AnonymousAuthenticationFilter@160c7c42, org.springframework.security.web.session.SessionManagementFilter@8549c5f, org.springframework.security.web.access.ExceptionTranslationFilter@1a0ffb9b, org.springframework.security.web.access.intercept.AuthorizationFilter@2be50bba]]]]] or target class [null] with arguments {org.springframework.mock.web.MockHttpServletRequest@3c89b864}
2025-05-26T15:08:42.950+05:30 DEBUG 36441 --- [           main] s.w.s.m.m.a.RequestMappingHandlerMapping : Mapped to codes.rytis.logindemo.controller.HelloController#secured(UserPrincipal)
2025-05-26T15:08:42.950+05:30 DEBUG 36441 --- [           main] o.s.test.util.ReflectionTestUtils        : Invoking method 'getFilters' on target object [FilterChainProxy[Filter Chains: [DefaultSecurityFilterChain [RequestMatcher=Or [Mvc [pattern='/**']], Filters=[org.springframework.security.web.session.DisableEncodeUrlFilter@3514ac7d, org.springframework.security.web.context.request.async.WebAsyncManagerIntegrationFilter@79c4f23b, org.springframework.security.web.context.SecurityContextHolderFilter@35454c7a, org.springframework.security.web.header.HeaderWriterFilter@67c0c90b, org.springframework.security.web.authentication.logout.LogoutFilter@2b9d4b0, codes.rytis.logindemo.security.JwtAuthenticationFilter@3a4f8e8a, org.springframework.security.web.savedrequest.RequestCacheAwareFilter@50f3ba6a, org.springframework.security.web.servletapi.SecurityContextHolderAwareRequestFilter@319aa9ee, org.springframework.security.web.authentication.AnonymousAuthenticationFilter@160c7c42, org.springframework.security.web.session.SessionManagementFilter@8549c5f, org.springframework.security.web.access.ExceptionTranslationFilter@1a0ffb9b, org.springframework.security.web.access.intercept.AuthorizationFilter@2be50bba]]]]] or target class [null] with arguments {org.springframework.mock.web.MockHttpServletRequest@3c89b864}
2025-05-26T15:08:42.950+05:30 DEBUG 36441 --- [           main] s.w.s.m.m.a.RequestMappingHandlerMapping : Mapped to codes.rytis.logindemo.controller.HelloController#secured(UserPrincipal)
2025-05-26T15:08:42.950+05:30 DEBUG 36441 --- [           main] o.s.test.util.ReflectionTestUtils        : Getting field 'securityContextRepository' from target object [org.springframework.security.web.context.SecurityContextHolderFilter@35454c7a] or target class [class org.springframework.security.web.context.SecurityContextHolderFilter]
2025-05-26T15:08:42.950+05:30 DEBUG 36441 --- [           main] s.w.s.m.m.a.RequestMappingHandlerMapping : Mapped to codes.rytis.logindemo.controller.HelloController#secured(UserPrincipal)
2025-05-26T15:08:42.950+05:30 DEBUG 36441 --- [           main] o.s.security.web.FilterChainProxy        : Securing GET /secured
2025-05-26T15:08:42.950+05:30 DEBUG 36441 --- [           main] s.w.s.m.m.a.RequestMappingHandlerMapping : Mapped to codes.rytis.logindemo.controller.HelloController#secured(UserPrincipal)
2025-05-26T15:08:42.950+05:30 DEBUG 36441 --- [           main] s.w.s.m.m.a.RequestMappingHandlerMapping : Mapped to codes.rytis.logindemo.controller.HelloController#secured(UserPrincipal)
2025-05-26T15:08:42.951+05:30 DEBUG 36441 --- [           main] s.w.s.m.m.a.RequestMappingHandlerMapping : Mapped to codes.rytis.logindemo.controller.HelloController#secured(UserPrincipal)
2025-05-26T15:08:42.951+05:30 DEBUG 36441 --- [           main] s.w.s.m.m.a.RequestMappingHandlerMapping : Mapped to codes.rytis.logindemo.controller.HelloController#secured(UserPrincipal)
2025-05-26T15:08:42.951+05:30 DEBUG 36441 --- [           main] o.s.security.web.FilterChainProxy        : Secured GET /secured
2025-05-26T15:08:42.951+05:30 DEBUG 36441 --- [           main] o.s.t.web.servlet.TestDispatcherServlet  : GET "/secured", parameters={}
2025-05-26T15:08:42.951+05:30 DEBUG 36441 --- [           main] s.w.s.m.m.a.RequestMappingHandlerMapping : Mapped to codes.rytis.logindemo.controller.HelloController#secured(UserPrincipal)
2025-05-26T15:08:42.952+05:30 DEBUG 36441 --- [           main] m.m.a.RequestResponseBodyMethodProcessor : Using 'text/plain', given [*/*] and supported [text/plain, */*, application/json, application/*+json]
2025-05-26T15:08:42.952+05:30 DEBUG 36441 --- [           main] m.m.a.RequestResponseBodyMethodProcessor : Writing ["This can only be seen by a logged in user. Your Email is: test@test.com your ID: 1"]
2025-05-26T15:08:42.952+05:30 DEBUG 36441 --- [           main] o.s.t.web.servlet.TestDispatcherServlet  : Completed 200 OK
2025-05-26T15:08:42.953+05:30 DEBUG 36441 --- [           main] org.springframework.test.context.cache   : Spring test ApplicationContext cache statistics: [DefaultContextCache@307e4c44 size = 2, maxSize = 32, parentContextCount = 0, hitCount = 84, missCount = 2]
2025-05-26T15:08:42.953+05:30 DEBUG 36441 --- [           main] org.springframework.test.context.cache   : Spring test ApplicationContext cache statistics: [DefaultContextCache@307e4c44 size = 2, maxSize = 32, parentContextCount = 0, hitCount = 85, missCount = 2]
2025-05-26T15:08:42.953+05:30 DEBUG 36441 --- [           main] org.springframework.test.context.cache   : Spring test ApplicationContext cache statistics: [DefaultContextCache@307e4c44 size = 2, maxSize = 32, parentContextCount = 0, hitCount = 86, missCount = 2]
2025-05-26T15:08:42.953+05:30 DEBUG 36441 --- [           main] org.springframework.test.context.cache   : Spring test ApplicationContext cache statistics: [DefaultContextCache@307e4c44 size = 2, maxSize = 32, parentContextCount = 0, hitCount = 87, missCount = 2]
2025-05-26T15:08:42.953+05:30 DEBUG 36441 --- [           main] org.springframework.test.context.cache   : Spring test ApplicationContext cache statistics: [DefaultContextCache@307e4c44 size = 2, maxSize = 32, parentContextCount = 0, hitCount = 88, missCount = 2]
2025-05-26T15:08:42.954+05:30 DEBUG 36441 --- [           main] org.springframework.test.context.cache   : Spring test ApplicationContext cache statistics: [DefaultContextCache@307e4c44 size = 2, maxSize = 32, parentContextCount = 0, hitCount = 89, missCount = 2]
2025-05-26T15:08:42.954+05:30 DEBUG 36441 --- [           main] org.springframework.test.context.cache   : Spring test ApplicationContext cache statistics: [DefaultContextCache@307e4c44 size = 2, maxSize = 32, parentContextCount = 0, hitCount = 90, missCount = 2]
2025-05-26T15:08:42.954+05:30 DEBUG 36441 --- [           main] tractDirtiesContextTestExecutionListener : After test method: class [HelloControllerTest], method [loggedIn_shouldSeeSecuredEndpoint], class annotated with @DirtiesContext [false] with mode [null], method annotated with @DirtiesContext [false] with mode [null]
]]></system-out>
  </testcase>
</testsuite>